=== 桜スポット品種深掘り検索 v2 ===
Loading varieties...
  806 varieties, 2240 keywords
Loading spots...
  1433 spots
  Already processed: 0
  Targets: 1424

[1/1424] 円山公園の桜(北海道) (3品種)
  → +7: エゾヤマザクラ, ヤマザクラ, ヨシノ, 丸山, 染井吉野

[2/1424] 旭山記念公園の桜 (2品種)
  → +5: ヤマザクラ, 十月桜, 磨桜, 豆桜, 御殿場桜

[3/1424] 中島公園の桜 (1品種)
  → +10: 牡丹, ヤマザクラ, 河津桜, 磨桜, 彼岸桜

[4/1424] 新川さくら並木の桜 (3品種)
  → +6: 彼岸桜, 牡丹, ヨシノ, 御衣黄, 河津桜

[5/1424] モエレ沼公園サクラの森の桜 (2品種)
  → +7: 彼岸桜, 牡丹, ヨシノ, 染井吉野, 御衣黄

[6/1424] 北海道立真駒内公園の桜 (2品種)
  → +4: ヨシノ, 染井吉野, 牡丹, 磨桜

[7/1424] 五稜郭公園の桜 (2品種)
  → +9: 牡丹, 河津桜, 磨桜, 彼岸桜, 枝垂桜

[8/1424] 函館公園の桜 (2品種)
  → +7: エゾヤマザクラ, 関山, 普賢象, ヤマザクラ, ヨシノ

[9/1424] 小樽公園の桜 (1品種)
  → +9: 牡丹, 河津桜, クラマ, 彼岸桜, 枝垂桜

[10/1424] 旭山公園の桜 (5品種)
  → +12: 牡丹, 鬱金, アメリカ, 磨桜, 御殿場桜

[11/1424] うらかわ千本桜　優駿さくらロード (1品種)
  → +9: 牡丹, ヤマザクラ, 河津桜, 磨桜, 彼岸桜

[12/1424] 二十間道路桜並木の桜 (4品種)
  → +4: はるか, 深山桜, 染井吉野, 磨桜

[13/1424] 三春滝桜 (7品種)
  → 変化なし

[14/1424] 千鳥ヶ淵緑道の桜 (7品種)
  → +4: クラマ, 牡丹, 磨桜, ヨシノ

[15/1424] 目黒川の桜 (4品種)
  → +2: ヨシノ, 河津桜

[16/1424] 吉野山(上千本)の桜 (3品種)
  → +8: 牡丹, 河津桜, 磨桜, 彼岸桜, ヨシノ

[17/1424] 上野恩賜公園の桜 (21品種)
  → +6: 牡丹, 大寒桜, 枝垂桜, ヨシノ, 磨桜

[18/1424] 大阪城公園の桜 (6品種)
  → +6: 大村桜, 牡丹, ヨシノ, 御衣黄, 磨桜

[19/1424] 高遠城址公園の桜 (6品種)
  → +9: 牡丹, アメリカ, 河津桜, 彼岸桜, 枝垂桜

[20/1424] 柴田町船岡城址公園の桜 (5品種)
  → +7: カンヒザクラ, 彼岸桜, 牡丹, 北の桜, ヨシノ
  [保存中... 20件処理済み]

[21/1424] 角館武家屋敷通りの桜 (4品種)
  → +1: ヨシノ

[22/1424] 醍醐桜 (1品種)
  → +4: ヨシノ, 染井吉野, 牡丹, 東彼岸

[23/1424] 春採公園の桜 (5品種)
  → +8: 彼岸桜, 牡丹, 上溝桜, ヨシノ, 染井吉野

[24/1424] 帯広市緑ケ丘公園の桜 (3品種)
  → +8: 牡丹, ヨシノ, 河津桜, 彼岸桜, 枝垂桜

[25/1424] 天都山桜公園の桜 (2品種)
  → +405: 肥後吉野, 芝山, 雛菊桜（菊枝垂の別種）, 蒲桜, 八重紅虎の尾

[26/1424] 苫小牧市緑ヶ丘公園の桜 (2品種)
  → +8: 牡丹, 磨桜, 河津桜, 彼岸桜, ヨシノ

[27/1424] 美唄市東明公園の桜 (4品種)
  → +9: 牡丹, 磨桜, クラマ, 河津桜, 彼岸桜

[28/1424] 芦別市旭ケ丘公園の桜 (1品種)
  → +7: 彼岸桜, 牡丹, ヨシノ, 染井吉野, 御衣黄

[29/1424] 弥生公園の桜 (1品種)
  → +7: 彼岸桜, 牡丹, ヨシノ, 染井吉野, 御衣黄

[30/1424] 清隆寺の桜 (1品種)
  → +11: エゾヤマザクラ, 牡丹, ヤマザクラ, オオヤマザクラ, 磨桜

[31/1424] 登別桜並木の桜 (2品種)
  → +10: 牡丹, ヤマザクラ, 河津桜, クラマ, 磨桜

[32/1424] 有珠善光寺自然公園の桜 (2品種)
  → +11: エゾヤマザクラ, 牡丹, ヤマザクラ, ヨシノ, 河津桜

[33/1424] 松前藩戸切地(へきりち)陣屋跡桜並木トンネル (3品種)
  → +13: 堀井緋桜, 牡丹, 河津桜, 青葉, クラマ

[34/1424] 清川千本桜 (1品種)
  → +8: 彼岸桜, 牡丹, 枝垂桜, ヨシノ, 染井吉野

[35/1424] 光善寺(血脈桜)の桜 (6品種)
  → +1: クラマ

[36/1424] 青葉ヶ丘公園の桜 (2品種)
  → +16: 堀井緋桜, 関山, ヤマザクラ, 磨桜, 森小町

[37/1424] オニウシ公園の桜 (2品種)
  → +12: 堀井緋桜, 牡丹, 磨桜, クラマ, 河津桜

[38/1424] さらんべ公園の桜 (2品種)
  → +10: 牡丹, ヤマザクラ, 河津桜, クラマ, 磨桜

[39/1424] 奈井江町にわ山森林自然公園の桜 (3品種)
  → +6: 彼岸桜, 牡丹, ヨシノ, 御衣黄, 河津桜

[40/1424] 栗山公園の桜 (2品種)
  → +7: 彼岸桜, 牡丹, ヨシノ, 染井吉野, 御衣黄
  [保存中... 40件処理済み]

[41/1424] 北竜町金比羅公園の桜 (1品種)
  → +7: 彼岸桜, 牡丹, ヨシノ, 染井吉野, 御衣黄

[42/1424] パレットヒルズの桜 (2品種)
  → +7: 彼岸桜, 牡丹, ヨシノ, 染井吉野, 御衣黄

[43/1424] 洞爺湖畔の桜 (2品種)
  → +6: 彼岸桜, 牡丹, ヨシノ, 御衣黄, 河津桜

[44/1424] 安平町鹿公園の桜 (1品種)
  → +7: 彼岸桜, 牡丹, ヨシノ, 染井吉野, 御衣黄

[45/1424] 神楽岡公園の桜 (2品種)
  → +7: 彼岸桜, 牡丹, ヨシノ, 染井吉野, 御衣黄

[46/1424] えりも町庶野さくら公園の桜 (1品種)
  → +12: エゾヤマザクラ, 牡丹, ヤマザクラ, 河津桜, 磨桜

[47/1424] 別保公園の桜 (1品種)
  → +11: 牡丹, 釧路八重, ヤマザクラ, オオヤマザクラ, 河津桜

[48/1424] 合浦公園の桜 (2品種)
  → +5: ヨシノ, 北の桜, 枝垂桜, クラマ, 染井吉野

[49/1424] 三八城公園の桜 (1品種)
  → +10: 牡丹, 北の桜, ヨシノ, 河津桜, 彼岸桜

[50/1424] 八戸公園の桜 (2品種)
  → +8: 牡丹, 北の桜, 河津桜, 彼岸桜, ヨシノ

[51/1424] 東公園さくら山の桜 (2品種)
  → +8: 牡丹, クラマ, 北の桜, ヨシノ, 染井吉野

[52/1424] 県立芦野公園の桜 (2品種)
  → +8: 彼岸桜, 牡丹, 北の桜, ヨシノ, クラマ

[53/1424] 十和田市官庁街通り(駒街道)の桜 (4品種)
  → +4: クラマ, 染井吉野, ヨシノ, 枝垂桜

[54/1424] 猿賀公園の桜 (3品種)
  → +2: クラマ, ヨシノ

[55/1424] 愛宕公園の桜(青森県) (1品種)
  → +9: 牡丹, 北の桜, 帆立, 河津桜, 彼岸桜

[56/1424] いちょう公園の桜 (7品種)
  → +12: 紅山桜, 牡丹, ヤマザクラ, 北の桜, アメリカ

[57/1424] 日中線しだれ桜並木 (4品種)
  → +3: クラマ, 染井吉野, ヨシノ

[58/1424] 白石川堤一目千本桜 (6品種)
  → +2: ヨシノ, 牡丹

[59/1424] 鶴ヶ城公園の桜 (5品種)
  → +5: 彼岸桜, 小彼岸, 牡丹, ヨシノ, クラマ

[60/1424] 国史跡三戸城跡城山公園の桜 (2品種)
  → +9: 牡丹, 八重紅枝垂(佐野系）, 北の桜, 河津桜, 彼岸桜
  [保存中... 60件処理済み]

[61/1424] 盛岡城跡公園(岩手公園)の桜 (4品種)
  → 変化なし

[62/1424] 高松公園の桜 (7品種)
  → +4: クラマ, 磨桜, ヨシノ, ヤマザクラ

[63/1424] 石割桜 (3品種)
  → +2: 江戸彼岸桜, 彼岸桜

[64/1424] 米内浄水場の桜 (3品種)
  → +11: 牡丹, 北の桜, 染井吉野, 河津桜, 彼岸桜

[65/1424] 盛岡市動物公園ZOOMOの桜 (3品種)
  → 変化なし

[66/1424] 碁石海岸の桜 (4品種)
  → +7: 彼岸桜, 牡丹, 北の桜, ヨシノ, 御衣黄

[67/1424] 花巻温泉の桜 (1品種)
  → +3: ヨシノ, 吉祥寺, 染井吉野

[68/1424] 北上展勝地の桜 (7品種)
  → +7: 磨桜, 紅山桜, ヤマザクラ, ヨシノ, 東京桜

[69/1424] 遠野福泉寺の桜 (1品種)
  → +9: 牡丹, 北の桜, ヨシノ, 河津桜, 彼岸桜

[70/1424] 鍋倉公園の桜 (5品種)
  → +7: 彼岸桜, 牡丹, 北の桜, ヨシノ, 御衣黄

[71/1424] 厳美渓の桜 (4品種)
  → +9: 牡丹, 北の桜, ヨシノ, 河津桜, 彼岸桜

[72/1424] 室根山 蟻塚公園の桜 (1品種)
  → +9: 牡丹, 北の桜, ヨシノ, 河津桜, 彼岸桜

[73/1424] 舘山公園の桜 (1品種)
  → +10: 牡丹, 北の桜, 河津桜, クラマ, 彼岸桜

[74/1424] 釣山公園の桜 (3品種)
  → +8: 牡丹, 北の桜, ヨシノ, 河津桜, 枝垂桜

[75/1424] 唐丹町本郷の桜 (1品種)
  → +9: 牡丹, 北の桜, 河津桜, クラマ, 彼岸桜

[76/1424] 水沢公園の桜 (4品種)
  → +3: クラマ, 彼岸桜, ヨシノ

[77/1424] お物見公園の桜 (8品種)
  → +8: 牡丹, 北の桜, ヨシノ, 河津桜, 彼岸桜

[78/1424] 歴史公園えさし藤原の郷の桜 (2品種)
  → +8: 彼岸桜, 牡丹, 十二単, 北の桜, ヨシノ

[79/1424] 小岩井農場の桜 (3品種)
  → +3: クラマ, ヨシノ, 枝垂桜

[80/1424] 弘法桜 (2品種)
  → +1: 彼岸桜
  [保存中... 80件処理済み]

[81/1424] 雫石川園地の桜並木 (1品種)
  → +1: ヨシノ

[82/1424] 紫波城山公園の桜 (1品種)
  → +7: 彼岸桜, 牡丹, 北の桜, ヨシノ, 染井吉野

[83/1424] 西行桜の森 (5品種)
  → +10: カスミザクラ, 牡丹, 北の桜, 磨桜, 河津桜

[84/1424] 中尊寺の桜 (1品種)
  → +9: 牡丹, 北の桜, ヨシノ, 河津桜, 彼岸桜

[85/1424] 毛越寺の桜 (1品種)
  → +6: 牡丹, 枝垂桜, ヤマザクラ, ヨシノ, 手毬

[86/1424] 達谷窟毘沙門堂の桜 (3品種)
  → +8: 牡丹, 北の桜, 河津桜, 彼岸桜, ヨシノ

[87/1424] 平泉町内県道300号線の桜並木 (1品種)
  → 変化なし

[88/1424] 西公園の桜(宮城県) (1品種)
  → +8: 牡丹, 北の桜, 河津桜, 彼岸桜, ヨシノ

[89/1424] 青葉山公園(仙台城跡)の桜 (4品種)
  → +7: 彼岸桜, 牡丹, 北の桜, ヨシノ, 御衣黄

[90/1424] 仙台東照宮の桜 (1品種)
  → +8: 牡丹, 北の桜, 河津桜, 彼岸桜, ヨシノ

[91/1424] 錦町公園の桜 (2品種)
  → +7: 彼岸桜, 牡丹, 北の桜, ヨシノ, 御衣黄

[92/1424] 榴岡公園の桜 (1品種)
  → +5: 枝垂桜, ヨシノ, クラマ, 染井吉野, 河津桜

[93/1424] 三神峯公園の桜 (3品種)
  → +4: クラマ, 磨桜, ヨシノ, ヤマザクラ

[94/1424] 県立自然公園旭山の桜 (1品種)
  → +8: 牡丹, 北の桜, 河津桜, 彼岸桜, ヨシノ

[95/1424] 日和山公園の桜(宮城県) (2品種)
  → +8: 牡丹, 北の桜, 河津桜, 四季桜, ヨシノ

[96/1424] 牡鹿半島 金華山の桜 (2品種)
  → +8: 彼岸桜, 牡丹, 北の桜, ヨシノ, クラマ

[97/1424] 志波彦神社 鹽竈神社の桜 (5品種)
  → +5: 牡丹, 北の桜, ヨシノ, 染井吉野, 御衣黄

[98/1424] 白石城本丸広場の桜 (4品種)
  → +1: ヨシノ

[99/1424] 御本丸公園の桜(宮城県) (1品種)
  → +8: 牡丹, 北の桜, アメリカ, 河津桜, 彼岸桜

[100/1424] 国営みちのく杜の湖畔公園の桜(ソメイヨシノ) (2品種)
  → 変化なし
  [保存中... 100件処理済み]

[101/1424] 西行戻しの松公園の桜 (1品種)
  → +7: 彼岸桜, 牡丹, 北の桜, ヨシノ, 御衣黄

[102/1424] 大衡城跡公園の桜 (1品種)
  → 変化なし

[103/1424] 大衡中央公園の桜 (1品種)
  → +9: 牡丹, 北の桜, 河津桜, クラマ, 彼岸桜

[104/1424] 薬莱山の桜 (1品種)
  → +7: 彼岸桜, 牡丹, 北の桜, ヨシノ, 御衣黄

[105/1424] 城山公園の桜(宮城県) (1品種)
  → +8: 牡丹, 北の桜, 河津桜, 彼岸桜, ヨシノ

[106/1424] 千秋公園の桜 (6品種)
  → +1: ヨシノ

[107/1424] 能代公園の桜 (1品種)
  → +8: 牡丹, 北の桜, 河津桜, クラマ, 彼岸桜

[108/1424] きみまち阪県立自然公園の桜 (1品種)
  → +6: 枝垂桜, ヤマザクラ, ヨシノ, 染井吉野, 磨桜

[109/1424] 横手公園の桜 (1品種)
  → +9: 牡丹, 北の桜, 河津桜, クラマ, 彼岸桜

[110/1424] 真人公園の桜 (3品種)
  → +10: 牡丹, 北の桜, ヨシノ, 河津桜, 磨桜

[111/1424] 大館市ベニヤマ自然パークの桜 (2品種)
  → +9: 牡丹, 北の桜, ヨシノ, 河津桜, 彼岸桜

[112/1424] 前森公園の桜 (1品種)
  → +2: ヨシノ, 牡丹

[113/1424] 本荘公園の桜 (1品種)
  → +4: クラマ, 牡丹, ヨシノ, 枝垂桜

[114/1424] 八塩いこいの森の桜 (2品種)
  → +9: 牡丹, 北の桜, 河津桜, クラマ, 彼岸桜

[115/1424] かすみ温泉のかすみ桜 (1品種)
  → +18: カスミザクラ, 峰桜, 牡丹, ヤマザクラ, 北の桜

[116/1424] なかせん千本桜 (1品種)
  → +4: 神代曙, クラマ, ヨシノ, 枝垂桜

[117/1424] 鷹巣中央公園の桜 (1品種)
  → +3: さきがけ, ヨシノ, クラマ

[118/1424] 南極公園の桜 (1品種)
  → +7: 彼岸桜, 牡丹, 北の桜, ヨシノ, 御衣黄

[119/1424] 桧木内川堤の桜 (5品種)
  → +9: 牡丹, 北の桜, アメリカ, 河津桜, クラマ

[120/1424] 御所の台ふれあいパークの桜 (1品種)
  → +9: 牡丹, 北の桜, ヨシノ, 河津桜, 彼岸桜
  [保存中... 120件処理済み]

[121/1424] 日本国花苑の桜 (4品種)
  → +6: 牡丹, 普賢象, 須磨浦普賢象, ヨシノ, 御衣黄

[122/1424] 桜・菜の花ロードの桜 (4品種)
  → +10: 牡丹, 北の桜, 磨桜, クラマ, 河津桜

[123/1424] 馬見ヶ崎さくらラインの桜 (1品種)
  → 変化なし

[124/1424] 霞城公園の桜 (5品種)
  → +7: 彼岸桜, 牡丹, 北の桜, ヨシノ, 御衣黄

[125/1424] 松が岬公園の桜 (1品種)
  → +9: 牡丹, 北の桜, ヨシノ, 河津桜, 彼岸桜

[126/1424] 鶴岡公園の桜 (7品種)
  → +2: クラマ, ヨシノ

[127/1424] 大山公園の桜(山形県) (1品種)
  → +9: 牡丹, 北の桜, ヨシノ, 河津桜, 彼岸桜

[128/1424] あつみ温泉 温海川河畔の桜 (1品種)
  → +8: 牡丹, 北の桜, 河津桜, 彼岸桜, ヨシノ

[129/1424] 玉川寺の桜 (1品種)
  → +9: 牡丹, 北の桜, 河津桜, 彼岸桜, 枝垂桜

[130/1424] 最上公園の桜 (2品種)
  → +7: 彼岸桜, 牡丹, 北の桜, ヨシノ, 御衣黄

[131/1424] 寒河江公園の桜 (1品種)
  → +12: 牡丹, 北の桜, 磨桜, クラマ, 河津桜

[132/1424] 御幸公園の桜 (1品種)
  → +8: 牡丹, 北の桜, 河津桜, 彼岸桜, ヨシノ

[133/1424] 上山城･月岡公園の桜 (1品種)
  → +8: 牡丹, 北の桜, 河津桜, 彼岸桜, ヨシノ

[134/1424] 東沢バラ公園の桜 (1品種)
  → 変化なし

[135/1424] 伊佐沢の久保ザクラ (1品種)
  → +15: カスミザクラ, 峰桜, ヤマザクラ, オオヤマザクラ, 深山桜

[136/1424] 最上川堤防千本桜 (1品種)
  → 変化なし

[137/1424] 草岡の大明神ザクラ (1品種)
  → 変化なし

[138/1424] 天童公園(舞鶴山)の桜 (4品種)
  → +2: 紅華, 牡丹

[139/1424] 倉津川しだれ桜 (1品種)
  → +3: クラマ, アメリカ, 河津桜

[140/1424] 白水川堤防桜並木 (1品種)
  → +2: ヨシノ, 牡丹
  [保存中... 140件処理済み]

[141/1424] 堂ノ前公園の桜 (2品種)
  → +8: 牡丹, 北の桜, ヨシノ, 河津桜, 彼岸桜

[142/1424] 烏帽子山公園の桜 (4品種)
  → +7: 彼岸桜, 牡丹, 北の桜, ヨシノ, 御衣黄

[143/1424] 双松公園の桜 (2品種)
  → +8: 牡丹, 北の桜, 河津桜, 彼岸桜, ヨシノ

[144/1424] まほろばの緑道の桜 (2品種)
  → +9: 牡丹, 北の桜, ヨシノ, 河津桜, 彼岸桜

[145/1424] 薬師ザクラ (2品種)
  → +20: カスミザクラ, ヤマザクラ, 北の桜, 磨桜, 河津桜

[146/1424] 信夫山公園の桜 (3品種)
  → +5: 彼岸桜, 紅枝垂, 枝垂桜, ヨシノ, クラマ

[147/1424] 花見山の桜 (8品種)
  → +1: 牡丹

[148/1424] 石部桜 (2品種)
  → 変化なし

[149/1424] 開成山公園・開成山大神宮の桜 (1品種)
  → +9: 関山, 牡丹, ヤマザクラ, 磨桜, クラマ

[150/1424] 紅枝垂地蔵ザクラ (3品種)
  → +8: 牡丹, 北の桜, 河津桜, 彼岸桜, ヨシノ

[151/1424] 笹原川千本桜 (5品種)
  → 変化なし

[152/1424] 藤田川ふれあい桜 (1品種)
  → +4: クラマ, 紅枝垂, ヨシノ, 枝垂桜

[153/1424] 上石の不動ザクラ (1品種)
  → +2: 紅枝垂, 枝垂桜

[154/1424] 雪村桜 (1品種)
  → +11: 牡丹, 白山桜, 北の桜, 河津桜, 彼岸桜

[155/1424] 内出のサクラ (1品種)
  → +9: 牡丹, ウバヒガン, 北の桜, 河津桜, 彼岸桜

[156/1424] 松ヶ岡公園の桜 (2品種)
  → +3: クラマ, ヨシノ, 枝垂桜

[157/1424] 勿来の関公園・勿来関跡の桜 (1品種)
  → +9: 牡丹, 北の桜, 河津桜, クラマ, 彼岸桜

[158/1424] 平中央公園の桜 (1品種)
  → +10: 牡丹, 北の桜, ヨシノ, 河津桜, 彼岸桜

[159/1424] 南湖公園・楽翁桜 (1品種)
  → +10: 牡丹, 北の桜, ヨシノ, 河津桜, 彼岸桜

[160/1424] 妙関寺の乙姫桜 (2品種)
  → +9: 牡丹, 北の桜, 河津桜, 彼岸桜, 紅枝垂
  [保存中... 160件処理済み]

[161/1424] 庄司戻しの桜 (1品種)
  → +5: 枝垂桜, ヤマザクラ, ヨシノ, クラマ, 磨桜

[162/1424] 翠ヶ丘公園(須賀川)の桜 (1品種)
  → +10: 牡丹, 北の桜, 河津桜, クラマ, 盛岡しだれ

[163/1424] 釈迦堂川ふれあいロードの桜 (1品種)
  → +8: 牡丹, 北の桜, 河津桜, 彼岸桜, 枝垂桜

[164/1424] 中村城跡公園 馬陵公園の桜 (1品種)
  → +10: 牡丹, 北の桜, ヨシノ, 河津桜, 彼岸桜

[165/1424] 岳温泉の桜 (1品種)
  → +1: ヨシノ

[166/1424] 霞ヶ城公園の桜 (1品種)
  → +2: ヨシノ, 枝垂桜

[167/1424] 合戦場のしだれ桜 (1品種)
  → 変化なし

[168/1424] 愛蔵寺の護摩桜 (1品種)
  → +9: 牡丹, 北の桜, 河津桜, 彼岸桜, 吉祥寺

[169/1424] 円東寺の桜 (1品種)
  → +10: 牡丹, 北の桜, 糸桜, 河津桜, 彼岸桜

[170/1424] 中島の地蔵桜 (1品種)
  → +9: 牡丹, 北の桜, 河津桜, 彼岸桜, 紅枝垂

[171/1424] 永泉寺のサクラ (1品種)
  → +11: 芝山, 牡丹, 北の桜, 河津桜, 彼岸桜

[172/1424] 塩ノ崎の大桜 (1品種)
  → +6: 彼岸桜, 牡丹, ヤマザクラ, ヨシノ, 染井吉野

[173/1424] 花と歴史の郷 蛇の鼻の桜 (1品種)
  → +11: 牡丹, 北の桜, 河津桜, クラマ, 彼岸桜

[174/1424] 観月台公園の桜 (1品種)
  → +10: 牡丹, 北の桜, 河津桜, クラマ, 彼岸桜

[175/1424] 鳥見山公園の桜 (1品種)
  → +7: 彼岸桜, 牡丹, 北の桜, ヨシノ, 御衣黄

[176/1424] 磐椅神社 大鹿桜 (1品種)
  → +1: 虎の尾

[177/1424] 亀ヶ城跡の桜 (1品種)
  → +1: ヨシノ

[178/1424] 観音寺川の桜並木 (1品種)
  → +8: ヤマザクラ, 江戸彼岸桜, 磨桜, 彼岸桜, 枝垂桜

[179/1424] 猪苗代町営磐梯山牧場の桜 (1品種)
  → +9: 小彼岸, 牡丹, 高遠小彼岸桜, 北の桜, 河津桜

[180/1424] 昭和の森の桜 (1品種)
  → +1: ヨシノ
  [保存中... 180件処理済み]

[181/1424] 福満虚空藏菩薩 圓藏寺の桜 (1品種)
  → 変化なし

[182/1424] 宮川千本桜 (1品種)
  → +8: 牡丹, 北の桜, 河津桜, 彼岸桜, ヨシノ

[183/1424] 米沢の千歳桜 (1品種)
  → +8: 牡丹, 北の桜, 河津桜, 彼岸桜, ヨシノ

[184/1424] 昌建寺の桜 (1品種)
  → +9: 牡丹, 北の桜, 河津桜, クラマ, 彼岸桜

[185/1424] 矢祭山公園の桜 (1品種)
  → +9: 牡丹, 北の桜, 河津桜, クラマ, 彼岸桜

[186/1424] 戸津辺の桜 (1品種)
  → 変化なし

[187/1424] 久慈川河川敷の桜並木の桜 (1品種)
  → 変化なし

[188/1424] いしかわ桜谷 (1品種)
  → +7: 彼岸桜, 紅枝垂, 牡丹, 枝垂桜, ヨシノ

[189/1424] 高田桜 (1品種)
  → +8: 牡丹, 北の桜, 河津桜, 彼岸桜, ヨシノ

[190/1424] 越代の桜 (1品種)
  → +9: 牡丹, 北の桜, 河津桜, 磨桜, 彼岸桜

[191/1424] 夏井千本桜 (1品種)
  → +1: ヨシノ

[192/1424] 千波公園の桜 (1品種)
  → +6: 彼岸桜, 牡丹, ヨシノ, 御衣黄, 河津桜

[193/1424] 桜山の桜(茨城県) (1品種)
  → +7: 彼岸桜, 牡丹, ヨシノ, 染井吉野, 御衣黄

[194/1424] かみね公園の桜 (1品種)
  → +4: 八千代, クラマ, 染井吉野, ヨシノ

[195/1424] 十王パノラマ公園の桜 (1品種)
  → +8: 牡丹, ヨシノ, 河津桜, 彼岸桜, クラマ

[196/1424] 平和通りの桜 (1品種)
  → +9: 牡丹, ヨシノ, 糸桜, 河津桜, 彼岸桜

[197/1424] 亀城公園の桜(茨城県) (1品種)
  → +6: 彼岸桜, 牡丹, ヨシノ, 御衣黄, 河津桜

[198/1424] 常陸風土記の丘の桜 (3品種)
  → 変化なし

[199/1424] 城跡歴史公園の桜 (3品種)
  → +10: 牡丹, 神代曙, ヨシノ, 河津桜, 彼岸桜

[200/1424] 龍ケ崎のしだれ桜 (1品種)
  → +7: 彼岸桜, 牡丹, ヨシノ, 染井吉野, 御衣黄
  [保存中... 200件処理済み]

[201/1424] 弘経寺の桜 (1品種)
  → +6: 緋桜, 八千代, 枝垂桜, ヨシノ, クラマ

[202/1424] 赤城南面千本桜 (4品種)
  → +5: 彼岸桜, 牡丹, ヨシノ, 御衣黄, カンヒザクラ

[203/1424] 桜山公園の桜(群馬県) (2品種)
  → +7: 彼岸桜, 牡丹, ヨシノ, 染井吉野, 御衣黄

[204/1424] 美の山(みのやま)公園の桜 (3品種)
  → +6: 彼岸桜, 牡丹, ヨシノ, 染井吉野, 河津桜

[205/1424] 水海道あすなろの里の桜 (1品種)
  → +9: 牡丹, 河津桜, クラマ, 彼岸桜, 枝垂桜

[206/1424] 吉野公園の桜 (2品種)
  → +2: 牡丹, 河津桜

[207/1424] 西山公園の桜(茨城県) (2品種)
  → +7: カンヒザクラ, 彼岸桜, 牡丹, ヨシノ, 御衣黄

[208/1424] 愛宕山(山頂)の桜 (4品種)
  → +6: 彼岸桜, ヨシノ, 染井吉野, 御衣黄, 河津桜

[209/1424] 北条大池周辺の桜 (1品種)
  → +8: 牡丹, 河津桜, クラマ, 彼岸桜, 枝垂桜

[210/1424] 鹿島城山公園の桜 (1品種)
  → 変化なし

[211/1424] 宇留野展望台の桜 (1品種)
  → +6: 彼岸桜, 牡丹, ヨシノ, 御衣黄, 河津桜

[212/1424] 辰ノ口親水公園の桜 (1品種)
  → +3: クラマ, ヨシノ, 枝垂桜

[213/1424] 静峰ふるさと公園の桜 (2品種)
  → +12: マノガ, 関山, 牡丹, 普賢象, 松月

[214/1424] 磯部桜川公園の桜 (1品種)
  → +14: カスミザクラ, 牡丹, 白山桜, ヤマザクラ, ヨシノ

[215/1424] 雨引観音の桜 (3品種)
  → +8: ヤマザクラ, 江戸彼岸桜, 東京桜, 磨桜, 彼岸桜

[216/1424] 神之池緑地公園の桜 (1品種)
  → +7: 彼岸桜, 牡丹, ヨシノ, 染井吉野, 御衣黄

[217/1424] 西蓮寺の桜 (2品種)
  → +7: 彼岸桜, 牡丹, ヨシノ, 鬱金, クラマ

[218/1424] 羽黒山公園の桜(茨城県) (1品種)
  → 変化なし

[219/1424] 福岡堰の桜並木 (1品種)
  → +7: カンヒザクラ, 彼岸桜, 牡丹, ヨシノ, 御衣黄

[220/1424] 外大野のしだれ桜 (1品種)
  → +7: 彼岸桜, 牡丹, ヨシノ, 染井吉野, 御衣黄
  [保存中... 220件処理済み]

[221/1424] かわち桜まつり (1品種)
  → +7: 八千代, 彼岸桜, 牡丹, ヨシノ, 御衣黄

[222/1424] 八幡山公園の桜 (4品種)
  → +9: 牡丹, 河津桜, クラマ, 彼岸桜, 枝垂桜

[223/1424] 日光街道桜並木の桜 (4品種)
  → +7: 彼岸桜, 牡丹, ヨシノ, 染井吉野, 御衣黄

[224/1424] 太平山県立自然公園の桜 (1品種)
  → +11: 牡丹, ヤマザクラ, 河津桜, クラマ, 磨桜

[225/1424] 太平山の桜 (1品種)
  → +5: 枝垂桜, ヤマザクラ, ヨシノ, 紅華, 磨桜

[226/1424] 嘉多山公園の桜 (1品種)
  → +10: 牡丹, 河津桜, クラマ, 彼岸桜, 吉祥寺

[227/1424] 関場のしだれ桜 (2品種)
  → +7: 彼岸桜, 牡丹, ヨシノ, 染井吉野, 御衣黄

[228/1424] 千手山公園の桜 (1品種)
  → +4: クラマ, 染井吉野, ヨシノ, 枝垂桜

[229/1424] 鬼怒川温泉 藤原町護国神社・鬼怒川温泉神社の桜 (3品種)
  → +7: 彼岸桜, 牡丹, ヨシノ, 染井吉野, 御衣黄

[230/1424] 真岡線沿線・桜・菜の花街道 (2品種)
  → +7: 彼岸桜, 牡丹, ヨシノ, クラマ, 御衣黄

[231/1424] 龍城公園(大田原市)の桜 (1品種)
  → +7: 彼岸桜, 牡丹, ヨシノ, 染井吉野, 御衣黄

[232/1424] 長峰公園の桜 (2品種)
  → +7: 彼岸桜, 牡丹, ヨシノ, クラマ, 御衣黄

[233/1424] 烏ヶ森公園の桜 (1品種)
  → +3: ヨシノ, 吉祥寺, 河津桜

[234/1424] 黒磯公園の桜 (1品種)
  → +6: 吉祥寺, 牡丹, ヨシノ, ヤマザクラ, クラマ

[235/1424] 乃木参道の桜 (1品種)
  → +11: 牡丹, ヤマザクラ, オオヤマザクラ, 磨桜, 河津桜

[236/1424] 龍門の滝の桜 (1品種)
  → +9: 牡丹, 滝の桜, 河津桜, クラマ, 彼岸桜

[237/1424] 天平の丘公園の桜 (3品種)
  → +4: クラマ, 染井吉野, ヨシノ, 枝垂桜

[238/1424] 姿川アメニティパークの桜 (2品種)
  → +6: 彼岸桜, 牡丹, ヨシノ, 御衣黄, 河津桜

[239/1424] かしの森公園の桜 (1品種)
  → +8: 牡丹, ヨシノ, 河津桜, 彼岸桜, 枝垂桜

[240/1424] 冨士山自然公園の桜 (2品種)
  → +10: 牡丹, 滝の桜, 河津桜, クラマ, 彼岸桜
  [保存中... 240件処理済み]

[241/1424] 壬生町総合公園の桜 (1品種)
  → +10: 牡丹, ヤマザクラ, 河津桜, クラマ, 磨桜

[242/1424] 東雲公園の桜 (1品種)
  → +6: 彼岸桜, 牡丹, ヨシノ, 御衣黄, 河津桜

[243/1424] 楽歩堂前橋公園の桜 (1品種)
  → +4: ヨシノ, クラマ, 河津桜, 枝垂桜

[244/1424] 敷島公園の桜 (2品種)
  → +7: 彼岸桜, 牡丹, ヨシノ, クラマ, 御衣黄

[245/1424] 高崎城址公園の桜 (3品種)
  → +6: 吉祥寺, 牡丹, ヨシノ, 御衣黄, 河津桜

[246/1424] 高崎観音山の桜 (1品種)
  → +6: 彼岸桜, 牡丹, ヨシノ, 御衣黄, 河津桜

[247/1424] 未来へはばたけ 山田製作所 桐生が岡動物園の桜 (1品種)
  → +6: 彼岸桜, 牡丹, ヨシノ, 御衣黄, 河津桜

[248/1424] 華蔵寺公園の桜 (1品種)
  → +10: 牡丹, 普賢象, ヤマザクラ, オオヤマザクラ, 磨桜

[249/1424] 沼田公園(沼田城址)の桜 (3品種)
  → +2: クラマ, ヨシノ

[250/1424] 老神温泉の桜 (1品種)
  → +8: 牡丹, ヨシノ, 河津桜, 彼岸桜, 枝垂桜

[251/1424] 伊香保グリーン牧場のソメイヨシノ (8品種)
  → +3: ヨシノ, 手毬, 牡丹

[252/1424] 伊香保グリーン牧場の八重桜 (2品種)
  → +8: 牡丹, 仙台屋, 河津桜, 彼岸桜, ヨシノ

[253/1424] 妙義神社しだれ桜 (1品種)
  → +7: 彼岸桜, 牡丹, ヨシノ, 染井吉野, 御衣黄

[254/1424] 富岡製糸場の桜 (2品種)
  → +3: 心田, ヨシノ, 吉祥寺

[255/1424] 鹿の川沼の桜 (1品種)
  → +7: カンヒザクラ, 彼岸桜, 牡丹, ヨシノ, 御衣黄

[256/1424] 妙義山県立森林公園さくらの里の桜 (2品種)
  → +7: 彼岸桜, 牡丹, ヨシノ, 染井吉野, 御衣黄

[257/1424] 針山の天王桜 (1品種)
  → +11: 牡丹, ヤマザクラ, 江戸彼岸桜, アメリカ, 河津桜

[258/1424] 水上温泉(諏訪峡付近)の桜 (1品種)
  → +9: 牡丹, 河津桜, クラマ, 彼岸桜, 水上

[259/1424] 城之内公園の桜 (1品種)
  → +8: 彼岸桜, 吉祥寺, 牡丹, 神代曙, ヨシノ

[260/1424] 大宮公園の桜 (1品種)
  → +11: 牡丹, 河津桜, クラマ, 磨桜, 彼岸桜
  [保存中... 260件処理済み]

[261/1424] 大宮第二公園の桜 (1品種)
  → 変化なし

[262/1424] 与野公園の桜 (1品種)
  → +8: 彼岸桜, 牡丹, 枝垂桜, ヨシノ, クラマ

[263/1424] 埼玉スタジアム2002公園の桜 (4品種)
  → 変化なし

[264/1424] 見沼田んぼの桜回廊の桜 (3品種)
  → +13: 牡丹, ヤマザクラ, 江戸彼岸桜, 磨桜, 緋桜

[265/1424] 岩槻城址公園の桜 (4品種)
  → +6: 吉祥寺, 枝垂桜, ヨシノ, 御衣黄, 磨桜

[266/1424] ホットスタッフ川越パーク(川越水上公園)の桜 (5品種)
  → +7: 彼岸桜, 牡丹, 普賢象, ヨシノ, 御衣黄

[267/1424] 喜多院の桜 (2品種)
  → 変化なし

[268/1424] 川越 熊野神社の桜 (1品種)
  → +6: 彼岸桜, 牡丹, ヨシノ, 御衣黄, 河津桜

[269/1424] 蓮馨寺の桜 (1品種)
  → +8: 彼岸桜, 牡丹, 枝垂桜, ヨシノ, クラマ

[270/1424] 中院の桜 (4品種)
  → +6: オカメ, 吉祥寺, 武蔵野, ヨシノ, 正福寺

[271/1424] 伊佐沼公園・伊佐沼の桜 (1品種)
  → +6: 彼岸桜, 牡丹, ヨシノ, 御衣黄, 河津桜

[272/1424] 御伊勢塚公園(おいせ橋通り)の桜 (1品種)
  → +7: 彼岸桜, 牡丹, 武蔵野, ヨシノ, 御衣黄

[273/1424] 新河岸川の桜 (1品種)
  → +6: 彼岸桜, 牡丹, ヨシノ, 御衣黄, 河津桜

[274/1424] 小畔水鳥の郷公園の桜 (2品種)
  → +6: 彼岸桜, 牡丹, ヨシノ, 御衣黄, 河津桜

[275/1424] 熊谷桜堤の桜 (1品種)
  → +5: 吉祥寺, 枝垂桜, ヨシノ, 熊谷桜, クラマ

[276/1424] 忍城址の桜 (2品種)
  → +4: 紅華, ヨシノ, 牡丹, 磨桜

[277/1424] 丸墓山古墳の桜 (1品種)
  → +3: ヨシノ, 枝垂桜, クラマ

[278/1424] 古代蓮の里の桜 (2品種)
  → +12: 牡丹, ヤマザクラ, ヨシノ, 河津桜, 磨桜

[279/1424] 羊山公園の桜 (2品種)
  → +2: 牡丹, 枝垂桜

[280/1424] 清雲寺のしだれ桜 (2品種)
  → 変化なし
  [保存中... 280件処理済み]

[281/1424] 所沢航空記念公園の桜 (4品種)
  → +8: カンヒザクラ, 彼岸桜, 牡丹, クラマ, 神代曙

[282/1424] 西武園ゆうえんちの桜 (1品種)
  → +9: 牡丹, 河津桜, クラマ, 松前優艶, 枝垂桜

[283/1424] 狭山湖周辺の桜 (3品種)
  → +7: カンヒザクラ, 彼岸桜, 牡丹, ヨシノ, 御衣黄

[284/1424] 東川(あずまがわ)の桜 (1品種)
  → +7: 彼岸桜, 牡丹, ヨシノ, 染井吉野, 御衣黄

[285/1424] 砂川堀のしだれ桜 (1品種)
  → +14: 熊谷, 冬桜, 松前紅陽, 牡丹, 寒桜

[286/1424] 金仙寺(こんせんじ)のしだれ桜 (1品種)
  → +9: 牡丹, 河津桜, 松前優艶, 彼岸桜, 武蔵野

[287/1424] 飯能市名栗湖の桜 (2品種)
  → +7: 彼岸桜, 牡丹, ヨシノ, 十月桜, 御衣黄

[288/1424] 天覧山・中央公園の桜 (1品種)
  → +6: 彼岸桜, 牡丹, ヨシノ, 御衣黄, 河津桜

[289/1424] キサイフーズはなさきふれあいパーク(加須はなさき公園)の桜 (1品種)
  → +6: 彼岸桜, 牡丹, ヨシノ, 御衣黄, 河津桜

[290/1424] こだま千本桜 (1品種)
  → +6: 彼岸桜, 牡丹, ヨシノ, 御衣黄, 河津桜

[291/1424] 若泉公園の桜 (1品種)
  → +4: 熊谷, ヨシノ, 牡丹, 河津桜

[292/1424] 城山稲荷神社の桜 (1品種)
  → +8: 牡丹, ヨシノ, 河津桜, 彼岸桜, 枝垂桜

[293/1424] 雉岡城跡の桜 (1品種)
  → +3: ヨシノ, 牡丹, 熊谷桜

[294/1424] 上沼公園･下沼公園の桜 (1品種)
  → +8: 牡丹, 東京桜, 河津桜, 彼岸桜, 武蔵野

[295/1424] 埼玉県こども動物自然公園の桜 (1品種)
  → +12: 牡丹, ヤマザクラ, 磨桜, クラマ, 麒麟

[296/1424] エミパーク狭山稲荷山の桜 (1品種)
  → +6: 彼岸桜, 牡丹, ヨシノ, 御衣黄, 河津桜

[297/1424] 智光山公園「桜の園」の桜 (5品種)
  → 変化なし

[298/1424] 入間川にこにこテラス(入間川河川敷中央公園)の桜 (1品種)
  → 変化なし

[299/1424] 狭山八幡神社の桜 (1品種)
  → +8: 牡丹, ヨシノ, 河津桜, 彼岸桜, 枝垂桜

[300/1424] 廣瀬神社の桜 (1品種)
  → +8: 彼岸桜, 牡丹, 枝垂桜, ヨシノ, クラマ
  [保存中... 300件処理済み]

[301/1424] 入間川サイクリングロードの桜 (1品種)
  → +8: 牡丹, 河津桜, クラマ, 彼岸桜, 枝垂桜

[302/1424] 羽生水郷公園の桜 (2品種)
  → +7: 彼岸桜, 牡丹, ヨシノ, 十月桜, 御衣黄

[303/1424] 鴻巣公園の桜 (1品種)
  → +5: 吉祥寺, ヨシノ, 枝垂桜, クラマ, 染井吉野

[304/1424] あかぎ公園の桜 (1品種)
  → +9: 牡丹, ヨシノ, 河津桜, 彼岸桜, 枝垂桜

[305/1424] 上尾運動公園の桜 (1品種)
  → 変化なし

[306/1424] 埼玉県県民健康福祉村の桜 (1品種)
  → +7: カンヒザクラ, 彼岸桜, 牡丹, ヨシノ, 御衣黄

[307/1424] 普門寺の桜 (2品種)
  → +2: 紅枝垂, 河津桜

[308/1424] 石戸蒲ザクラ (1品種)
  → +4: 江戸彼岸桜, 彼岸桜, 磨桜, ヤマザクラ

[309/1424] 高尾さくら公園の桜 (8品種)
  → +9: 牡丹, 磨桜, クラマ, 河津桜, 彼岸桜

[310/1424] 城ヶ谷堤の桜 (1品種)
  → +7: 彼岸桜, 江戸彼岸桜, オオシマザクラ, ヨシノ, 枝垂桜

[311/1424] 北本市子供公園の桜 (1品種)
  → +9: 牡丹, 江戸彼岸桜, 河津桜, クラマ, 彼岸桜

[312/1424] サンアメニティ北本キャンプフィールドの桜 (1品種)
  → +8: 牡丹, 蒲桜, ヨシノ, 河津桜, 彼岸桜

[313/1424] 放光寺の桜 (1品種)
  → +8: 牡丹, 河津桜, クラマ, 彼岸桜, 紅枝垂

[314/1424] 阿弥陀堂の桜 (1品種)
  → 変化なし

[315/1424] みさと公園の桜 (6品種)
  → +8: 彼岸桜, 牡丹, 枝垂桜, 武蔵野, ヨシノ

[316/1424] 慈眼寺の桜 (2品種)
  → +6: 彼岸桜, 牡丹, ヨシノ, 御衣黄, 河津桜

[317/1424] 北浅羽桜堤公園の桜 (1品種)
  → +11: 八千代, 牡丹, ヨシノ, 春日井, 彼岸桜

[318/1424] 森田鉄工所 権現堂桜堤 Mirai Parkの桜 (1品種)
  → 変化なし

[319/1424] 鶴ヶ島市運動公園の桜 (1品種)
  → +9: 牡丹, ヨシノ, 河津桜, 吉祥寺, 彼岸桜

[320/1424] さくら通りの桜 (1品種)
  → +9: 牡丹, ヤマザクラ, 神代曙, 寒桜, 磨桜
  [保存中... 320件処理済み]

[321/1424] 福岡中央公園の桜 (1品種)
  → +8: 牡丹, ヨシノ, 河津桜, 彼岸桜, 枝垂桜

[322/1424] 伊奈町無線山桜並木の桜 (2品種)
  → +9: 牡丹, ヨシノ, 河津桜, 吉祥寺, 彼岸桜

[323/1424] 鎌北湖の桜 (1品種)
  → +3: クラマ, ヨシノ, 枝垂桜

[324/1424] さくらの山公園の桜 (1品種)
  → +7: 彼岸桜, 牡丹, 枝垂桜, ヨシノ, 御衣黄

[325/1424] 国営武蔵丘陵森林公園の桜 (3品種)
  → +6: 吉祥寺, 枝垂桜, ヨシノ, 河津桜, 磨桜

[326/1424] 都幾川桜堤の桜 (1品種)
  → +4: クラマ, 吉祥寺, ヨシノ, 枝垂桜

[327/1424] さくら堤公園の桜 (1品種)
  → +8: 牡丹, ヨシノ, 河津桜, 彼岸桜, 枝垂桜

[328/1424] 吉見百穴周辺の桜 (1品種)
  → +6: 彼岸桜, 牡丹, ヨシノ, 御衣黄, 河津桜

[329/1424] 慈光山歴史公苑の桜 (4品種)
  → +31: 八重紅枝垂(佐野系）, ヤマザクラ, 鴛鴦桜, 永源寺, 磨桜

[330/1424] 長瀞の桜 (2品種)
  → +17: マノガ, 関山, 芝山, 天の川, 磨桜

[331/1424] 鉢形城の桜・エドヒガン(氏邦桜) (3品種)
  → +5: 彼岸桜, ヨシノ, 枝垂桜, クラマ, 染井吉野

[332/1424] 東武動物公園の桜 (1品種)
  → +10: 牡丹, 河津桜, クラマ, 麒麟, 吉祥寺

[333/1424] 杉戸西近隣公園の桜 (1品種)
  → +2: ヨシノ, 吉祥寺

[334/1424] 古利根川堤の桜 (1品種)
  → +4: クラマ, 吉祥寺, ヨシノ, 枝垂桜

[335/1424] 千葉公園の桜 (1品種)
  → +6: 彼岸桜, 牡丹, ヨシノ, 染井吉野, 御衣黄

[336/1424] 亥鼻公園の桜 (1品種)
  → +6: 彼岸桜, 牡丹, ヨシノ, 御衣黄, 河津桜

[337/1424] 青葉の森公園の桜 (5品種)
  → +11: ヤマザクラ, 磨桜, クラマ, 青葉, 緋桜

[338/1424] 千葉ポートパークの桜 (1品種)
  → +12: 牡丹, 子福桜, 磨桜, クラマ, 彼岸桜

[339/1424] 泉自然公園の桜 (1品種)
  → 変化なし

[340/1424] 千葉市動物公園の桜 (8品種)
  → +10: 牡丹, 普賢象, 八重紅枝垂(佐野系）, ヨシノ, 市原虎の尾
  [保存中... 340件処理済み]

[341/1424] 千葉市昭和の森の桜 (2品種)
  → +8: 彼岸桜, 牡丹, 枝垂桜, ヨシノ, クラマ

[342/1424] 文学の道の桜 (1品種)
  → +8: 彼岸桜, 吉祥寺, 牡丹, ヨシノ, クラマ

[343/1424] 里見公園の桜 (1品種)
  → +4: ヨシノ, 磨桜, オオシマザクラ, 河津桜

[344/1424] 真間山弘法寺の桜 (2品種)
  → +6: 彼岸桜, 牡丹, ヨシノ, 御衣黄, 河津桜

[345/1424] 真間川沿いの桜並木 (1品種)
  → +6: 彼岸桜, 牡丹, ヨシノ, 御衣黄, 河津桜

[346/1424] ふなばしアンデルセン公園の桜 (6品種)
  → +5: 彼岸桜, 牡丹, ヨシノ, 御衣黄, クラマ

[347/1424] 太田山公園の桜 (1品種)
  → +5: 牡丹, ヨシノ, 枝垂桜, クラマ, 染井吉野

[348/1424] 常盤平さくら通りの桜 (1品種)
  → +9: 牡丹, 河津桜, クラマ, 彼岸桜, 枝垂桜

[349/1424] 本土寺の桜 (2品種)
  → +2: クラマ, ヨシノ

[350/1424] 戸定邸の桜 (6品種)
  → +10: 牡丹, 磨桜, クラマ, 河津桜, 緋桜

[351/1424] 松戸宿坂川の河津桜 (3品種)
  → +12: 八千代, ヤマザクラ, 千里香, 駿河台匂, 磨桜

[352/1424] 六高台さくら通りの桜 (1品種)
  → +6: 彼岸桜, 牡丹, ヨシノ, 御衣黄, 河津桜

[353/1424] 清水公園の桜(千葉県) (3品種)
  → +14: 牡丹, ヨシノ, 静香, 河津桜, 緋桜

[354/1424] 茂原公園の桜 (1品種)
  → +4: クラマ, 染井吉野, ヨシノ, 枝垂桜

[355/1424] 成田山公園の桜 (1品種)
  → +8: 牡丹, ヨシノ, 彼岸桜, 枝垂桜, クラマ

[356/1424] 宗吾霊堂(境内)の桜 (3品種)
  → +5: 彼岸桜, 牡丹, ヨシノ, 御衣黄, カンヒザクラ

[357/1424] 成田市さくらの山の桜 (4品種)
  → +6: 彼岸桜, 牡丹, ヨシノ, 御衣黄, 磨桜

[358/1424] 成田ゆめ牧場の桜 (1品種)
  → +6: 彼岸桜, 牡丹, ヨシノ, 染井吉野, 御衣黄

[359/1424] 佐倉城址公園の桜 (4品種)
  → +6: 彼岸桜, 牡丹, ヨシノ, 八重紫桜, 御衣黄

[360/1424] 佐倉ふるさと広場の桜 (1品種)
  → +6: 彼岸桜, 牡丹, ヨシノ, 御衣黄, 河津桜
  [保存中... 360件処理済み]

[361/1424] 西志津スポーツ等多目的広場の河津桜 (3品種)
  → +6: 彼岸桜, 牡丹, ヨシノ, 染井吉野, 御衣黄

[362/1424] 八鶴湖畔の桜 (1品種)
  → +7: 吉祥寺, 彼岸桜, 牡丹, ヨシノ, 御衣黄

[363/1424] あけぼの山公園の桜 (2品種)
  → +11: 牡丹, 磨桜, 河津桜, 吉祥寺, オオシマザクラ

[364/1424] 官軍塚の桜 (1品種)
  → +7: 彼岸桜, 牡丹, ヨシノ, 染井吉野, 御衣黄

[365/1424] 千葉こどもの国KidsDom(キッズダム)の桜 (1品種)
  → +7: カンヒザクラ, 彼岸桜, 牡丹, ヨシノ, 御衣黄

[366/1424] 養老川五井大橋付近の河津桜 (3品種)
  → +6: 彼岸桜, 牡丹, ヨシノ, 染井吉野, 御衣黄

[367/1424] 内浦山県民の森の桜 (1品種)
  → +10: 牡丹, ヤマザクラ, 磨桜, 河津桜, 彼岸桜

[368/1424] 市制記念公園の桜 (1品種)
  → +6: 彼岸桜, 牡丹, ヨシノ, 御衣黄, 河津桜

[369/1424] 森と湖のリゾート ロマンの森共和国の桜 (1品種)
  → +6: 彼岸桜, 牡丹, ヨシノ, 御衣黄, 河津桜

[370/1424] 福星寺のしだれ桜 (1品種)
  → +7: 彼岸桜, 牡丹, ヨシノ, 染井吉野, 御衣黄

[371/1424] 南房総市千倉総合運動公園の桜 (1品種)
  → +8: 牡丹, ヨシノ, 河津桜, 彼岸桜, 枝垂桜

[372/1424] 抱湖園の桜 (1品種)
  → +7: 彼岸桜, 吉祥寺, 牡丹, ヨシノ, 染井吉野

[373/1424] 大房岬自然公園の桜 (1品種)
  → +9: 牡丹, ヤマザクラ, 河津桜, 磨桜, 彼岸桜

[374/1424] 黄門桜 (1品種)
  → +5: ヨシノ, ヤマザクラ, 枝垂桜, クラマ, 磨桜

[375/1424] 天神山公園の桜 (2品種)
  → +8: 牡丹, ヒマラヤ桜, 河津桜, 吉祥寺, 彼岸桜

[376/1424] 香取神宮の桜 (1品種)
  → +9: 牡丹, 河津桜, クラマ, 彼岸桜, 枝垂桜

[377/1424] 小見川城山公園の桜 (1品種)
  → +9: 牡丹, 河津桜, クラマ, 朱雀, 彼岸桜

[378/1424] 長光寺のしだれ桜 (1品種)
  → +8: 牡丹, ウバヒガン, 河津桜, 彼岸桜, ヨシノ

[379/1424] さんぶの森公園の桜 (3品種)
  → +7: 吉祥寺, 彼岸桜, 牡丹, ヨシノ, 御衣黄

[380/1424] 小中池公園の桜 (1品種)
  → +4: クラマ, 染井吉野, ヨシノ, 枝垂桜
  [保存中... 380件処理済み]

[381/1424] 千葉県立房総のむらの桜 (1品種)
  → +7: カンヒザクラ, 彼岸桜, 牡丹, ヨシノ, 御衣黄

[382/1424] 白子温泉の桜 (1品種)
  → +6: 彼岸桜, 牡丹, ヨシノ, 染井吉野, 御衣黄

[383/1424] 笠森観音(笠森寺)の桜 (4品種)
  → +6: 彼岸桜, 牡丹, ヨシノ, クラマ, 河津桜

[384/1424] 佐久間ダム公園の桜 (2品種)
  → +8: 彼岸桜, 牡丹, 枝垂桜, 神代曙, ヨシノ

[385/1424] 保田川の頼朝桜 (1品種)
  → +6: 彼岸桜, 牡丹, ヨシノ, 染井吉野, 御衣黄

[386/1424] 靖國神社の桜 (8品種)
  → +5: 吉祥寺, 牡丹, ヨシノ, アメリカ, 御衣黄

[387/1424] 日比谷公園の桜 (4品種)
  → +9: 江戸桜, 関山, 牡丹, ヨシノ, 河津桜

[388/1424] 外濠公園の桜 (1品種)
  → +6: 吉祥寺, 枝垂桜, ヤマザクラ, ヨシノ, 磨桜

[389/1424] 江戸総鎮守 神田明神の桜 (1品種)
  → +10: 江戸桜, 牡丹, 河津桜, クラマ, 吉祥寺

[390/1424] 北の丸公園の桜 (9品種)
  → +4: クラマ, 牡丹, 磨桜, ヨシノ

[391/1424] 国立劇場の桜 (6品種)
  → +5: ヨシノ, 枝垂桜, クラマ, 染井吉野, 東京桜

[392/1424] ホテルニューオータニ 日本庭園の桜 (6品種)
  → +9: 牡丹, 磨桜, 啓翁桜, 緋桜, 吉祥寺

[393/1424] 浜離宮恩賜庭園の桜 (8品種)
  → +4: クラマ, 磨桜, ヨシノ, ヤマザクラ

[394/1424] 江戸桜通りの桜 (SAKURA FES NIHONBASHI 2025) (1品種)
  → +8: 江戸桜, 牡丹, 河津桜, 吉祥寺, 彼岸桜

[395/1424] 浜町川緑道の桜 (1品種)
  → +8: 江戸桜, 吉祥寺, 彼岸桜, 牡丹, ヨシノ

[396/1424] 六本木ヒルズ　毛利庭園・六本木さくら坂の桜 (2品種)
  → +11: 牡丹, 河津桜, クラマ, 舞姫, 吉祥寺

[397/1424] アークヒルズの桜 (1品種)
  → +9: 牡丹, ヨシノ, 河津桜, 吉祥寺, 彼岸桜

[398/1424] 東京ミッドタウンの桜 (3品種)
  → +14: 牡丹, ヤマザクラ, ヨシノ, オオヤマザクラ, 仙台枝垂

[399/1424] 都立芝公園の桜 (2品種)
  → +8: 牡丹, 御衣黄, さきがけ, 吉祥寺, 彼岸桜

[400/1424] 旧芝離宮恩賜庭園の桜 (3品種)
  → +7: オオシマザクラ, 枝垂桜, ヤマザクラ, ヨシノ, 染井吉野
  [保存中... 400件処理済み]

[401/1424] グランドプリンスホテル高輪の桜 (12品種)
  → +6: 彼岸桜, 吉祥寺, 牡丹, ヨシノ, 染井吉野

[402/1424] 東京都庭園美術館の桜 (1品種)
  → +8: 牡丹, 河津桜, 吉祥寺, 彼岸桜, ヨシノ

[403/1424] 赤坂サカスの桜 (10品種)
  → 変化なし

[404/1424] 大本山 増上寺の桜 (2品種)
  → +8: 牡丹, 河津桜, 吉祥寺, 彼岸桜, ヨシノ

[405/1424] 八芳園の桜 (2品種)
  → +6: 彼岸桜, 吉祥寺, 牡丹, ヨシノ, 染井吉野

[406/1424] 明治神宮外苑の桜 (1品種)
  → +11: 牡丹, ヤマザクラ, 磨桜, クラマ, 河津桜

[407/1424] 戸山公園の桜 (6品種)
  → +9: 牡丹, ヨシノ, 磨桜, 河津桜, 吉祥寺

[408/1424] 新宿中央公園の桜 (2品種)
  → +10: 小彼岸, 牡丹, クラマ, 彼岸桜, 吉祥寺

[409/1424] 神田川遊歩道(西早稲田地区)の桜 (1品種)
  → 変化なし

[410/1424] 六義園の桜 (5品種)
  → +8: 牡丹, ヨシノ, 河津桜, 吉祥寺, 彼岸桜

[411/1424] 播磨坂さくら並木の桜 (2品種)
  → +9: 牡丹, ヨシノ, 河津桜, 吉祥寺, 彼岸桜

[412/1424] 小石川後楽園の桜 (5品種)
  → +10: 牡丹, ヤマザクラ, 河津桜, 磨桜, 吉祥寺

[413/1424] ホテル椿山荘東京の桜 (6品種)
  → +8: 牡丹, 緋桜, 吉祥寺, 彼岸桜, 修善寺寒桜

[414/1424] 江戸川公園・神田川沿いの桜 (2品種)
  → +10: 牡丹, 河津桜, クラマ, 吉祥寺, 彼岸桜

[415/1424] 旧岩崎邸庭園の桜 (2品種)
  → +8: 吉祥寺, オオシマザクラ, 枝垂桜, ヤマザクラ, ヨシノ

[416/1424] 浅草寺の桜 (2品種)
  → +11: 江戸桜, 牡丹, ヨシノ, 河津桜, 吉祥寺

[417/1424] 隅田公園の桜 (1品種)
  → +8: 磨桜, オオシマザクラ, 牡丹, 武蔵野, ヨシノ

[418/1424] 向島百花園の桜 (5品種)
  → +7: 緋桜, 普賢象, 枝垂桜, ヨシノ, 染井吉野

[419/1424] 墨田区立旧中川水辺公園の桜 (6品種)
  → +7: ヤマザクラ, ヨシノ, オオヤマザクラ, 仙台枝垂, 染井吉野

[420/1424] 墨田区立錦糸公園の桜 (1品種)
  → +7: 吉祥寺, 彼岸桜, 牡丹, ヨシノ, 御衣黄
  [保存中... 420件処理済み]

[421/1424] 東京スカイツリータウンの桜 (2品種)
  → +9: 牡丹, 河津桜, 御殿場桜, 吉祥寺, 彼岸桜

[422/1424] 仙台堀川公園の桜 (1品種)
  → +12: 牡丹, 河津桜, クラマ, 磨桜, 緋桜

[423/1424] 辰巳の森緑道公園の桜 (1品種)
  → +5: オオシマザクラ, 枝垂桜, ヨシノ, クラマ, 磨桜

[424/1424] 清澄庭園の桜 (1品種)
  → +3: ヨシノ, 染井吉野, 武蔵野

[425/1424] 大島小松川公園の桜 (4品種)
  → +9: 牡丹, 八重紅枝垂(佐野系）, 河津桜, 吉祥寺, 紅枝垂

[426/1424] 都立木場公園の桜 (1品種)
  → +8: 江戸桜, 牡丹, 吉祥寺, 彼岸桜, ヨシノ

[427/1424] 夢の島マリーナアウトドアスクウェアの桜 (1品種)
  → +7: 吉祥寺, 彼岸桜, 牡丹, ヨシノ, 御衣黄

[428/1424] 御殿山トラストシティの桜 (1品種)
  → +9: 牡丹, ヨシノ, 河津桜, 吉祥寺, 彼岸桜

[429/1424] 鮫洲入江広場の桜 (1品種)
  → +9: 八千代, 牡丹, 河津桜, 吉祥寺, 彼岸桜

[430/1424] 西郷山公園の桜 (2品種)
  → +9: 牡丹, クラマ, 吉祥寺, 彼岸桜, 枝垂桜

[431/1424] 洗足池公園の桜 (1品種)
  → +10: 牡丹, 河津桜, クラマ, 吉祥寺, 彼岸桜

[432/1424] 大田区多摩川台公園の桜 (1品種)
  → +7: 吉祥寺, 彼岸桜, 牡丹, ヨシノ, 御衣黄

[433/1424] 日蓮宗大本山 池上本門寺の桜 (1品種)
  → +11: 笹部桜, 牡丹, 河津桜, クラマ, 彼岸桜

[434/1424] 桜坂(大田区)の桜 (1品種)
  → 変化なし

[435/1424] 砧公園の桜 (2品種)
  → +6: 関山, オオシマザクラ, 枝垂桜, ヨシノ, 染井吉野

[436/1424] 駒沢オリンピック公園の桜 (1品種)
  → +11: 牡丹, ヨシノ, 河津桜, 磨桜, 吉祥寺

[437/1424] 蘆花恒春園の桜 (3品種)
  → +10: 小彼岸, 牡丹, 八重紅枝垂(佐野系）, 吉祥寺, 紅枝垂

[438/1424] 呑川緑道・呑川親水公園の桜 (1品種)
  → +8: 牡丹, 河津桜, 吉祥寺, 彼岸桜, 武蔵野

[439/1424] 代々木公園の桜 (3品種)
  → +9: 小彼岸, ヤマザクラ, ヨシノ, 磨桜, 彼岸桜

[440/1424] 渋谷桜丘 さくら坂の桜 (1品種)
  → +6: 江戸桜, 吉祥寺, ヨシノ, クラマ, 染井吉野
  [保存中... 440件処理済み]

[441/1424] 哲学堂公園の桜 (1品種)
  → +13: 牡丹, ヤマザクラ, アメリカ, 磨桜, クラマ

[442/1424] 善福寺川緑地・和田堀公園の桜 (4品種)
  → +4: ヨシノ, 染井吉野, 東京桜, 武蔵野

[443/1424] 大宮八幡宮の桜 (2品種)
  → +11: 牡丹, ヨシノ, アメリカ, 河津桜, 吉祥寺

[444/1424] 法明寺の桜 (3品種)
  → 変化なし

[445/1424] 染井吉野桜記念公園(駒込駅前)の桜 (5品種)
  → +9: 牡丹, ヨシノ, 河津桜, 吉祥寺, 彼岸桜

[446/1424] 南大塚三丁目桜並木通りの桜 (3品種)
  → +7: 吉祥寺, 彼岸桜, 牡丹, ヨシノ, 御衣黄

[447/1424] 飛鳥山公園の桜 (5品種)
  → +7: 緋桜, カンヒザクラ, 枝垂桜, ヨシノ, 染井吉野

[448/1424] 中央公園の桜 (6品種)
  → +5: ヨシノ, 枝垂桜, 神代曙, クラマ, 染井吉野

[449/1424] 旧古河庭園の桜 (5品種)
  → +10: 牡丹, ヨシノ, 河津桜, 吉祥寺, 彼岸桜

[450/1424] 音無親水公園の桜 (4品種)
  → 変化なし

[451/1424] 西ケ原みんなの公園の桜 (5品種)
  → +8: 吉祥寺, 彼岸桜, 牡丹, 武蔵野, ヨシノ

[452/1424] 浮間公園の桜 (1品種)
  → +2: ヨシノ, 吉祥寺

[453/1424] 加賀公園周辺の桜 (1品種)
  → +3: クラマ, ヨシノ, 枝垂桜

[454/1424] 前谷津川緑道の桜 (1品種)
  → +9: 牡丹, ヨシノ, 河津桜, 吉祥寺, 彼岸桜

[455/1424] 石神井川の桜 (1品種)
  → +10: 小彼岸, 牡丹, 高遠小彼岸桜, ヤマザクラ, 磨桜

[456/1424] 都立光が丘公園の桜 (1品種)
  → +9: 神代曙, ヨシノ, アメリカ, 寒桜, 河津桜

[457/1424] 石神井公園の桜 (1品種)
  → 変化なし

[458/1424] 舎人公園の桜 (26品種)
  → +10: 関山, 牡丹, アメリカ, クラマ, 吉祥寺

[459/1424] 西新井大師の桜 (27品種)
  → +7: 吉祥寺, 牡丹, ヨシノ, 染井吉野, 御衣黄

[460/1424] 水元公園の桜 (1品種)
  → +2: ヨシノ, 染井吉野
  [保存中... 460件処理済み]

[461/1424] 旧中川の桜 (1品種)
  → +5: 吉祥寺, 大寒桜, ヨシノ, 寒桜, 染井吉野

[462/1424] 小松川千本桜 (4品種)
  → 変化なし

[463/1424] 葛西臨海公園の桜 (3品種)
  → +7: 彼岸桜, 吉祥寺, 牡丹, ヨシノ, 御衣黄

[464/1424] 滝山公園の桜 (1品種)
  → +7: ヨシノ, 枝垂桜, ヤマザクラ, クラマ, 東京桜

[465/1424] 高尾山 一丁平の千本桜 (1品種)
  → +7: 吉祥寺, 彼岸桜, 牡丹, ヨシノ, 御衣黄

[466/1424] 小田野中央公園の桜 (1品種)
  → +10: 牡丹, ヤマザクラ, ヨシノ, 磨桜, 吉祥寺

[467/1424] 国営昭和記念公園の桜 (10品種)
  → +6: 彼岸桜, 吉祥寺, 牡丹, 紅枝垂, ヨシノ

[468/1424] 井の頭恩賜公園の桜 (8品種)
  → +12: 牡丹, ヤマザクラ, 磨桜, クラマ, 緋桜

[469/1424] 中央通りの桜 (1品種)
  → +8: 牡丹, 河津桜, 彼岸桜, 武蔵野, ヨシノ

[470/1424] 野川公園の桜 (1品種)
  → +12: 牡丹, ヤマザクラ, 河津桜, クラマ, 磨桜

[471/1424] 梅岩寺の桜 (2品種)
  → +2: 牡丹, 安行桜

[472/1424] 釜の淵公園の桜 (1品種)
  → +9: 牡丹, ヨシノ, 河津桜, 吉祥寺, 彼岸桜

[473/1424] 武蔵野公園の桜 (7品種)
  → 変化なし

[474/1424] 都立神代植物公園の桜 (8品種)
  → +8: 牡丹, ヨシノ, 吉祥寺, 大寒桜, 枝垂桜

[475/1424] 尾根緑道の桜 (2品種)
  → +12: 牡丹, ヤマザクラ, 神代曙, ヨシノ, 磨桜

[476/1424] 恩田川沿いの桜 (1品種)
  → +2: ヨシノ, 牡丹

[477/1424] 小金井公園の桜 (14品種)
  → 変化なし

[478/1424] 狭山公園の桜 (2品種)
  → +6: 吉祥寺, オオシマザクラ, ヤマザクラ, ヨシノ, 染井吉野

[479/1424] 国立市大学通り・さくら通りの桜 (6品種)
  → +9: ヤマザクラ, ヨシノ, 寒桜, 磨桜, オオシマザクラ

[480/1424] 多摩川堤防沿いの桜 (1品種)
  → +10: 牡丹, ヨシノ, 河津桜, 吉祥寺, 彼岸桜
  [保存中... 480件処理済み]

[481/1424] 柳瀬川沿い「台田運動公園」の桜 (1品種)
  → +7: 吉祥寺, 彼岸桜, 牡丹, ヨシノ, 染井吉野

[482/1424] 乞田川の桜 (1品種)
  → +9: 牡丹, 神代曙, 河津桜, 吉祥寺, 彼岸桜

[483/1424] いろは坂桜公園の桜 (1品種)
  → +8: 牡丹, 河津桜, 吉祥寺, 彼岸桜, 武蔵野

[484/1424] よみうりランドの桜 (1品種)
  → +13: 牡丹, ヤマザクラ, 磨桜, クラマ, 河津桜

[485/1424] 羽村堰の桜 (1品種)
  → +1: クラマ

[486/1424] 桜づつみ公園の桜 (2品種)
  → +1: 牡丹

[487/1424] 西東京いこいの森公園の桜 (3品種)
  → +16: 思川, 陽光, 枝垂桜, 一葉, クラマ

[488/1424] 狭山池公園(東京都)の桜 (4品種)
  → +8: 牡丹, 河津桜, 吉祥寺, 彼岸桜, ヨシノ

[489/1424] 塩田耕地堤の桜 (1品種)
  → +10: 牡丹, ヨシノ, 河津桜, 吉祥寺, 彼岸桜

[490/1424] 奥多摩湖の桜 (1品種)
  → 変化なし

[491/1424] 県立三ツ池公園の桜 (6品種)
  → +8: 衣通姫, 吉祥寺, 枝垂桜, ヤマザクラ, ヨシノ

[492/1424] 三ツ沢公園の桜 (1品種)
  → +2: クラマ, 牡丹

[493/1424] 野毛山動物園・野毛山公園の桜 (1品種)
  → +7: 彼岸桜, 牡丹, ヨシノ, 河津桜, 御衣黄

[494/1424] 伊勢山皇大神宮の桜 (1品種)
  → +8: 吉祥寺, オオシマザクラ, 枝垂桜, ヨシノ, 小汐山（小塩山）

[495/1424] みなとみらい さくら通りの桜 (1品種)
  → +9: 牡丹, 北の桜, ヨシノ, 河津桜, 彼岸桜

[496/1424] 掃部山公園の桜 (5品種)
  → +2: クラマ, ヨシノ

[497/1424] 三溪園の桜 (5品種)
  → +5: 枝垂桜, ヤマザクラ, ヨシノ, クラマ, 磨桜

[498/1424] 根岸森林公園の桜 (8品種)
  → +6: 彼岸桜, 牡丹, ヨシノ, 染井吉野, 河津桜

[499/1424] 汽車道の桜 (1品種)
  → +4: 緋桜, 磨桜, オオシマザクラ, 横浜緋桜

[500/1424] 山下公園の桜 (2品種)
  → +9: 牡丹, アメリカ, 横浜緋桜, 河津桜, クラマ
  [保存中... 500件処理済み]

[501/1424] 港の見える丘公園の桜 (1品種)
  → +5: 緋桜, オカメ, ヨシノ, アメリカ, 横浜緋桜

[502/1424] 元町公園の桜 (1品種)
  → +6: 彼岸桜, 牡丹, ヨシノ, 御衣黄, 河津桜

[503/1424] カップヌードルミュージアムパークの桜 (1品種)
  → +8: 彼岸桜, 牡丹, 枝垂桜, ヨシノ, クラマ

[504/1424] 山手公園の桜 (1品種)
  → +3: ヨシノ, オカメ, 染井吉野

[505/1424] 横浜公園の桜 (2品種)
  → +8: カンヒザクラ, 緋桜, 彼岸桜, 牡丹, ヨシノ

[506/1424] 本牧山頂公園の桜 (2品種)
  → +8: 牡丹, 河津桜, 磨桜, 彼岸桜, ヨシノ

[507/1424] 本牧通り・本牧桜道の桜 (1品種)
  → +6: 彼岸桜, 牡丹, ヨシノ, 御衣黄, 河津桜

[508/1424] 大岡川プロムナードの桜 (1品種)
  → +7: 彼岸桜, 牡丹, 神代曙, ヨシノ, 御衣黄

[509/1424] 保土ケ谷公園の桜 (3品種)
  → +13: 牡丹, ヤマザクラ, 横浜緋桜, 磨桜, 緋桜

[510/1424] 横浜市立金沢動物園の桜 (1品種)
  → +11: 牡丹, 河津桜, 麒麟, 磨桜, クラマ

[511/1424] 称名寺の桜 (1品種)
  → +8: 彼岸桜, 牡丹, 枝垂桜, ヨシノ, クラマ

[512/1424] 長浜公園の桜 (1品種)
  → +24: 関山, 小彼岸, ヤマザクラ, 薄墨, 磨桜

[513/1424] 富岡総合公園の桜 (1品種)
  → +5: 吉祥寺, オオシマザクラ, ヤマザクラ, ヨシノ, 磨桜

[514/1424] 横浜・八景島シーパラダイスの桜 (1品種)
  → +13: オカメ, 牡丹, ヤマザクラ, 河津桜, 磨桜

[515/1424] 岸根公園の桜 (1品種)
  → +7: カンヒザクラ, 彼岸桜, 牡丹, ヨシノ, 御衣黄

[516/1424] 柏尾川プロムナードの桜 (1品種)
  → +6: 彼岸桜, 牡丹, ヨシノ, 御衣黄, 河津桜

[517/1424] 俣野別邸庭園の桜 (5品種)
  → +18: 関山, 牡丹, アーコレード, ヤマザクラ, 寒桜

[518/1424] よこはま動物園ズーラシアの桜 (2品種)
  → +9: オカメ, 牡丹, シナミザクラ, 磨桜, オオシマザクラ

[519/1424] こども自然公園の桜 (1品種)
  → +8: 牡丹, ヨシノ, 河津桜, 彼岸桜, 枝垂桜

[520/1424] 四季の森公園の桜 (6品種)
  → +4: ヨシノ, オオシマザクラ, 磨桜, 横浜緋桜
  [保存中... 520件処理済み]

[521/1424] こどもの国の桜 (4品種)
  → +7: 緋桜, オオシマザクラ, 枝垂桜, ヤマザクラ, ヨシノ

[522/1424] 江川せせらぎ緑道の桜 (1品種)
  → +1: 北の桜

[523/1424] 夢見ヶ崎動物公園の桜 (2品種)
  → +4: クラマ, 染井吉野, ヨシノ, 枝垂桜

[524/1424] 元住吉渋川沿い・中原平和公園の桜(住吉ざくら) (1品種)
  → +7: 彼岸桜, 牡丹, ヨシノ, 染井吉野, 御衣黄

[525/1424] 二ヶ領用水宿河原堀の桜 (1品種)
  → 変化なし

[526/1424] 生田緑地の桜 (3品種)
  → +11: 小彼岸, 牡丹, 磨桜, クラマ, 河津桜

[527/1424] 麻生川の桜並木 (1品種)
  → 変化なし

[528/1424] 県立津久井湖城山公園の桜 (1品種)
  → +7: カンヒザクラ, 彼岸桜, 牡丹, ヨシノ, 御衣黄

[529/1424] さがみ湖MORI MORIの桜 (3品種)
  → +4: クラマ, 吉祥寺, ヨシノ, 枝垂桜

[530/1424] 相模湖湖畔の桜 (20品種)
  → +3: ヨシノ, 御衣黄, 牡丹

[531/1424] 衣笠山公園の桜 (4品種)
  → +9: 衣笠, 牡丹, 河津桜, クラマ, 磨桜

[532/1424] 等覚寺の桜 (2品種)
  → +7: 彼岸桜, 牡丹, ヨシノ, クラマ, 御衣黄

[533/1424] 船越南郷公園の桜 (1品種)
  → +6: 彼岸桜, 牡丹, ヨシノ, 御衣黄, 河津桜

[534/1424] ヴェルニー公園の桜 (1品種)
  → +8: 牡丹, ヨシノ, 河津桜, 彼岸桜, 枝垂桜

[535/1424] 観音崎公園の桜 (3品種)
  → +9: 牡丹, 神代曙, ヨシノ, 春めき, 彼岸桜

[536/1424] 高麗山公園(湘南平)の桜 (1品種)
  → 変化なし

[537/1424] 金目川桜並木の桜 (1品種)
  → +6: 彼岸桜, 牡丹, ヨシノ, 染井吉野, 御衣黄

[538/1424] 鶴岡八幡宮の桜 (3品種)
  → 変化なし

[539/1424] 源氏山公園の桜 (3品種)
  → +5: オオシマザクラ, ヤマザクラ, ヨシノ, 染井吉野, 磨桜

[540/1424] 長谷寺の桜(神奈川県) (7品種)
  → +4: ヨシノ, 彼岸桜, 染井吉野, 牡丹
  [保存中... 540件処理済み]

[541/1424] 日比谷花壇大船フラワーセンターの桜 (6品種)
  → +5: 彼岸桜, 牡丹, ヨシノ, 染井吉野, 御衣黄

[542/1424] 光明寺の桜 (5品種)
  → +5: 吉祥寺, ヨシノ, 枝垂桜, クラマ, 染井吉野

[543/1424] 鎌倉大仏殿高徳院の桜 (4品種)
  → +7: 彼岸桜, 牡丹, ヨシノ, 染井吉野, 御衣黄

[544/1424] 建長寺の桜 (4品種)
  → +11: 牡丹, 河津桜, 磨桜, クラマ, 彼岸桜

[545/1424] 本覚寺の桜 (3品種)
  → +9: 牡丹, ヨシノ, 河津桜, 彼岸桜, 枝垂桜

[546/1424] 宝戒寺の桜 (2品種)
  → +4: クラマ, 染井吉野, ヨシノ, 枝垂桜

[547/1424] 妙本寺の桜 (2品種)
  → +2: ヨシノ, 染井吉野

[548/1424] 長久保公園の桜 (1品種)
  → +8: 牡丹, 八重紅枝垂(佐野系）, 河津桜, 彼岸桜, 紅枝垂

[549/1424] 引地川親水公園の桜 (1品種)
  → +6: 彼岸桜, 牡丹, ヨシノ, 染井吉野, 御衣黄

[550/1424] 大庭城址公園の桜 (1品種)
  → +7: 彼岸桜, 牡丹, ヨシノ, 染井吉野, 御衣黄

[551/1424] 小田原城址公園の桜 (3品種)
  → +3: クラマ, ヨシノ, 横輪桜

[552/1424] 長興山紹太寺のしだれ桜 (1品種)
  → 変化なし

[553/1424] アネスト岩田 ターンパイク箱根 御所の入駐車場付近の桜 (2品種)
  → +7: 彼岸桜, 牡丹, ヨシノ, 染井吉野, 御衣黄

[554/1424] 小田原フラワーガーデンの桜 (9品種)
  → +11: 牡丹, ヨシノ, 磨桜, 舞姫, 吉祥寺

[555/1424] 小出川沿いの河津桜 (3品種)
  → +4: ヨシノ, 染井吉野, はるか, カンヒザクラ

[556/1424] 小松ヶ池公園の桜 (1品種)
  → +8: 牡丹, 河津桜, 吉祥寺, 彼岸桜, ヨシノ

[557/1424] 三浦海岸の河津桜 (3品種)
  → +4: ヨシノ, 染井吉野, 牡丹, カンヒザクラ

[558/1424] 弘法山公園の桜 (1品種)
  → +10: オカメ, 牡丹, ヤマザクラ, 思川, 磨桜

[559/1424] 出雲大社相模分祠の桜 (20品種)
  → +3: ヨシノ, 御衣黄, 牡丹

[560/1424] 秦野市カルチャーパークの桜 (1品種)
  → +11: オカメ, 牡丹, 磨桜, 河津桜, クラマ
  [保存中... 560件処理済み]

[561/1424] はだの桜みち (1品種)
  → +7: オカメ, 彼岸桜, 牡丹, ヨシノ, 御衣黄

[562/1424] 飯山白山森林公園の桜 (1品種)
  → +7: 彼岸桜, ヨシノ, 枝垂桜, ヤマザクラ, クラマ

[563/1424] 大山新道のおかめ桜 (1品種)
  → +7: 彼岸桜, 牡丹, ヨシノ, 染井吉野, 御衣黄

[564/1424] 相模が丘仲よし小道 さくら百華の道の桜 (20品種)
  → +9: マノガ, 牡丹, 思川, 天の川, 御衣黄

[565/1424] 東原桜並木の桜 (1品種)
  → +7: 吉祥寺, 彼岸桜, 牡丹, ヨシノ, 御衣黄

[566/1424] 春木径・幸せ道の桜 (1品種)
  → +9: オカメ, 牡丹, 河津桜, クラマ, 彼岸桜

[567/1424] 綾西緑地の桜 (1品種)
  → +8: 牡丹, ヨシノ, 河津桜, 彼岸桜, 枝垂桜

[568/1424] 寒川神社の表参道と境内の桜 (1品種)
  → 変化なし

[569/1424] 大磯駅及び坂田山斜面の桜 (1品種)
  → +6: 彼岸桜, 牡丹, ヨシノ, 御衣黄, 河津桜

[570/1424] 大磯プリンスホテル前(葛川沿い)の桜 (1品種)
  → 変化なし

[571/1424] 馬場公園の桜 (1品種)
  → +6: 彼岸桜, 牡丹, ヨシノ, 御衣黄, 河津桜

[572/1424] 大磯運動公園の桜 (2品種)
  → +7: 御衣黄, 彼岸桜, 牡丹, ヨシノ, 染井吉野

[573/1424] 吾妻山公園の桜 (1品種)
  → +6: 彼岸桜, 牡丹, ヨシノ, 御衣黄, 河津桜

[574/1424] BIOTOPIA(ビオトピア)の桜 (3品種)
  → +14: 関山, 牡丹, 普賢象, ヨシノ, 染井吉野

[575/1424] おおいゆめの里の桜 (1品種)
  → +9: オカメ, 小彼岸, 牡丹, 御衣黄, 彼岸桜

[576/1424] 西平畑公園の桜 (1品種)
  → +7: 彼岸桜, 牡丹, ヨシノ, 染井吉野, 御衣黄

[577/1424] あぐりパーク嵯峨山苑の桜 (3品種)
  → +6: 御衣黄, 彼岸桜, 牡丹, ヨシノ, 染井吉野

[578/1424] 山北鉄道公園(御殿場線沿い桜並木の通り)の桜 (1品種)
  → 変化なし

[579/1424] 箱根強羅公園の桜 (4品種)
  → +11: オカメ, 小彼岸, 牡丹, ヤマザクラ, 東京桜

[580/1424] 宮城野早川堤の桜 (2品種)
  → +3: ヨシノ, 吉祥寺, 北の桜
  [保存中... 580件処理済み]

[581/1424] 恩賜箱根公園の桜 (2品種)
  → +15: 牡丹, ヤマザクラ, ヨシノ, 磨桜, 河津桜

[582/1424] 箱根湯本の桜 (2品種)
  → +2: ヨシノ, 枝垂桜

[583/1424] 大平台のしだれ桜 (1品種)
  → +7: 彼岸桜, 牡丹, ヨシノ, 染井吉野, 御衣黄

[584/1424] 箱根 芦ノ湖の桜 (1品種)
  → +6: 彼岸桜, 牡丹, ヨシノ, 御衣黄, 河津桜

[585/1424] 荒井城址公園の桜 (2品種)
  → +5: 吉祥寺, 牡丹, ヨシノ, クラマ, 河津桜

[586/1424] 鳥屋野潟(鳥屋野潟公園女池・鐘木地区)の桜 (1品種)
  → +13: オカメ, 小彼岸, ヨシノ, 河津桜, 彼岸桜

[587/1424] 信濃川やすらぎ堤緑地の桜 (1品種)
  → +3: クラマ, ヨシノ, 枝垂桜

[588/1424] 白山公園の桜 (1品種)
  → +8: 牡丹, ヨシノ, 河津桜, 彼岸桜, 枝垂桜

[589/1424] 秋葉公園の桜 (1品種)
  → +8: 彼岸桜, 牡丹, 枝垂桜, ヨシノ, クラマ

[590/1424] 桜遊歩道公園の桜 (1品種)
  → +8: 彼岸桜, 牡丹, 枝垂桜, ヨシノ, クラマ

[591/1424] 上堰潟公園の桜 (1品種)
  → +10: 紅山桜, 牡丹, ヤマザクラ, ヨシノ, 河津桜

[592/1424] 悠久山公園の桜 (2品種)
  → +8: 牡丹, ヨシノ, 河津桜, 彼岸桜, 枝垂桜

[593/1424] 赤坂山公園の桜 (2品種)
  → +7: 彼岸桜, 牡丹, ヨシノ, クラマ, 御衣黄

[594/1424] 新発田城址公園の桜 (1品種)
  → +4: ヨシノ, 紅華, 枝垂桜, クラマ

[595/1424] 加治川堤の桜 (1品種)
  → +6: 彼岸桜, 牡丹, ヨシノ, 御衣黄, 河津桜

[596/1424] 弘法山古墳の桜 (1品種)
  → +12: 牡丹, ヤマザクラ, ヨシノ, オオヤマザクラ, 磨桜

[597/1424] 臥竜公園の桜 (1品種)
  → +9: 牡丹, 熊谷桜, クラマ, 河津桜, 彼岸桜

[598/1424] 光前寺のしだれ桜 (1品種)
  → +7: 彼岸桜, 牡丹, ヨシノ, 染井吉野, 御衣黄

[599/1424] 光城山の桜 (1品種)
  → +3: 神代曙, 鬱金, はるか

[600/1424] 河口湖畔(北岸)の桜 (1品種)
  → +6: 彼岸桜, 牡丹, ヨシノ, 御衣黄, 河津桜
  [保存中... 600件処理済み]

[601/1424] 橡平サクラ樹林の桜 (1品種)
  → +12: カスミザクラ, 牡丹, 白山桜, 紅山桜, 河津桜

[602/1424] 桜公園の桜 (1品種)
  → +2: ヨシノ, 染井吉野

[603/1424] 大河津分水桜並木 (2品種)
  → +6: 牡丹, 枝垂桜, ヨシノ, 染井吉野, 手毬

[604/1424] 美山公園の桜 (1品種)
  → +6: 彼岸桜, 牡丹, ヨシノ, 御衣黄, 河津桜

[605/1424] 経塚山公園の桜 (1品種)
  → +8: カンヒザクラ, 彼岸桜, 牡丹, 枝垂桜, ヨシノ

[606/1424] 村松公園の桜 (1品種)
  → +8: 牡丹, ヤマザクラ, オオヤマザクラ, 磨桜, 陽光

[607/1424] 高田城址公園の桜 (1品種)
  → +8: 牡丹, 河津桜, クラマ, 彼岸桜, 枝垂桜

[608/1424] 瓢湖水きん公園の桜 (1品種)
  → +10: 牡丹, 白鳥, 河津桜, クラマ, 彼岸桜

[609/1424] 新穂ダムの桜 (1品種)
  → +6: 彼岸桜, 牡丹, ヨシノ, 御衣黄, 河津桜

[610/1424] 真野公園の桜 (1品種)
  → +5: 牡丹, ヨシノ, 枝垂桜, クラマ, 五所桜

[611/1424] 小出公園の桜 (1品種)
  → +8: 牡丹, ヨシノ, 河津桜, 彼岸桜, 枝垂桜

[612/1424] 魚野川桜づつみの桜 (1品種)
  → +10: 牡丹, ヤマザクラ, 河津桜, クラマ, 磨桜

[613/1424] 弁天潟風致公園の桜 (1品種)
  → +10: 牡丹, ヤマザクラ, 河津桜, クラマ, 磨桜

[614/1424] 弥彦公園(早咲き)の桜 (1品種)
  → +8: 牡丹, 河津桜, 雛菊桜, 彼岸桜, ヨシノ

[615/1424] 湯沢中央公園の桜 (2品種)
  → +6: 紅山桜, 牡丹, ヤマザクラ, ヨシノ, 磨桜

[616/1424] 舞鶴城公園の桜 (1品種)
  → +7: 彼岸桜, 牡丹, ヨシノ, 染井吉野, 御衣黄

[617/1424] 武田神社の桜 (1品種)
  → +7: 彼岸桜, 牡丹, ヨシノ, 染井吉野, 御衣黄

[618/1424] 富士見孝徳公園の桜 (1品種)
  → +6: 彼岸桜, 牡丹, ヨシノ, 御衣黄, 河津桜

[619/1424] 新倉山浅間公園の桜 (1品種)
  → +7: 彼岸桜, 牡丹, 咲耶姫, ヨシノ, 御衣黄

[620/1424] 岩殿山丸山公園の桜 (1品種)
  → +9: 牡丹, ヨシノ, 河津桜, 彼岸桜, 枝垂桜
  [保存中... 620件処理済み]

[621/1424] わに塚のサクラ (1品種)
  → 変化なし

[622/1424] 妙了寺の桜 (2品種)
  → +3: ヨシノ, 河津桜, 水上

[623/1424] 清春芸術村の桜 (1品種)
  → +12: 牡丹, ヤマザクラ, 河津桜, クラマ, 磨桜

[624/1424] 山高神代桜 (4品種)
  → +8: 彼岸桜, 牡丹, ヨシノ, アメリカ, 染井吉野

[625/1424] さくら温泉通りの桜 (1品種)
  → +8: 牡丹, ヨシノ, 河津桜, 彼岸桜, 枝垂桜

[626/1424] 慈雲寺の桜 (2品種)
  → 変化なし

[627/1424] 甚六桜 (1品種)
  → +1: ヨシノ

[628/1424] 大善寺の桜 (1品種)
  → +8: 彼岸桜, 牡丹, 枝垂桜, ヨシノ, クラマ

[629/1424] 塩山ふれあいの森総合公園の桜 (1品種)
  → +7: 御衣黄, 彼岸桜, 牡丹, ヨシノ, 染井吉野

[630/1424] 山の神千本桜 (1品種)
  → +6: 彼岸桜, 牡丹, ヨシノ, 御衣黄, 河津桜

[631/1424] 身延山久遠寺の桜 (2品種)
  → +1: 枝垂桜

[632/1424] 本郷の千年桜 (1品種)
  → +8: 牡丹, 糸桜, 河津桜, 彼岸桜, 江戸彼岸

[633/1424] 原間のイトザクラ (1品種)
  → +19: カスミザクラ, ヤマザクラ, 河津桜, 磨桜, 緋桜

[634/1424] 大法師公園の桜 (1品種)
  → +3: ヨシノ, クラマ, 枝垂桜

[635/1424] 冨士御室浅間神社の桜 (1品種)
  → +8: 彼岸桜, 牡丹, 枝垂桜, ヨシノ, クラマ

[636/1424] 長野市城山公園の桜 (1品種)
  → +6: 彼岸桜, 牡丹, ヨシノ, 御衣黄, 河津桜

[637/1424] 松代城跡の桜 (1品種)
  → +9: 小彼岸, 牡丹, 河津桜, クラマ, 彼岸桜

[638/1424] 国宝 松本城の桜 (5品種)
  → +3: ヨシノ, アメリカ, 染井吉野

[639/1424] 松本市城山公園の桜 (1品種)
  → +10: 小彼岸, 牡丹, 河津桜, クラマ, 彼岸桜

[640/1424] 上田城跡公園の桜 (2品種)
  → +9: 小彼岸, 牡丹, 河津桜, クラマ, 枝垂桜
  [保存中... 640件処理済み]

[641/1424] 飯田市大宮通り桜並木 (3品種)
  → +6: 牡丹, ヨシノ, 染井吉野, 御衣黄, 河津桜

[642/1424] 名勝天龍峡の桜 (2品種)
  → +8: 牡丹, ヨシノ, 河津桜, 彼岸桜, 春めき

[643/1424] 高島公園の桜 (2品種)
  → +6: 彼岸桜, 牡丹, ヨシノ, 御衣黄, 河津桜

[644/1424] 小諸城址 懐古園の桜 (1品種)
  → +7: 吉祥寺, 紅枝垂, 牡丹, 八重紅枝垂(佐野系）, 枝垂桜

[645/1424] 大町公園の桜 (1品種)
  → +8: 小彼岸, ヤマザクラ, ヨシノ, オオヤマザクラ, 磨桜

[646/1424] 飯山城址公園の桜 (2品種)
  → +5: オオヤマザクラ, ヤマザクラ, ヨシノ, アメリカ, 磨桜

[647/1424] 飯山西大滝ダムの桜 (1品種)
  → +8: 彼岸桜, 牡丹, 枝垂桜, ヨシノ, クラマ

[648/1424] 稲荷山公園の桜 (1品種)
  → +11: カスミザクラ, 牡丹, 河津桜, 磨桜, 彼岸桜

[649/1424] 龍岡城五稜郭の桜 (1品種)
  → +8: 牡丹, 紅山桜, 河津桜, 彼岸桜, ヨシノ

[650/1424] 福王寺の桜 (2品種)
  → +8: 彼岸桜, 小彼岸, 牡丹, ヨシノ, クラマ

[651/1424] 平尾山公園の桜 (1品種)
  → +6: 彼岸桜, 牡丹, ヨシノ, 御衣黄, 河津桜

[652/1424] 戸倉上山田温泉 城山の桜 (1品種)
  → +7: 彼岸桜, 紅山桜, 牡丹, ヨシノ, 御衣黄

[653/1424] 戸倉宿サクラケアパークの桜 (1品種)
  → +7: 彼岸桜, 牡丹, ヨシノ, 染井吉野, 御衣黄

[654/1424] 軽井沢プリンスホテルの桜 (1品種)
  → +9: 小彼岸, 牡丹, 河津桜, クラマ, 彼岸桜

[655/1424] 水月公園の桜 (1品種)
  → +10: 小彼岸, 牡丹, 河津桜, クラマ, 彼岸桜

[656/1424] 荒神山公園の桜 (3品種)
  → +5: 牡丹, ヨシノ, 染井吉野, 御衣黄, カンヒザクラ

[657/1424] 中曽根のエドヒガン (3品種)
  → +7: 彼岸桜, 牡丹, ヨシノ, 染井吉野, 御衣黄

[658/1424] 千人塚公園の桜 (1品種)
  → +4: クラマ, 染井吉野, ヨシノ, 枝垂桜

[659/1424] 愛宕様の小彼岸桜 (2品種)
  → +2: 小彼岸, 枝垂桜

[660/1424] 黒船桜 (2品種)
  → +6: 彼岸桜, 牡丹, ヨシノ, 御衣黄, 河津桜
  [保存中... 660件処理済み]

[661/1424] 駒つなぎの桜 (1品種)
  → +9: 牡丹, 駒繋, 江戸彼岸桜, アメリカ, 河津桜

[662/1424] 御所桜 (1品種)
  → +2: 五所桜, 枝垂桜

[663/1424] 大西公園の桜 (1品種)
  → +11: 牡丹, ヤマザクラ, 河津桜, クラマ, 磨桜

[664/1424] 鳳泉寺の桜 (2品種)
  → +6: 彼岸桜, 牡丹, ヨシノ, 御衣黄, 河津桜

[665/1424] 東山夢の郷公園(夢農場)の桜 (4品種)
  → +6: 牡丹, ヨシノ, 染井吉野, 御衣黄, 河津桜

[666/1424] 貞麟寺しだれ桜 (1品種)
  → +8: 牡丹, 糸桜, 河津桜, 彼岸桜, ヨシノ

[667/1424] 水中のしだれ桜 (1品種)
  → 変化なし

[668/1424] 宇木のエドヒガン(千歳桜) (3品種)
  → 変化なし

[669/1424] 呉羽山公園の桜 (1品種)
  → +5: 江戸彼岸, ヤマザクラ, ヨシノ, 染井吉野, 磨桜

[670/1424] 城ケ山公園の桜 (3品種)
  → +5: 牡丹, ヨシノ, 染井吉野, 河津桜, カンヒザクラ

[671/1424] 富山市民俗民芸村の桜 (1品種)
  → +8: 牡丹, クラマ, 枝垂桜, ヨシノ, 染井吉野

[672/1424] 常西用水 プロムナード公園の桜 (1品種)
  → +6: 牡丹, ヨシノ, 染井吉野, 御衣黄, 河津桜

[673/1424] 松川公園の桜 (1品種)
  → +8: 牡丹, ヨシノ, 河津桜, 枝垂桜, クラマ

[674/1424] 富山県中央植物園の桜 (5品種)
  → +8: アーコレード, 八重紅枝垂(佐野系）, ヨシノ, 天の川, 河津桜

[675/1424] 高岡古城公園の桜 (3品種)
  → +9: ヤマザクラ, ヨシノ, 磨桜, 彼岸桜, オオシマザクラ

[676/1424] 岸渡川堤の桜 (3品種)
  → +5: 枝垂桜, ヨシノ, クラマ, 染井吉野, 河津桜

[677/1424] 朝日山公園の桜 (1品種)
  → +3: ヨシノ, 旭山, 染井吉野

[678/1424] 宮野運動公園の桜 (1品種)
  → +7: 牡丹, ヨシノ, 枝垂桜, クラマ, 御衣黄

[679/1424] 能登さくら駅(能登鹿島駅)の桜 (1品種)
  → +5: 牡丹, ヨシノ, 御衣黄, 河津桜, カンヒザクラ

[680/1424] 特別名勝兼六園の桜 (6品種)
  → +7: 牡丹, 熊谷桜, ヨシノ, 染井吉野, 御衣黄
  [保存中... 680件処理済み]

[681/1424] 庄川水記念公園の桜 (1品種)
  → +7: 牡丹, ヨシノ, 枝垂桜, クラマ, 御衣黄

[682/1424] 倶利伽羅県定公園の桜 (1品種)
  → +7: 牡丹, ヨシノ, 枝垂桜, クラマ, 御衣黄

[683/1424] 安居寺公園の桜 (4品種)
  → +6: 牡丹, ヨシノ, 染井吉野, 御衣黄, 河津桜

[684/1424] 小矢部川公園千本桜 (4品種)
  → +12: ヤマザクラ, 江戸彼岸桜, 高岡越の彼岸, 磨桜, 御衣黄

[685/1424] 内川周辺の桜並木 (1品種)
  → +2: ヨシノ, アメリカ

[686/1424] 薬勝寺池公園の桜 (1品種)
  → 変化なし

[687/1424] 下条川千本桜の桜 (1品種)
  → +5: 牡丹, ヨシノ, 御衣黄, 河津桜, カンヒザクラ

[688/1424] 太閤山ランドの桜 (1品種)
  → +5: 牡丹, ヨシノ, 御衣黄, 河津桜, カンヒザクラ

[689/1424] 富山県常願寺川公園の桜 (1品種)
  → +7: カンヒザクラ, 牡丹, 枝垂桜, ヨシノ, 御衣黄

[690/1424] 卯辰山公園の桜 (5品種)
  → +8: 牡丹, クラマ, 枝垂桜, ヨシノ, 染井吉野

[691/1424] 小丸山城址公園の桜 (1品種)
  → +8: 牡丹, 枝垂桜, ヨシノ, 丸山, クラマ

[692/1424] 七尾市希望の丘公園の桜 (1品種)
  → +5: 牡丹, ヨシノ, 御衣黄, 河津桜, カンヒザクラ

[693/1424] 芦城公園の桜 (1品種)
  → +8: 牡丹, クラマ, 枝垂桜, ヨシノ, 染井吉野

[694/1424] 熊坂川河畔の桜 (1品種)
  → +5: 牡丹, ヨシノ, 枝垂桜, クラマ, 染井吉野

[695/1424] 大堰宮公園の桜 (1品種)
  → +6: 牡丹, ヨシノ, 染井吉野, 御衣黄, 河津桜

[696/1424] 喜多家しだれ桜 (1品種)
  → +6: 牡丹, ヨシノ, 染井吉野, 御衣黄, 河津桜

[697/1424] 石川県農林総合研究センター林業試験場樹木公園の桜 (7品種)
  → +5: 紅枝垂, 牡丹, ヨシノ, 御衣黄, カンヒザクラ

[698/1424] 志乎･桜の里 古墳公園の桜 (1品種)
  → +8: 牡丹, ヨシノ, 河津桜, 枝垂桜, クラマ

[699/1424] 能登町柳田植物公園の桜 (1品種)
  → +6: 牡丹, ヨシノ, 染井吉野, 御衣黄, 河津桜

[700/1424] 足羽山公園の桜 (1品種)
  → +10: ヤマザクラ, 高岡越の彼岸, 磨桜, 紅豊, オオシマザクラ
  [保存中... 700件処理済み]

[701/1424] 足羽川桜並木 (1品種)
  → +2: ヨシノ, 牡丹

[702/1424] 金崎宮(金ヶ崎公園)の桜 (1品種)
  → +5: 牡丹, ヨシノ, 御衣黄, 河津桜, カンヒザクラ

[703/1424] 小浜公園の桜 (1品種)
  → +5: 牡丹, ヨシノ, 御衣黄, 河津桜, カンヒザクラ

[704/1424] 妙祐寺のしだれ桜 (1品種)
  → +3: クラマ, 染井吉野, ヨシノ

[705/1424] 九頭竜湖の桜 (1品種)
  → 変化なし

[706/1424] 亀山公園の桜(福井県) (1品種)
  → +5: 牡丹, ヨシノ, 御衣黄, 河津桜, カンヒザクラ

[707/1424] 勝山弁天桜(九頭竜河畔の桜) (1品種)
  → +5: 牡丹, ヨシノ, 御衣黄, 河津桜, カンヒザクラ

[708/1424] 花筐公園の桜 (1品種)
  → +10: 牡丹, ヤマザクラ, 磨桜, クラマ, 河津桜

[709/1424] 味真野小学校の桜 (1品種)
  → +4: クラマ, 染井吉野, ヨシノ, 枝垂桜

[710/1424] 万葉の里 味真野苑の桜 (1品種)
  → +6: 牡丹, ヨシノ, 染井吉野, 御衣黄, 河津桜

[711/1424] 丸岡城(霞ヶ城公園)の桜 (1品種)
  → +5: 牡丹, ヨシノ, 御衣黄, 河津桜, カンヒザクラ

[712/1424] 越前陶芸村の桜 (2品種)
  → 変化なし

[713/1424] 神子の山桜 (2品種)
  → 変化なし

[714/1424] 水道山の桜 (1品種)
  → +8: 彼岸桜, 牡丹, 枝垂桜, ヨシノ, クラマ

[715/1424] 岐阜公園長良川堤の桜 (1品種)
  → +3: ヨシノ, 彼岸桜, 小彼岸

[716/1424] 墨俣一夜城址公園・犀川堤の桜 (1品種)
  → +2: ヨシノ, 彼岸桜

[717/1424] 荘川桜 (1品種)
  → 変化なし

[718/1424] 臥龍桜 (1品種)
  → +3: 江戸彼岸桜, 彼岸桜, 牡丹

[719/1424] 中橋周辺の桜 (1品種)
  → +8: 牡丹, ヨシノ, 河津桜, 彼岸桜, 枝垂桜

[720/1424] 宮川緑地公園の桜 (1品種)
  → +6: 彼岸桜, 牡丹, ヨシノ, 御衣黄, 河津桜
  [保存中... 720件処理済み]

[721/1424] 江名子川沿いの桜 (1品種)
  → +8: 牡丹, 河津桜, クラマ, 彼岸桜, 枝垂桜

[722/1424] 寺尾ヶ原千本桜公園の桜 (1品種)
  → 変化なし

[723/1424] 冨士霊園の桜 (1品種)
  → +6: 牡丹, 枝垂桜, ヨシノ, クラマ, 染井吉野

[724/1424] 三多気の桜 (1品種)
  → +5: 磨桜, ヤマザクラ, ヨシノ, アメリカ, 河津桜

[725/1424] 狩宿の下馬ザクラ (1品種)
  → +2: 磨桜, ヤマザクラ

[726/1424] 根尾谷淡墨桜 (2品種)
  → +1: 薄墨

[727/1424] 関川の桜 (1品種)
  → +1: ヨシノ

[728/1424] 吉田川の桜 (1品種)
  → +3: クラマ, ヨシノ, 枝垂桜

[729/1424] 関善光寺の桜 (1品種)
  → +8: 彼岸桜, 牡丹, 枝垂桜, ヨシノ, クラマ

[730/1424] 本町公園の桜 (1品種)
  → +8: 彼岸桜, 牡丹, 枝垂桜, ヨシノ, クラマ

[731/1424] 苗木さくら公園の桜 (1品種)
  → +8: 彼岸桜, 牡丹, 枝垂桜, ヨシノ, クラマ

[732/1424] 恵那峡の桜 (1品種)
  → +2: 心田, 枝垂桜

[733/1424] 奥矢作湖畔桜並木 (1品種)
  → +5: 二度桜, 枝垂桜, ヤマザクラ, ヨシノ, 磨桜

[734/1424] 新田の桜 (1品種)
  → +7: 彼岸桜, 江戸彼岸桜, 牡丹, ヨシノ, 御衣黄

[735/1424] 新境川堤の桜並木 (1品種)
  → 変化なし

[736/1424] 苗代桜 (1品種)
  → 変化なし

[737/1424] 平田公園と大榑川の桜並木(平田靱負ロード) (1品種)
  → 変化なし

[738/1424] 養老公園の桜 (1品種)
  → +7: 彼岸桜, 枝垂桜, ヤマザクラ, ヨシノ, 染井吉野

[739/1424] 相川水辺公園の桜 (1品種)
  → +8: 彼岸桜, 牡丹, 枝垂桜, ヨシノ, クラマ

[740/1424] 伊吹山ドライブウェイの桜 (1品種)
  → +8: 彼岸桜, 牡丹, 枝垂桜, ヨシノ, クラマ
  [保存中... 740件処理済み]

[741/1424] イビデン東横山発電所の桜並木 (1品種)
  → +7: 彼岸桜, 牡丹, ヨシノ, 染井吉野, 御衣黄

[742/1424] 谷汲山華厳寺の桜 (1品種)
  → +4: クラマ, 染井吉野, ヨシノ, 枝垂桜

[743/1424] 揖斐二度ザクラ公園の桜 (1品種)
  → +7: 二度桜, 彼岸桜, 牡丹, ヨシノ, 御衣黄

[744/1424] 霞間ヶ渓の桜 (1品種)
  → +7: 彼岸桜, 牡丹, ヨシノ, 染井吉野, 御衣黄

[745/1424] 生活環境保全林「みたけの森」の桜 (1品種)
  → +10: 牡丹, ヤマザクラ, 磨桜, クラマ, 河津桜

[746/1424] 鬼岩公園の桜 (1品種)
  → +6: 彼岸桜, 牡丹, ヨシノ, 御衣黄, 河津桜

[747/1424] 静岡浅間神社の桜 (1品種)
  → +8: 彼岸桜, 牡丹, 枝垂桜, ヨシノ, クラマ

[748/1424] 駿府城公園の桜 (1品種)
  → +4: クラマ, 染井吉野, ヨシノ, 枝垂桜

[749/1424] 日本平の桜 (1品種)
  → +8: 牡丹, ヨシノ, 河津桜, 彼岸桜, 枝垂桜

[750/1424] 清水船越堤公園の桜 (1品種)
  → +5: 吉祥寺, 枝垂桜, 四季桜, 神代曙, ヨシノ

[751/1424] 御殿山の桜 (1品種)
  → +3: ヨシノ, 牡丹, 枝垂桜

[752/1424] 浜松城公園の桜 (1品種)
  → +10: オビザクラ, 牡丹, ヨシノ, 河津桜, 彼岸桜

[753/1424] はままつフラワーパークの桜 (1品種)
  → +9: 関山, 牡丹, 普賢象, 河津桜, 彼岸桜

[754/1424] 佐鳴湖公園の桜 (3品種)
  → +6: 彼岸桜, 牡丹, ヨシノ, 染井吉野, 御衣黄

[755/1424] 東大山の桜 (1品種)
  → +7: カンヒザクラ, 彼岸桜, 牡丹, ヨシノ, 染井吉野

[756/1424] 奥山公園の桜 (1品種)
  → +10: 牡丹, ヤマザクラ, 河津桜, クラマ, 磨桜

[757/1424] 秋葉ダム千本桜 (1品種)
  → +1: 吉祥寺

[758/1424] 鳥羽山公園の桜 (1品種)
  → +5: オオシマザクラ, ヤマザクラ, ヨシノ, 染井吉野, 磨桜

[759/1424] 千歳川沿いの桜 (2品種)
  → +12: 牡丹, 姫の沢, 河津桜, 磨桜, クラマ

[760/1424] 糸川遊歩道の桜 (2品種)
  → +9: 牡丹, ヨシノ, 河津桜, 彼岸桜, 枝垂桜
  [保存中... 760件処理済み]

[761/1424] 熱海城の桜 (2品種)
  → +9: 牡丹, 河津桜, クラマ, 彼岸桜, 枝垂桜

[762/1424] 三嶋大社の桜 (22品種)
  → +2: ヨシノ, 染井吉野

[763/1424] 大石寺の桜 (1品種)
  → 変化なし

[764/1424] 伊豆高原桜並木 (2品種)
  → 変化なし

[765/1424] さくらの里の桜 (7品種)
  → 変化なし

[766/1424] 伊東温泉の桜 (2品種)
  → +10: 牡丹, 河津桜, クラマ, 吉祥寺, 彼岸桜

[767/1424] 河原町旧堤防の桜 (1品種)
  → +6: 彼岸桜, 牡丹, ヨシノ, 御衣黄, 河津桜

[768/1424] 家山の桜 (2品種)
  → +2: クラマ, ヨシノ

[769/1424] 野守の池の桜 (1品種)
  → +9: 牡丹, クラマ, 緋桜, 彼岸桜, 枝垂桜

[770/1424] 牛代の水目桜 (1品種)
  → +9: 熊谷, 冬桜, 松前紅陽, 牡丹, 寒桜

[771/1424] 木屋川堤の桜 (1品種)
  → +6: 彼岸桜, 牡丹, ヨシノ, 御衣黄, 河津桜

[772/1424] 坂本高草川沿いの桜 (1品種)
  → +7: 吉祥寺, 彼岸桜, 牡丹, ヨシノ, 御衣黄

[773/1424] 粟ヶ岳の桜 (2品種)
  → +11: 牡丹, ヤマザクラ, 磨桜, クラマ, 河津桜

[774/1424] つま恋リゾート彩の郷(さいのさと)の桜 (3品種)
  → +8: 牡丹, 磨桜, 彼岸桜, オオシマザクラ, ヨシノ

[775/1424] 蓮華寺池公園の桜 (1品種)
  → +5: 吉祥寺, ヨシノ, 枝垂桜, クラマ, 染井吉野

[776/1424] 藤枝金比羅山・瀬戸川堤防の桜 (1品種)
  → +6: 彼岸桜, 牡丹, ヨシノ, 御衣黄, 河津桜

[777/1424] 富士仏舎利塔平和公園の桜 (8品種)
  → +4: クラマ, 染井吉野, ヨシノ, 枝垂桜

[778/1424] 秩父宮記念公園の桜 (8品種)
  → +14: 牡丹, ヤマザクラ, シナミザクラ, 磨桜, 河津桜

[779/1424] 松原公園の桜 (2品種)
  → +7: 彼岸桜, 牡丹, ヨシノ, 染井吉野, 御衣黄

[780/1424] 高松神社の桜 (1品種)
  → +6: 彼岸桜, 牡丹, ヨシノ, 御衣黄, 河津桜
  [保存中... 780件処理済み]

[781/1424] 浜岡砂丘白砂公園の桜 (1品種)
  → +9: 牡丹, 河津桜, クラマ, 彼岸桜, 枝垂桜

[782/1424] あらさわふる里公園の桜 (1品種)
  → +7: 彼岸桜, 牡丹, ヨシノ, 染井吉野, 御衣黄

[783/1424] 池宮神社桜ヶ池の桜 (1品種)
  → +6: 彼岸桜, 牡丹, ヨシノ, 染井吉野, 御衣黄

[784/1424] 狩野川さくら公園の桜 (1品種)
  → +8: 彼岸桜, 牡丹, 枝垂桜, ヨシノ, クラマ

[785/1424] 勝間田川沿いの桜 (1品種)
  → +2: ヨシノ, クラマ

[786/1424] 河津川沿桜並木の桜 (2品種)
  → +6: 彼岸桜, 牡丹, ヨシノ, 染井吉野, 御衣黄

[787/1424] 下賀茂温泉の桜 (1品種)
  → +7: 彼岸桜, 牡丹, ヨシノ, 染井吉野, 御衣黄

[788/1424] 松崎町 那賀川沿いの桜並木 (1品種)
  → +6: 彼岸桜, 牡丹, ヨシノ, 御衣黄, 河津桜

[789/1424] 黄金崎公園の桜 (1品種)
  → +6: 磨桜, オオシマザクラ, 枝垂桜, ヨシノ, 河津桜

[790/1424] かんなみの桜 (1品種)
  → +7: 彼岸桜, 牡丹, ヨシノ, 染井吉野, 御衣黄

[791/1424] 駿河平自然公園の桜 (1品種)
  → +8: 彼岸桜, 牡丹, 枝垂桜, ヨシノ, クラマ

[792/1424] 小国神社の桜 (1品種)
  → +6: 彼岸桜, 牡丹, ヨシノ, 御衣黄, 河津桜

[793/1424] 太田川桜堤の桜 (1品種)
  → +9: 牡丹, ヨシノ, 河津桜, 吉祥寺, 彼岸桜

[794/1424] 戦国夢街道ハイキングコースの桜 (1品種)
  → +5: 枝垂桜, ヤマザクラ, ヨシノ, クラマ, 磨桜

[795/1424] 名古屋市東山動植物園の桜 (5品種)
  → +12: 関山, 牡丹, 菊桜, 子福桜, クラマ

[796/1424] 平和公園の桜 (1品種)
  → 変化なし

[797/1424] 徳川園の桜 (2品種)
  → +7: 彼岸桜, 牡丹, ヨシノ, 御衣黄, 河津桜

[798/1424] 庄内緑地の桜 (2品種)
  → +7: 彼岸桜, 牡丹, ヨシノ, クラマ, 御衣黄

[799/1424] 名古屋城の桜 (2品種)
  → +6: 彼岸桜, 牡丹, ヨシノ, 御衣黄, 河津桜

[800/1424] 鶴舞公園の桜 (2品種)
  → +8: 牡丹, 神代曙, ヨシノ, 河津桜, 彼岸桜
  [保存中... 800件処理済み]

[801/1424] 八事山興正寺の桜 (1品種)
  → +7: 彼岸桜, 牡丹, ヨシノ, アメリカ, 御衣黄

[802/1424] 山崎川四季の道の桜 (1品種)
  → +8: 彼岸桜, 牡丹, 枝垂桜, ヨシノ, クラマ

[803/1424] 荒子川公園の桜 (1品種)
  → +8: 牡丹, ヨシノ, 河津桜, 彼岸桜, 枝垂桜

[804/1424] 東谷山フルーツパークの桜 (5品種)
  → +10: 牡丹, 八重紅枝垂(佐野系）, クラマ, 春日井, 彼岸桜

[805/1424] 向山緑地の桜 (1品種)
  → +6: 彼岸桜, 牡丹, ヨシノ, 御衣黄, 河津桜

[806/1424] 豊橋公園の桜 (1品種)
  → +3: クラマ, ヨシノ, 枝垂桜

[807/1424] 岩屋緑地の桜 (1品種)
  → +6: 彼岸桜, 牡丹, ヨシノ, 御衣黄, 河津桜

[808/1424] 岡崎城公園の桜 (1品種)
  → +8: 彼岸桜, 牡丹, 枝垂桜, ヨシノ, クラマ

[809/1424] 大江川緑道の桜 (1品種)
  → +6: 彼岸桜, 牡丹, ヨシノ, 御衣黄, 河津桜

[810/1424] 木曽川堤の桜 (1品種)
  → +11: 牡丹, ヤマザクラ, 河津桜, クラマ, 磨桜

[811/1424] 138タワーパークの桜 (3品種)
  → +11: 冬桜, 牡丹, 仙台吉野, 河津桜, 彼岸桜

[812/1424] 大野極楽寺公園の桜 (3品種)
  → +9: 八千代, 小彼岸, 牡丹, 春日井, 武蔵野

[813/1424] 光明寺公園の桜 (1品種)
  → +7: 彼岸桜, 牡丹, ヨシノ, 染井吉野, 御衣黄

[814/1424] 定光寺公園の桜 (1品種)
  → +9: 牡丹, 河津桜, クラマ, 彼岸桜, 紅枝垂

[815/1424] 佐奈川堤の桜 (1品種)
  → +6: 彼岸桜, 牡丹, ヨシノ, 御衣黄, 河津桜

[816/1424] とよかわ桜トンネル (1品種)
  → +8: 彼岸桜, 牡丹, 枝垂桜, ヨシノ, クラマ

[817/1424] 音羽川堤の桜 (1品種)
  → +8: 彼岸桜, 牡丹, 枝垂桜, ヨシノ, クラマ

[818/1424] 御津山園地の桜 (1品種)
  → +7: 彼岸桜, 牡丹, ヨシノ, 丸山, 御衣黄

[819/1424] 天王川公園の桜 (2品種)
  → +7: 御衣黄, 彼岸桜, 牡丹, ヨシノ, 鬱金

[820/1424] 明石公園(愛知県)の桜 (2品種)
  → +6: 彼岸桜, 牡丹, ヨシノ, 染井吉野, 御衣黄
  [保存中... 820件処理済み]

[821/1424] 洲原公園の桜 (1品種)
  → +6: 彼岸桜, 牡丹, ヨシノ, 御衣黄, 河津桜

[822/1424] 瑞龍寺のしだれ桜 (2品種)
  → +7: 彼岸桜, 牡丹, ヨシノ, 染井吉野, 御衣黄

[823/1424] 水源公園の桜 (1品種)
  → +9: 牡丹, ヨシノ, 河津桜, 彼岸桜, 枝垂桜

[824/1424] 愛知県緑化センターの桜 (1品種)
  → +10: 関山, 牡丹, 河津桜, クラマ, 彼岸桜

[825/1424] 金剛寺のしだれ桜 (2品種)
  → +7: 彼岸桜, 牡丹, ヨシノ, 染井吉野, 御衣黄

[826/1424] 鞍ケ池公園の桜 (4品種)
  → +4: クラマ, 染井吉野, ヨシノ, 枝垂桜

[827/1424] 大安寺のしだれ桜 (2品種)
  → +7: 彼岸桜, 牡丹, ヨシノ, 染井吉野, 御衣黄

[828/1424] 安城公園の桜 (1品種)
  → +6: 彼岸桜, 牡丹, ヨシノ, 御衣黄, 河津桜

[829/1424] 愛知こどもの国の桜 (3品種)
  → +5: 彼岸桜, 牡丹, ヨシノ, 染井吉野, 河津桜

[830/1424] 博物館 明治村の桜 (1品種)
  → +7: 彼岸桜, 牡丹, ヨシノ, 染井吉野, 御衣黄

[831/1424] 犬山城の桜 (1品種)
  → +7: 彼岸桜, 牡丹, 四季桜, ヨシノ, 御衣黄

[832/1424] 犬山市木曽川河畔一帯の桜 (1品種)
  → +6: 彼岸桜, 牡丹, ヨシノ, 御衣黄, 河津桜

[833/1424] 日本モンキーパークの桜 (1品種)
  → +5: ヤマザクラ, ヨシノ, 染井吉野, 御衣黄, 磨桜

[834/1424] 桃太郎公園の桜 (1品種)
  → +7: カンヒザクラ, 彼岸桜, 牡丹, ヨシノ, 御衣黄

[835/1424] 日本庭園 有楽苑の桜 (1品種)
  → +6: 彼岸桜, 牡丹, ヨシノ, 染井吉野, 御衣黄

[836/1424] 史跡小牧山の桜 (1品種)
  → +10: 牡丹, ヨシノ, 河津桜, 春日井, 彼岸桜

[837/1424] 尾張大國霊神社(国府宮)の桜 (1品種)
  → +7: 彼岸桜, 牡丹, ヨシノ, 染井吉野, 御衣黄

[838/1424] 桜ネックレスの桜 (8品種)
  → +10: 琉球寒緋桜, 牡丹, ヨシノ, 彼岸桜, 兼六園菊桜

[839/1424] 桜淵公園の桜 (1品種)
  → +7: カンヒザクラ, 彼岸桜, 牡丹, ヨシノ, 御衣黄

[840/1424] 愛知県民の森の桜 (1品種)
  → +10: 牡丹, ヤマザクラ, 磨桜, クラマ, 河津桜
  [保存中... 840件処理済み]

[841/1424] 大池公園の桜 (1品種)
  → +7: 彼岸桜, 牡丹, ヨシノ, 染井吉野, 御衣黄

[842/1424] 城山公園(愛知)の桜 (1品種)
  → +8: 牡丹, 神代曙, ヨシノ, 河津桜, 彼岸桜

[843/1424] 大山緑地の桜 (1品種)
  → +5: 牡丹, ヤマザクラ, ヨシノ, 染井吉野, 磨桜

[844/1424] 岩倉五条川の桜 (1品種)
  → +7: 彼岸桜, 牡丹, 神代曙, ヨシノ, 御衣黄

[845/1424] 滝頭公園の桜 (2品種)
  → +8: 彼岸桜, 牡丹, クラマ, 枝垂桜, ヨシノ

[846/1424] 清洲城周辺の桜 (2品種)
  → +6: 牡丹, ヨシノ, 染井吉野, 御衣黄, 河津桜

[847/1424] 三好公園の桜 (4品種)
  → +7: 牡丹, ヨシノ, 枝垂桜, クラマ, 染井吉野

[848/1424] 愛・地球博記念公園(モリコロパーク)の桜 (2品種)
  → +5: 牡丹, ヨシノ, 染井吉野, 御衣黄, カンヒザクラ

[849/1424] 大口町 五条川の桜並木 (1品種)
  → +7: カンヒザクラ, 彼岸桜, 牡丹, ヨシノ, 御衣黄

[850/1424] 於大のみちの桜 (8品種)
  → +7: 彼岸桜, 紅枝垂, 牡丹, ヨシノ, 染井吉野

[851/1424] 幸田文化公園の桜 (1品種)
  → +7: 彼岸桜, 牡丹, ヨシノ, 染井吉野, 御衣黄

[852/1424] 津偕楽公園の桜 (1品種)
  → +8: 彼岸桜, 牡丹, 枝垂桜, ヨシノ, クラマ

[853/1424] 君ヶ野ダム公園の桜 (1品種)
  → +8: 牡丹, ヨシノ, 河津桜, 彼岸桜, 枝垂桜

[854/1424] 五十鈴川堤の桜 (1品種)
  → +8: 牡丹, 河津桜, 彼岸桜, 枝垂桜, ヨシノ

[855/1424] 宮川堤の桜 (1品種)
  → +4: ヨシノ, 染井吉野, 牡丹, 天の川

[856/1424] 春谷寺エドヒガンザクラ (4品種)
  → +6: 牡丹, ヨシノ, 染井吉野, 御衣黄, 河津桜

[857/1424] 九華公園の桜 (2品種)
  → +9: 牡丹, ヨシノ, 河津桜, 彼岸桜, 枝垂桜

[858/1424] 鳥羽城跡 城山公園の桜 (1品種)
  → +6: 彼岸桜, 牡丹, ヨシノ, 御衣黄, 河津桜

[859/1424] 上野公園の桜(三重県) (12品種)
  → +3: ヨシノ, 彼岸桜, 牡丹

[860/1424] 湯の山温泉の桜 (1品種)
  → +5: ヨシノ, 枝垂桜, ヤマザクラ, クラマ, 磨桜
  [保存中... 860件処理済み]

[861/1424] 田丸城跡の桜 (1品種)
  → +6: 彼岸桜, 牡丹, ヨシノ, 御衣黄, 河津桜

[862/1424] 宮リバー度会パークの桜 (1品種)
  → +8: 彼岸桜, 牡丹, クラマ, 枝垂桜, ヨシノ

[863/1424] 大滝峡自然公園の桜 (1品種)
  → +9: 牡丹, ヨシノ, 江戸彼岸桜, 河津桜, 彼岸桜

[864/1424] 石山寺の桜 (2品種)
  → +12: 牡丹, ヤマザクラ, ヨシノ, 磨桜, 河津桜

[865/1424] 三井寺(園城寺)の桜 (2品種)
  → 変化なし

[866/1424] 琵琶湖疏水の桜 (1品種)
  → +5: 牡丹, ヤマザクラ, ヨシノ, 染井吉野, 磨桜

[867/1424] 奥比叡・延暦寺境内の桜 (2品種)
  → +7: 彼岸桜, 牡丹, ヨシノ, 染井吉野, 御衣黄

[868/1424] 南郷水産センターの桜 (1品種)
  → +9: 牡丹, 河津桜, クラマ, 彼岸桜, 枝垂桜

[869/1424] 国宝・彦根城の桜 (1品種)
  → +6: 彼岸桜, 牡丹, ヨシノ, 御衣黄, 河津桜

[870/1424] 豊公園(長浜城)の桜 (1品種)
  → +6: 彼岸桜, 牡丹, ヨシノ, 御衣黄, 河津桜

[871/1424] 虎御前山の桜 (1品種)
  → +8: 彼岸桜, 牡丹, 枝垂桜, ヨシノ, クラマ

[872/1424] 水口岡山城跡の桜 (1品種)
  → +6: 彼岸桜, 牡丹, ヨシノ, 御衣黄, 河津桜

[873/1424] 水口スポーツの森周辺の桜 (1品種)
  → +6: 彼岸桜, 牡丹, ヨシノ, 御衣黄, 河津桜

[874/1424] 御室(仁和寺)の桜 (4品種)
  → 変化なし

[875/1424] 高見の郷の桜 (2品種)
  → +6: 彼岸桜, 牡丹, ヨシノ, 御衣黄, 河津桜

[876/1424] 須磨浦山上遊園の桜 (1品種)
  → +8: 牡丹, 普賢象, 河津桜, 彼岸桜, 須磨浦普賢象

[877/1424] 勝ち運の寺 勝尾寺の桜 (2品種)
  → +9: オカメ, 牡丹, 河津桜, 早晩山, 緋桜

[878/1424] 甲南町下野川の桜 (1品種)
  → +8: 牡丹, ヨシノ, 河津桜, 彼岸桜, 枝垂桜

[879/1424] 滋賀県立近江富士花緑公園の桜 (2品種)
  → +6: 彼岸桜, 牡丹, ヨシノ, 染井吉野, 御衣黄

[880/1424] 雨山文化運動公園の桜 (1品種)
  → +6: 彼岸桜, 牡丹, ヨシノ, 御衣黄, 河津桜
  [保存中... 880件処理済み]

[881/1424] じゅらくの里の桜 (1品種)
  → +11: 牡丹, ヨシノ, 河津桜, 緋桜, 彼岸桜

[882/1424] 海津大崎の桜 (1品種)
  → +6: 彼岸桜, 牡丹, ヨシノ, 江戸彼岸桜, アメリカ

[883/1424] 清水(しょうず)の桜 (1品種)
  → 変化なし

[884/1424] 「国史跡」釈迦山 百済寺(湖東三山)の桜 (2品種)
  → +1: 鞍馬山

[885/1424] 清瀧寺徳源院の桜 (2品種)
  → +6: 彼岸桜, 牡丹, ヨシノ, 御衣黄, 河津桜

[886/1424] 滋賀県醒井養鱒場の桜 (1品種)
  → +6: 彼岸桜, 牡丹, ヨシノ, 御衣黄, 河津桜

[887/1424] 金剛輪寺の桜 (1品種)
  → +12: カスミザクラ, 牡丹, ヤマザクラ, 磨桜, クラマ

[888/1424] 湖東三山西明寺の桜 (3品種)
  → +8: オカメ, 牡丹, 河津桜, 緋桜, 彼岸桜

[889/1424] 平野神社の桜 (24品種)
  → 変化なし

[890/1424] 上賀茂神社の桜 (3品種)
  → +9: 牡丹, 八重紅枝垂(佐野系）, 五所桜, 河津桜, 紅枝垂

[891/1424] 上品蓮台寺の桜 (1品種)
  → +6: 彼岸桜, 牡丹, ヨシノ, 御衣黄, 河津桜

[892/1424] 常照寺の桜 (1品種)
  → +11: 牡丹, 八重紅枝垂(佐野系）, ヨシノ, 河津桜, 彼岸桜

[893/1424] 原谷苑の桜 (9品種)
  → 変化なし

[894/1424] 等持院の桜 (1品種)
  → +6: 彼岸桜, 牡丹, ヨシノ, 御衣黄, 河津桜

[895/1424] 大本山 妙蓮寺の桜 (2品種)
  → +9: 牡丹, 八重紅枝垂(佐野系）, 河津桜, 彼岸桜, 紅枝垂

[896/1424] 立本寺の桜 (1品種)
  → +6: 彼岸桜, 牡丹, ヨシノ, 御衣黄, 河津桜

[897/1424] 妙顕寺の桜 (2品種)
  → +8: 牡丹, 八重紅枝垂(佐野系）, 河津桜, 彼岸桜, 紅枝垂

[898/1424] 本法寺の桜 (1品種)
  → +9: 牡丹, 八重紅枝垂(佐野系）, 河津桜, 彼岸桜, 紅枝垂

[899/1424] 日蓮宗本山 本満寺のしだれ桜 (1品種)
  → +7: 彼岸桜, 牡丹, ヨシノ, 染井吉野, 御衣黄

[900/1424] 京都御苑の桜 (5品種)
  → 変化なし
  [保存中... 900件処理済み]

[901/1424] 晴明神社の桜 (1品種)
  → +6: 彼岸桜, 牡丹, ヨシノ, 染井吉野, 御衣黄

[902/1424] 水火天満宮の桜 (2品種)
  → +1: 紅枝垂

[903/1424] 平安神宮 神苑の桜 (3品種)
  → +8: ヤマザクラ, 磨桜, 緋桜, 紅枝垂, 枝垂桜

[904/1424] 哲学の道の桜 (1品種)
  → +5: 牡丹, 枝垂桜, ヨシノ, 高台寺, クラマ

[905/1424] 岡崎さくら回廊十石舟めぐりの桜 (1品種)
  → +6: 彼岸桜, 牡丹, ヨシノ, 御衣黄, 河津桜

[906/1424] 京都府立植物園の桜 (28品種)
  → +5: 緋桜, オカメ, 紅枝垂, 牡丹, ヨシノ

[907/1424] 八瀬周辺の桜 (1品種)
  → +10: オカメ, 牡丹, 八重紅枝垂(佐野系）, 河津桜, 彼岸桜

[908/1424] 三千院門跡の桜 (1品種)
  → 変化なし

[909/1424] 国立京都国際会館の桜 (1品種)
  → +10: 牡丹, 八重紅枝垂(佐野系）, 河津桜, 彼岸桜, 紅枝垂

[910/1424] 妙満寺の桜 (2品種)
  → +8: 牡丹, 八重紅枝垂(佐野系）, 河津桜, 彼岸桜, 紅枝垂

[911/1424] 宝が池公園の桜 (1品種)
  → +1: ヨシノ

[912/1424] 大本山 くろ谷 金戒光明寺の桜 (1品種)
  → +6: 彼岸桜, 牡丹, ヨシノ, 御衣黄, 河津桜

[913/1424] 百萬遍知恩寺の桜 (1品種)
  → +7: 彼岸桜, 牡丹, ヨシノ, 染井吉野, 御衣黄

[914/1424] 南禅寺の桜 (1品種)
  → +8: 彼岸桜, 牡丹, 枝垂桜, ヨシノ, クラマ

[915/1424] 岩倉実相院門跡の桜 (1品種)
  → +11: 牡丹, 八重紅枝垂(佐野系）, 河津桜, 啓翁桜, 彼岸桜

[916/1424] 聖護院門跡の桜 (2品種)
  → +8: 牡丹, ヨシノ, 河津桜, 彼岸桜, 紅枝垂

[917/1424] 蹴上インクラインの桜 (1品種)
  → +12: 牡丹, ヤマザクラ, 河津桜, 磨桜, クラマ

[918/1424] 安楽寺の桜 (1品種)
  → +4: ヨシノ, クラマ, 河津桜, 枝垂桜

[919/1424] 鞍馬寺の桜 (4品種)
  → +1: クラマ

[920/1424] 鴨川公園(半木の道)の八重紅枝垂桜 (3品種)
  → +8: 牡丹, 八重紅枝垂(佐野系）, 河津桜, 彼岸桜, ヨシノ
  [保存中... 920件処理済み]

[921/1424] 真如堂(真正極楽寺)の桜 (2品種)
  → +6: 彼岸桜, 牡丹, ヨシノ, 御衣黄, 河津桜

[922/1424] 寂光院の桜 (2品種)
  → +12: 牡丹, 八重紅枝垂(佐野系）, 黒田百年, 河津桜, 彼岸桜

[923/1424] 宗忠神社の桜 (1品種)
  → +7: 彼岸桜, 牡丹, ヨシノ, クラマ, 御衣黄

[924/1424] 十輪寺の桜 (2品種)
  → +4: 塩竈, 小汐山（小塩山）, 法輪寺, 北の桜

[925/1424] 神泉苑の桜 (2品種)
  → +8: 彼岸桜, 牡丹, クラマ, ヨシノ, 白雪

[926/1424] 元離宮二条城の桜 (7品種)
  → +5: 彼岸桜, 牡丹, ヨシノ, 御衣黄, 河津桜

[927/1424] 六角堂(紫雲山頂法寺)の桜 (2品種)
  → +8: 牡丹, 河津桜, 御幸桜, 彼岸桜, ヨシノ

[928/1424] 高台寺の桜 (2品種)
  → +11: 牡丹, ヤマザクラ, 河津桜, クラマ, 磨桜

[929/1424] 浄土宗 総本山知恩院の桜 (1品種)
  → +11: カンヒザクラ, オカメ, 牡丹, ヤマザクラ, 磨桜

[930/1424] 清水寺の桜 (1品種)
  → +10: 牡丹, ヤマザクラ, 磨桜, 河津桜, 彼岸桜

[931/1424] 祇園白川の桜 (1品種)
  → +3: クラマ, 染井吉野, ヨシノ

[932/1424] 建仁寺の桜 (2品種)
  → +7: 彼岸桜, 牡丹, ヨシノ, 高台寺, 御衣黄

[933/1424] 東福寺塔頭 光明院の桜 (1品種)
  → +47: 八重紅枝垂(佐野系）, ヤマザクラ, 河津桜, 横浜緋桜, 磨桜

[934/1424] 東本願寺・渉成園(枳殻邸)の桜 (2品種)
  → +12: 牡丹, アメリカ, 河津桜, 青葉, 豆桜

[935/1424] 佛光寺の桜 (2品種)
  → +7: 彼岸桜, 牡丹, ヨシノ, 高台寺, 御衣黄

[936/1424] 六孫王神社の桜 (2品種)
  → +7: 御衣黄, 彼岸桜, 牡丹, ヨシノ, 高台寺

[937/1424] 東寺(教王護国寺)の桜 (2品種)
  → +8: 彼岸桜, 紅枝垂, 牡丹, 八重紅枝垂(佐野系）, ヨシノ

[938/1424] 天龍寺の桜 (5品種)
  → +10: 牡丹, ヤマザクラ, 磨桜, クラマ, 河津桜

[939/1424] 常寂光寺の桜 (1品種)
  → +12: 牡丹, ヤマザクラ, 河津桜, クラマ, 磨桜

[940/1424] 二尊院の桜 (2品種)
  → +10: 牡丹, 普賢象, 河津桜, クラマ, 不断桜
  [保存中... 940件処理済み]

[941/1424] 旧嵯峨御所 大本山大覚寺の桜 (1品種)
  → +11: 牡丹, 八重紅枝垂(佐野系）, 河津桜, クラマ, 彼岸桜

[942/1424] 常照皇寺の桜 (1品種)
  → +2: 紫宸殿, 御車返し

[943/1424] 法金剛院の桜 (2品種)
  → +5: 彼岸桜, 紅枝垂, ヨシノ, クラマ, 鬱金

[944/1424] 梅宮大社の桜 (1品種)
  → +6: 彼岸桜, 牡丹, ヨシノ, 御衣黄, 河津桜

[945/1424] 高雄・三尾一帯の桜 (1品種)
  → +6: 彼岸桜, 牡丹, ヨシノ, 御衣黄, 河津桜

[946/1424] 龍安寺の桜 (2品種)
  → +4: クラマ, 染井吉野, ヨシノ, 枝垂桜

[947/1424] 退蔵院(妙心寺山内)の桜 (2品種)
  → +4: 紅枝垂, 関山, 河津桜, 法輪寺

[948/1424] 大河内山荘庭園の桜 (1品種)
  → +7: 彼岸桜, 牡丹, ヨシノ, 染井吉野, 御衣黄

[949/1424] 車折神社の桜 (2品種)
  → +5: 彼岸桜, 牡丹, ヨシノ, 染井吉野, 御衣黄

[950/1424] 清凉寺(嵯峨釈迦堂)の桜 (2品種)
  → +6: 彼岸桜, 牡丹, ヨシノ, 御衣黄, 河津桜

[951/1424] 京福電鉄(嵐電)の桜 (1品種)
  → +6: 彼岸桜, 牡丹, ヨシノ, 御衣黄, 河津桜

[952/1424] 嵯峨野トロッコ列車の桜 (1品種)
  → +6: 彼岸桜, 牡丹, ヨシノ, 御衣黄, 河津桜

[953/1424] 黒田の百年桜 (1品種)
  → +9: 牡丹, ヤマザクラ, 黒田百年, 河津桜, 磨桜

[954/1424] 金花山宝泉寺の桜 (1品種)
  → +8: 彼岸桜, 牡丹, 仙台屋, ヨシノ, 染井吉野

[955/1424] 醍醐寺の桜 (4品種)
  → +2: アメリカ, 高台寺

[956/1424] 城南宮 神苑 楽水苑の桜 (2品種)
  → +45: 八重紅枝垂(佐野系）, ヤマザクラ, 河津桜, 横浜緋桜, 磨桜

[957/1424] 淀水路の桜 (2品種)
  → +6: 彼岸桜, 牡丹, ヨシノ, 御衣黄, 河津桜

[958/1424] 御香宮神社の桜 (1品種)
  → +9: 牡丹, 河津桜, 彼岸桜, 紅枝垂, 枝垂桜

[959/1424] 伏見桃山城の桜 (2品種)
  → +7: 彼岸桜, 紅枝垂, 牡丹, ヨシノ, 御衣黄

[960/1424] 墨染寺の桜 (2品種)
  → +7: 墨染, 法輪寺, ヨシノ, 黒田百年, 染井吉野
  [保存中... 960件処理済み]

[961/1424] 伏見十石舟の桜 (1品種)
  → +6: 彼岸桜, 牡丹, ヨシノ, 御衣黄, 河津桜

[962/1424] 毘沙門堂の桜 (3品種)
  → +4: 染井吉野, はるか, 猩々, 法輪寺

[963/1424] 勧修寺の桜 (1品種)
  → +3: クラマ, ヨシノ, 枝垂桜

[964/1424] 大石神社の桜 (2品種)
  → +9: 牡丹, 北の桜, 河津桜, 彼岸桜, 法輪寺

[965/1424] 岩屋寺の桜 (1品種)
  → +9: 牡丹, 河津桜, 高台寺, 彼岸桜, 法輪寺

[966/1424] 将軍塚青龍殿の桜 (1品種)
  → +9: 牡丹, 河津桜, 彼岸桜, はるか, 枝垂桜

[967/1424] 隨心院の桜 (1品種)
  → +7: 彼岸桜, 牡丹, ヨシノ, 染井吉野, 御衣黄

[968/1424] 大原野神社の桜 (1品種)
  → +9: 牡丹, 北の桜, 河津桜, 彼岸桜, 法輪寺

[969/1424] 正法寺の桜 (2品種)
  → +9: カンヒザクラ, 牡丹, 河津桜, 彼岸桜, 法輪寺

[970/1424] 勝持寺の桜 (2品種)
  → +10: 牡丹, 黒田百年, 河津桜, 彼岸桜, 紅枝垂

[971/1424] 善峯寺の桜 (2品種)
  → +2: 法輪寺, 牡丹

[972/1424] 京都府・緑化センターの桜 (2品種)
  → +8: 牡丹, 八重紅枝垂(佐野系）, 河津桜, 彼岸桜, 紅枝垂

[973/1424] 福知山城の桜 (1品種)
  → +8: 彼岸桜, 牡丹, 枝垂桜, ヨシノ, クラマ

[974/1424] 三段池公園の桜 (6品種)
  → +4: クラマ, 染井吉野, ヨシノ, 枝垂桜

[975/1424] 引揚記念公園の桜 (1品種)
  → +8: 牡丹, ヨシノ, 河津桜, 彼岸桜, 枝垂桜

[976/1424] 共楽公園の桜 (1品種)
  → +8: 牡丹, ヨシノ, 河津桜, 彼岸桜, 枝垂桜

[977/1424] 宇治橋上流の桜 (1品種)
  → +5: ヨシノ, 枝垂桜, クラマ, 高台寺, 河津桜

[978/1424] 宇治市植物公園の桜 (3品種)
  → +8: 彼岸桜, 牡丹, 枝垂桜, 御車返し, ヨシノ

[979/1424] 山城総合運動公園の桜 (1品種)
  → +6: 彼岸桜, 牡丹, ヨシノ, 御衣黄, 河津桜

[980/1424] 平等院の桜 (1品種)
  → +9: 牡丹, 河津桜, クラマ, 彼岸桜, 枝垂桜
  [保存中... 980件処理済み]

[981/1424] 傘松公園の桜 (1品種)
  → +8: 彼岸桜, 牡丹, 枝垂桜, ヨシノ, クラマ

[982/1424] 七谷川・和らぎの道の桜 (3品種)
  → +7: 彼岸桜, 牡丹, ヨシノ, 染井吉野, 御衣黄

[983/1424] 保津峡の桜 (1品種)
  → +7: 彼岸桜, 牡丹, ヨシノ, 染井吉野, 御衣黄

[984/1424] 亀岡運動公園の桜 (1品種)
  → +7: 彼岸桜, 牡丹, ヨシノ, 染井吉野, 御衣黄

[985/1424] 鴻ノ巣山の桜 (1品種)
  → +6: 彼岸桜, 牡丹, ヨシノ, 御衣黄, 河津桜

[986/1424] 向日神社の桜 (1品種)
  → +7: 彼岸桜, 法輪寺, 牡丹, ヨシノ, 御衣黄

[987/1424] 桜の径・噴水公園の桜 (1品種)
  → +8: 彼岸桜, 牡丹, 枝垂桜, ヨシノ, クラマ

[988/1424] 長岡天満宮八条ヶ池の桜 (1品種)
  → +6: 彼岸桜, 牡丹, ヨシノ, 御衣黄, 河津桜

[989/1424] 勝竜寺城公園(勝龍寺城)の桜 (1品種)
  → +6: 彼岸桜, 牡丹, ヨシノ, 御衣黄, 河津桜

[990/1424] 淀川河川公園背割堤地区の桜 (1品種)
  → +5: 牡丹, ヨシノ, 枝垂桜, クラマ, 河津桜

[991/1424] 石清水八幡宮の桜 (1品種)
  → +12: オカメ, 牡丹, ヤマザクラ, 磨桜, クラマ

[992/1424] 馬坂川の桜 (1品種)
  → +6: 彼岸桜, 牡丹, ヨシノ, 御衣黄, 河津桜

[993/1424] 離湖公園の桜 (1品種)
  → +8: 彼岸桜, 牡丹, 枝垂桜, ヨシノ, クラマ

[994/1424] 大野ダム公園の桜 (1品種)
  → +7: オオシマザクラ, 牡丹, 枝垂桜, ヨシノ, クラマ

[995/1424] 地蔵禅院の桜 (3品種)
  → +7: カンヒザクラ, 枝垂桜, ヨシノ, 染井吉野, 御衣黄

[996/1424] 玉川の桜 (1品種)
  → +7: カンヒザクラ, 彼岸桜, 牡丹, ヨシノ, 御衣黄

[997/1424] 正寿院の桜 (1品種)
  → +3: クラマ, ヨシノ, 枝垂桜

[998/1424] 笠置キャンプ場(木津川畔)の桜 (1品種)
  → +7: カンヒザクラ, 彼岸桜, 牡丹, ヨシノ, 御衣黄

[999/1424] けいはんな記念公園(京都府立関西文化学術研究都市記念公園)の桜 (5品種)
  → 変化なし

[1000/1424] わち山野草の森の桜 (2品種)
  → +9: 牡丹, ヨシノ, 河津桜, 彼岸桜, 枝垂桜
  [保存中... 1000件処理済み]

[1001/1424] 大内峠一字観公園の桜 (1品種)
  → +3: クラマ, ヨシノ, 枝垂桜

[1002/1424] 板列公園の桜 (1品種)
  → +8: 牡丹, ヨシノ, 河津桜, 彼岸桜, 枝垂桜

[1003/1424] 天保山公園の桜 (1品種)
  → +6: 彼岸桜, 牡丹, ヨシノ, 御衣黄, 河津桜

[1004/1424] 八幡屋公園の桜 (2品種)
  → +5: 彼岸桜, 牡丹, ヨシノ, 染井吉野, カンヒザクラ

[1005/1424] 総本山 四天王寺の桜 (2品種)
  → +8: 牡丹, ヨシノ, 河津桜, 蜂須賀桜, 彼岸桜

[1006/1424] 柴島浄水場 桜並木の通り抜け (1品種)
  → +4: 八千代, 春日井, ヨシノ, 武蔵野

[1007/1424] 万代池公園の桜 (1品種)
  → +10: 牡丹, 河津桜, クラマ, 彼岸桜, はるか

[1008/1424] うるし堤公園の桜 (1品種)
  → +8: 牡丹, ヨシノ, 河津桜, 彼岸桜, 枝垂桜

[1009/1424] 長居公園の桜 (2品種)
  → +7: オカメ, 彼岸桜, 牡丹, ヨシノ, 染井吉野

[1010/1424] 花博記念公園 鶴見緑地の桜 (6品種)
  → 変化なし

[1011/1424] 念法眞教 総本山 金剛寺の桜 (1品種)
  → +7: 彼岸桜, 牡丹, ヨシノ, 修禅寺桜, 染井吉野

[1012/1424] 住之江公園の桜 (1品種)
  → +7: 緋桜, 彼岸桜, 牡丹, ヨシノ, 染井吉野

[1013/1424] 住吉公園の桜 (2品種)
  → +9: マノガ, 牡丹, 神代曙, 天の川, 彼岸桜

[1014/1424] 毛馬桜之宮公園の桜 (1品種)
  → +11: 牡丹, ヤマザクラ, 磨桜, クラマ, 河津桜

[1015/1424] 扇町公園の桜 (1品種)
  → +6: 彼岸桜, 牡丹, ヨシノ, 御衣黄, 河津桜

[1016/1424] 南天満公園の桜 (1品種)
  → +7: 彼岸桜, 牡丹, ヨシノ, 染井吉野, 御衣黄

[1017/1424] 大阪天満宮の桜 (1品種)
  → +8: 彼岸桜, 牡丹, 枝垂桜, ヨシノ, クラマ

[1018/1424] 大仙公園の桜 (3品種)
  → +29: 小彼岸, 子福桜, 高遠小彼岸桜, ヤマザクラ, 八重紅枝垂(佐野系）

[1019/1424] 白鷺公園の桜 (1品種)
  → +6: 関山, 白妙, 枝垂桜, ヨシノ, 越の彼岸

[1020/1424] 浜寺公園の桜 (1品種)
  → +5: オオシマザクラ, 牡丹, ヨシノ, 染井吉野, 磨桜
  [保存中... 1020件処理済み]

[1021/1424] 岸和田城周辺の桜 (1品種)
  → +6: 彼岸桜, 牡丹, ヨシノ, 御衣黄, 河津桜

[1022/1424] 五月山緑地の桜 (2品種)
  → +11: 牡丹, ヤマザクラ, 磨桜, クラマ, 河津桜

[1023/1424] 万博記念公園の桜 (5品種)
  → +1: 紅華

[1024/1424] 摂津峡公園の桜 (1品種)
  → +9: 牡丹, 河津桜, クラマ, 御衣黄, 彼岸桜

[1025/1424] ひらかたパークの桜 (1品種)
  → 変化なし

[1026/1424] 辯天宗 冥應寺の桜 (2品種)
  → +6: 彼岸桜, 牡丹, ヨシノ, 御衣黄, 河津桜

[1027/1424] 元茨木川緑地の桜 (1品種)
  → +9: 牡丹, ヨシノ, 河津桜, 彼岸桜, 枝垂桜

[1028/1424] 玉串川の桜並木 (1品種)
  → 変化なし

[1029/1424] 大井関公園の桜 (1品種)
  → +7: 彼岸桜, 牡丹, ヨシノ, 高台寺, 御衣黄

[1030/1424] エブノ泉の森ホール周辺の桜 (1品種)
  → +6: 彼岸桜, 牡丹, ヨシノ, 御衣黄, 河津桜

[1031/1424] 富田林・石川堤防の桜 (1品種)
  → +6: 彼岸桜, 牡丹, ヨシノ, 御衣黄, 河津桜

[1032/1424] 長野公園(奥河内さくら公園)の桜 (1品種)
  → +6: 彼岸桜, 牡丹, ヨシノ, 御衣黄, 河津桜

[1033/1424] 深北緑地の桜 (1品種)
  → +7: カンヒザクラ, 彼岸桜, 牡丹, ヨシノ, 御衣黄

[1034/1424] 黒鳥山公園の桜 (1品種)
  → +8: 彼岸桜, 牡丹, 枝垂桜, ヨシノ, クラマ

[1035/1424] 石川河川公園(駒ヶ谷地区)の桜 (1品種)
  → +6: 彼岸桜, 牡丹, ヨシノ, 御衣黄, 河津桜

[1036/1424] 花園中央公園の桜 (1品種)
  → +8: 牡丹, ヨシノ, 彼岸桜, 枝垂桜, クラマ

[1037/1424] 第二寝屋川沿いの桜 (1品種)
  → 変化なし

[1038/1424] 枚岡公園の桜 (1品種)
  → +8: 彼岸桜, 牡丹, 枝垂桜, ヨシノ, クラマ

[1039/1424] 妙見河原(星田妙見宮周辺)の桜 (1品種)
  → +7: 彼岸桜, 牡丹, ヨシノ, 染井吉野, 御衣黄

[1040/1424] 山中渓の桜 (1品種)
  → +10: 牡丹, ヤマザクラ, 磨桜, クラマ, 河津桜
  [保存中... 1040件処理済み]

[1041/1424] 永楽ダムおよびダム周辺の桜 (1品種)
  → +6: 彼岸桜, 牡丹, ヨシノ, 御衣黄, 河津桜

[1042/1424] 弘川寺の桜 (1品種)
  → +9: カスミザクラ, 牡丹, 河津桜, 彼岸桜, 枝垂桜

[1043/1424] 大阪府立近つ飛鳥風土記の丘の桜 (1品種)
  → +7: 彼岸桜, 牡丹, ヨシノ, クラマ, 御衣黄

[1044/1424] 神戸市立王子動物園の桜 (1品種)
  → +10: 笹部桜, 牡丹, ヨシノ, 麒麟, 河津桜

[1045/1424] 神戸総合運動公園の桜 (1品種)
  → +9: 牡丹, 河津桜, クラマ, 緋桜, 彼岸桜

[1046/1424] 須磨寺の桜 (2品種)
  → +7: 彼岸桜, 牡丹, ヨシノ, クラマ, 御衣黄

[1047/1424] 善福寺の桜 (2品種)
  → +7: 彼岸桜, 牡丹, 糸桜, ヨシノ, 御衣黄

[1048/1424] しあわせの村の桜 (1品種)
  → +6: 彼岸桜, 牡丹, ヨシノ, 御衣黄, 河津桜

[1049/1424] 有馬温泉の桜 (1品種)
  → +7: 彼岸桜, 牡丹, ヨシノ, 染井吉野, 御衣黄

[1050/1424] 生田川公園の桜 (1品種)
  → +12: オカメ, 笹部桜, 牡丹, ヤマザクラ, 河津桜

[1051/1424] メリケンパークの桜 (1品種)
  → +6: 彼岸桜, 牡丹, ヨシノ, 御衣黄, 河津桜

[1052/1424] 北野天満神社の桜 (1品種)
  → +8: 牡丹, 北の桜, 河津桜, 彼岸桜, ヨシノ

[1053/1424] こうべアグリパーク(旧 農業公園)の桜 (1品種)
  → +47: 八重紅枝垂(佐野系）, ヤマザクラ, 河津桜, 横浜緋桜, 磨桜

[1054/1424] 姫路城の桜 (3品種)
  → +11: 牡丹, アメリカ, 河津桜, クラマ, 磨桜

[1055/1424] 人丸山公園の桜 (1品種)
  → +16: 夙川舞桜, ヤマザクラ, 河津桜, 磨桜, 咲耶姫

[1056/1424] 上ケ池公園の桜 (1品種)
  → +6: 彼岸桜, 牡丹, ヨシノ, 御衣黄, 河津桜

[1057/1424] 石ケ谷公園の桜 (1品種)
  → +7: 彼岸桜, 牡丹, ヨシノ, 染井吉野, 御衣黄

[1058/1424] 夙川河川敷緑地(夙川公園)の桜 (5品種)
  → 変化なし

[1059/1424] 伊丹瑞ケ池公園の桜 (1品種)
  → +7: 彼岸桜, 牡丹, ヨシノ, 染井吉野, 御衣黄

[1060/1424] 出石城跡の桜 (1品種)
  → +6: 彼岸桜, 牡丹, ヨシノ, 御衣黄, 河津桜
  [保存中... 1060件処理済み]

[1061/1424] 清滝小学校の桜 (1品種)
  → +6: 彼岸桜, 牡丹, ヨシノ, 御衣黄, 河津桜

[1062/1424] 神武山公園の桜 (1品種)
  → +8: 彼岸桜, 牡丹, 枝垂桜, ヨシノ, クラマ

[1063/1424] 城崎温泉の桜 (1品種)
  → +8: 牡丹, ヨシノ, 河津桜, 彼岸桜, 枝垂桜

[1064/1424] 日岡山公園の桜 (2品種)
  → +11: 牡丹, ヤマザクラ, 河津桜, クラマ, 磨桜

[1065/1424] 平荘湖の桜 (1品種)
  → +6: 彼岸桜, 牡丹, ヨシノ, 御衣黄, 河津桜

[1066/1424] 赤穂東御崎公園の桜 (1品種)
  → +7: 彼岸桜, 牡丹, ヨシノ, 十月桜, 御衣黄

[1067/1424] 花のみち(宝塚)の桜 (1品種)
  → 変化なし

[1068/1424] 鹿島・扇平自然公園の桜 (1品種)
  → +9: 牡丹, 河津桜, クラマ, 彼岸桜, 枝垂桜

[1069/1424] 日笠山の桜 (2品種)
  → +4: ヨシノ, 牡丹, 磨桜, ヤマザクラ

[1070/1424] おの桜づつみ回廊の桜 (1品種)
  → +9: 牡丹, 八重紅枝垂(佐野系）, 河津桜, 彼岸桜, 紅枝垂

[1071/1424] やなせ苑桜づつみの桜 (1品種)
  → +6: 彼岸桜, 牡丹, ヨシノ, 御衣黄, 河津桜

[1072/1424] 武庫川桜づつみ回廊の桜 (2品種)
  → +7: 彼岸桜, 牡丹, ヨシノ, クラマ, 御衣黄

[1073/1424] センチュリー大橋の桜 (1品種)
  → 変化なし

[1074/1424] 深田公園の桜 (1品種)
  → +6: 彼岸桜, 牡丹, ヨシノ, 御衣黄, 河津桜

[1075/1424] いこいの村はりまの桜 (1品種)
  → +6: 彼岸桜, 牡丹, ヨシノ, 御衣黄, 河津桜

[1076/1424] 古法華自然公園の桜 (2品種)
  → +6: 彼岸桜, 牡丹, ヨシノ, 御衣黄, 河津桜

[1077/1424] 篠山城跡・王地山公園の桜 (1品種)
  → +7: カンヒザクラ, 彼岸桜, 牡丹, ヨシノ, 御衣黄

[1078/1424] 樽見の大桜 (1品種)
  → +74: 肥後吉野, ウバヒガン, 思川, 蒲桜, 磨桜

[1079/1424] 川代公園の桜 (1品種)
  → +3: クラマ, ヨシノ, 枝垂桜

[1080/1424] 水分れ公園の桜 (1品種)
  → +10: 牡丹, ヤマザクラ, ヨシノ, 河津桜, 磨桜
  [保存中... 1080件処理済み]

[1081/1424] 柏原川の桜堤の桜 (1品種)
  → +6: 彼岸桜, 牡丹, ヨシノ, 御衣黄, 河津桜

[1082/1424] 氷上さくら公園の桜 (1品種)
  → +8: 牡丹, 河津桜, 彼岸桜, 枝垂桜, ヨシノ

[1083/1424] 鐘ヶ坂公園の桜 (1品種)
  → +2: クラマ, 五所桜

[1084/1424] 立雲峡の桜 (1品種)
  → +8: 彼岸桜, 牡丹, 枝垂桜, ヨシノ, クラマ

[1085/1424] 竹田城跡の桜 (1品種)
  → +9: 牡丹, ヨシノ, 河津桜, 彼岸桜, 枝垂桜

[1086/1424] 音水湖(引原ダム)周辺の桜 (1品種)
  → +6: 彼岸桜, 牡丹, ヨシノ, 御衣黄, 河津桜

[1087/1424] 西深の桜並木 (1品種)
  → +9: 牡丹, 河津桜, 吉祥寺, 彼岸桜, 正福寺桜

[1088/1424] 播磨中央公園 桜の園の桜 (1品種)
  → +7: カンヒザクラ, 彼岸桜, 牡丹, ヨシノ, 御衣黄

[1089/1424] 千鳥川桜堤公園の桜 (2品種)
  → +6: 彼岸桜, 牡丹, ヨシノ, 御衣黄, 河津桜

[1090/1424] 龍野公園の桜 (1品種)
  → +7: 磨桜, 枝垂桜, ヤマザクラ, ヨシノ, 十月桜

[1091/1424] 揖保川せせらぎ公園の桜 (1品種)
  → +6: 彼岸桜, 牡丹, ヨシノ, 御衣黄, 河津桜

[1092/1424] い～な!! さくら通りの桜 (1品種)
  → +6: 彼岸桜, 牡丹, ヨシノ, 御衣黄, 河津桜

[1093/1424] 喜瀬川緑道の桜 (1品種)
  → +7: 彼岸桜, 牡丹, ヨシノ, 染井吉野, 御衣黄

[1094/1424] かみかわ桜の山 桜華園の桜 (1品種)
  → +7: カンヒザクラ, 彼岸桜, 牡丹, ヨシノ, 御衣黄

[1095/1424] 奈良公園の桜 (1品種)
  → +7: 彼岸桜, 九重, ヤマザクラ, 奈良の八重桜, ヨシノ

[1096/1424] 月ヶ瀬湖畔の桜 (1品種)
  → +3: クラマ, ヨシノ, 枝垂桜

[1097/1424] 平城宮跡資料館周辺の桜 (1品種)
  → +6: 彼岸桜, 牡丹, ヨシノ, 御衣黄, 河津桜

[1098/1424] 帯解寺の桜 (1品種)
  → +11: 牡丹, 八重紅枝垂(佐野系）, 河津桜, クラマ, 彼岸桜

[1099/1424] 柳生芳徳禅寺周辺の桜 (1品種)
  → +6: 彼岸桜, 牡丹, ヨシノ, 御衣黄, 河津桜

[1100/1424] 旧柳生藩陣屋跡の桜 (1品種)
  → +6: 彼岸桜, 牡丹, ヨシノ, 御衣黄, 河津桜
  [保存中... 1100件処理済み]

[1101/1424] 佐保川の桜 (1品種)
  → 変化なし

[1102/1424] 高田千本桜 (1品種)
  → 変化なし

[1103/1424] 郡山城跡の桜 (1品種)
  → +8: 彼岸桜, 牡丹, 枝垂桜, ヨシノ, クラマ

[1104/1424] 談山神社の桜 (1品種)
  → +8: 彼岸桜, 牡丹, 枝垂桜, 薄墨, ヨシノ

[1105/1424] 大神神社の桜 (2品種)
  → +8: 小彼岸, 牡丹, ヨシノ, 河津桜, 彼岸桜

[1106/1424] 安倍文殊院の桜 (1品種)
  → +8: 彼岸桜, 牡丹, 枝垂桜, ヨシノ, クラマ

[1107/1424] 葛城山麓公園の桜 (1品種)
  → +8: 彼岸桜, 牡丹, 枝垂桜, ヨシノ, クラマ

[1108/1424] 大野寺の桜 (2品種)
  → +7: 彼岸桜, 紅枝垂, 牡丹, ヨシノ, 御衣黄

[1109/1424] 佛隆寺千年桜(佛隆寺の古桜) (1品種)
  → +14: 牡丹, 白山桜, ヤマザクラ, 河津桜, 磨桜

[1110/1424] 又兵衛桜 (2品種)
  → 変化なし

[1111/1424] 信貴山 朝護孫子寺の桜 (1品種)
  → +7: 彼岸桜, 牡丹, ヨシノ, 染井吉野, 御衣黄

[1112/1424] 法隆寺境内の桜 (2品種)
  → +6: 彼岸桜, 牡丹, ヨシノ, 御衣黄, 河津桜

[1113/1424] 三室山の桜 (1品種)
  → +19: ヤマザクラ, 玉縄桜, 河津桜, 磨桜, 枝垂桜

[1114/1424] 壷阪寺の桜 (1品種)
  → +7: 彼岸桜, 牡丹, ヨシノ, アメリカ, 御衣黄

[1115/1424] 金峯山寺蔵王堂の桜 (1品種)
  → +8: 牡丹, ヨシノ, 河津桜, 彼岸桜, 枝垂桜

[1116/1424] 下北山スポーツ公園の桜 (1品種)
  → +4: クラマ, 牡丹, ヨシノ, 枝垂桜

[1117/1424] 紀三井寺の桜 (1品種)
  → +1: ヨシノ

[1118/1424] 和歌山城の桜 (2品種)
  → +7: 彼岸桜, 牡丹, ヨシノ, クラマ, 御衣黄

[1119/1424] 和歌の浦(高津子山)の桜 (1品種)
  → +6: 彼岸桜, 牡丹, ヨシノ, 御衣黄, 河津桜

[1120/1424] 亀池公園の桜 (1品種)
  → +8: 牡丹, ヨシノ, 河津桜, 彼岸桜, 枝垂桜
  [保存中... 1120件処理済み]

[1121/1424] 動鳴気峡の桜 (1品種)
  → +6: 牡丹, 枝垂桜, ヤマザクラ, ヨシノ, クラマ

[1122/1424] 粉河寺の桜 (1品種)
  → +8: 彼岸桜, 牡丹, 枝垂桜, ヨシノ, クラマ

[1123/1424] 根來寺の桜 (1品種)
  → +10: 牡丹, ヤマザクラ, 磨桜, クラマ, 河津桜

[1124/1424] 道成寺の桜 (1品種)
  → +9: 牡丹, ヨシノ, 河津桜, 彼岸桜, 枝垂桜

[1125/1424] 平草原公園の桜 (1品種)
  → +6: 彼岸桜, 牡丹, ヨシノ, 御衣黄, 河津桜

[1126/1424] 七川ダム湖畔の桜 (1品種)
  → +9: 関山, 牡丹, ヨシノ, アメリカ, 春日井

[1127/1424] 鳥取城跡・久松公園の桜 (1品種)
  → +7: 彼岸桜, 牡丹, ヨシノ, 正福寺, 御衣黄

[1128/1424] 袋川堤防の桜 (1品種)
  → +9: 牡丹, 河津桜, クラマ, 彼岸桜, 枝垂桜

[1129/1424] 鹿野城跡公園の桜 (1品種)
  → +9: 牡丹, ヨシノ, 河津桜, 彼岸桜, 枝垂桜

[1130/1424] 湊山公園の桜 (1品種)
  → +7: 彼岸桜, 牡丹, ヨシノ, 正福寺, 御衣黄

[1131/1424] 打吹公園の桜 (1品種)
  → +9: 牡丹, ヨシノ, 河津桜, 彼岸桜, 枝垂桜

[1132/1424] 境台場公園の桜 (1品種)
  → +9: 牡丹, ヨシノ, 河津桜, 彼岸桜, 枝垂桜

[1133/1424] 智頭河畔 桜土手 (1品種)
  → +7: 彼岸桜, 牡丹, ヨシノ, 正福寺, 御衣黄

[1134/1424] 名和公園の桜 (1品種)
  → +9: 牡丹, ヨシノ, 河津桜, 彼岸桜, 枝垂桜

[1135/1424] 萩原桜並木の桜 (1品種)
  → +7: 彼岸桜, 牡丹, ヨシノ, 正福寺, 御衣黄

[1136/1424] 木ノ根神社の桜 (1品種)
  → +9: 牡丹, ヨシノ, 河津桜, 彼岸桜, 枝垂桜

[1137/1424] がいせん桜 (1品種)
  → +9: 牡丹, 河津桜, クラマ, 彼岸桜, 紅枝垂

[1138/1424] 世羅 甲山ふれあいの里の桜 (1品種)
  → +4: ヨシノ, 染井吉野, 河津桜, クラマ

[1139/1424] 羅生門さくら公園の桜 (6品種)
  → +8: 牡丹, 河津桜, 彼岸桜, 咲耶姫, ヨシノ

[1140/1424] 正福寺山公園の桜 (1品種)
  → +9: 牡丹, ヨシノ, 河津桜, 彼岸桜, 枝垂桜
  [保存中... 1140件処理済み]

[1141/1424] 城山公園・法勝寺川土手の桜 (1品種)
  → +9: 牡丹, ヨシノ, 河津桜, 彼岸桜, 枝垂桜

[1142/1424] 松江城山公園の桜 (2品種)
  → +4: クラマ, 磨桜, ヨシノ, ヤマザクラ

[1143/1424] 玉湯川堤の桜 (1品種)
  → +1: ヨシノ

[1144/1424] チェリーロードの桜 (1品種)
  → +9: 牡丹, 河津桜, クラマ, 彼岸桜, 枝垂桜

[1145/1424] 三隅大平桜 (2品種)
  → +10: 牡丹, ヤマザクラ, 三隅大平桜, 磨桜, 河津桜

[1146/1424] 野坂桜並木 (1品種)
  → +4: ヨシノ, 五所桜, 枝垂桜, クラマ

[1147/1424] 一の谷公園の桜 (1品種)
  → +9: 牡丹, 河津桜, クラマ, 彼岸桜, 枝垂桜

[1148/1424] 愛宕山公園の桜 (1品種)
  → +11: 牡丹, ヤマザクラ, 磨桜, クラマ, 河津桜

[1149/1424] 出雲大社神苑の桜 (1品種)
  → +7: 彼岸桜, 牡丹, ヨシノ, 正福寺, 御衣黄

[1150/1424] 安来公園の桜 (1品種)
  → +9: 牡丹, 河津桜, クラマ, 彼岸桜, 枝垂桜

[1151/1424] 敬川河川敷の桜 (1品種)
  → +7: 彼岸桜, 牡丹, ヨシノ, 正福寺, 御衣黄

[1152/1424] 斐伊川堤防桜並木 (1品種)
  → +2: 神代曙, ヨシノ

[1153/1424] 三刀屋川河川敷の桜 (1品種)
  → +9: 牡丹, ヨシノ, 河津桜, 彼岸桜, 枝垂桜

[1154/1424] 因原堤防の桜 (1品種)
  → +7: 彼岸桜, 牡丹, ヨシノ, 正福寺, 御衣黄

[1155/1424] 妙用寺の桜(ミョウヨウジザクラ) (1品種)
  → 変化なし

[1156/1424] 鷲原公園の桜 (2品種)
  → +7: 彼岸桜, 牡丹, ヨシノ, 正福寺, 御衣黄

[1157/1424] 岡山後楽園の桜 (1品種)
  → +12: 牡丹, 八重紅枝垂(佐野系）, 河津桜, クラマ, 彼岸桜

[1158/1424] 岡山市半田山植物園の桜 (1品種)
  → +12: 関山, 牡丹, 磨桜, 河津桜, クラマ

[1159/1424] たけべの森公園の桜 (1品種)
  → +4: クラマ, 紅枝垂, ヨシノ, 枝垂桜

[1160/1424] 金川桜並木の桜 (1品種)
  → +7: 彼岸桜, 牡丹, ヨシノ, 正福寺, 御衣黄
  [保存中... 1160件処理済み]

[1161/1424] RSKバラ園の桜 (1品種)
  → +9: 牡丹, ヨシノ, 河津桜, 彼岸桜, 枝垂桜

[1162/1424] 池田動物園の桜 (1品種)
  → +10: 牡丹, 麒麟, 河津桜, クラマ, 彼岸桜

[1163/1424] 旭川さくらみちの桜 (1品種)
  → +7: 彼岸桜, 牡丹, ヨシノ, 正福寺, 御衣黄

[1164/1424] 酒津公園の桜 (1品種)
  → +9: 牡丹, 河津桜, クラマ, 彼岸桜, 枝垂桜

[1165/1424] 由加山蓮台寺の桜 (1品種)
  → +7: 彼岸桜, 牡丹, ヨシノ, 正福寺, 御衣黄

[1166/1424] 鶴形山公園の桜 (2品種)
  → +1: ヨシノ

[1167/1424] 種松山公園西園地の桜 (1品種)
  → +11: 牡丹, ヤマザクラ, 磨桜, クラマ, 河津桜

[1168/1424] 尾所の桜 (1品種)
  → +9: 牡丹, ヤマザクラ, 河津桜, 磨桜, 彼岸桜

[1169/1424] レイクパーク加茂の桜 (1品種)
  → +7: 彼岸桜, 牡丹, ヨシノ, 正福寺, 御衣黄

[1170/1424] 津山城(鶴山公園)の桜 (1品種)
  → +9: 牡丹, ヨシノ, 河津桜, 彼岸桜, 枝垂桜

[1171/1424] みやま公園の桜 (3品種)
  → +13: 太白, 牡丹, ヤマザクラ, ヨシノ, 河津桜

[1172/1424] 古城山公園の桜 (1品種)
  → +8: 牡丹, 河津桜, 彼岸桜, 枝垂桜, ヨシノ

[1173/1424] 井原堤の桜 (1品種)
  → +2: アメリカ, はるか

[1174/1424] 相原公園の桜 (1品種)
  → +9: 牡丹, 河津桜, クラマ, 彼岸桜, 枝垂桜

[1175/1424] 白谷公園の桜 (1品種)
  → +9: 牡丹, ヨシノ, 河津桜, 彼岸桜, 枝垂桜

[1176/1424] 紺屋川美観地区の桜 (1品種)
  → +9: 牡丹, 河津桜, クラマ, 彼岸桜, 枝垂桜

[1177/1424] 特別史跡旧閑谷学校の桜 (1品種)
  → +9: 牡丹, ヨシノ, 河津桜, 彼岸桜, 枝垂桜

[1178/1424] 岡山いこいの村周辺の桜 (1品種)
  → +7: 彼岸桜, 牡丹, ヨシノ, 正福寺, 御衣黄

[1179/1424] 美甘宿場桜 (1品種)
  → +6: 緋桜, 彼岸桜, 小彼岸, 紅枝垂, 枝垂桜

[1180/1424] 岩井畝の大桜 (1品種)
  → 変化なし
  [保存中... 1180件処理済み]

[1181/1424] 丸山公園の桜 (1品種)
  → +10: 正福寺, 牡丹, ヨシノ, 河津桜, 彼岸桜

[1182/1424] 里見川周辺緑地の桜 (1品種)
  → +9: 牡丹, 河津桜, クラマ, 彼岸桜, 枝垂桜

[1183/1424] 芳嵐園の桜 (2品種)
  → +9: 牡丹, 河津桜, クラマ, 枝垂桜, ヨシノ

[1184/1424] 早島公園の桜 (1品種)
  → +10: 牡丹, ヨシノ, 河津桜, 彼岸桜, 枝垂桜

[1185/1424] 三休公園の桜 (1品種)
  → +14: 牡丹, 二上山, ヤマザクラ, ヨシノ, 河津桜

[1186/1424] 平和記念公園の桜 (1品種)
  → +9: 牡丹, ヨシノ, 河津桜, 彼岸桜, 枝垂桜

[1187/1424] 江波山公園の桜 (2品種)
  → +5: 枝垂桜, ヤマザクラ, ヨシノ, 染井吉野, 磨桜

[1188/1424] ひろしま遊学の森 広島県緑化センター さくら通りの桜 (13品種)
  → +13: 椿寒桜, 牡丹, 八重紅枝垂(佐野系）, 神代曙, アメリカ

[1189/1424] 比治山公園の桜 (1品種)
  → +9: 牡丹, ヨシノ, 河津桜, 彼岸桜, 枝垂桜

[1190/1424] 神原のしだれ桜 (1品種)
  → +3: ヨシノ, 染井吉野, 牡丹

[1191/1424] 広島市植物公園の桜 (10品種)
  → +7: 牡丹, 枝垂桜, ヨシノ, 正福寺, 染井吉野

[1192/1424] 音戸の瀬戸公園の桜 (1品種)
  → +9: 牡丹, ヨシノ, 河津桜, 彼岸桜, 枝垂桜

[1193/1424] バンブー・ジョイ・ハイランドの桜 (2品種)
  → +8: 牡丹, 河津桜, 磨桜, 彼岸桜, ヨシノ

[1194/1424] 筆影山山頂展望台の桜 (1品種)
  → +7: 彼岸桜, 牡丹, ヨシノ, 正福寺, 御衣黄

[1195/1424] 御調八幡宮の桜 (1品種)
  → +4: クラマ, 染井吉野, ヨシノ, 枝垂桜

[1196/1424] 尾道市千光寺公園の桜 (2品種)
  → +10: 牡丹, 寒桜, 河津桜, クラマ, 彼岸桜

[1197/1424] 福山城公園の桜 (1品種)
  → +12: 牡丹, ヤマザクラ, 磨桜, クラマ, 河津桜

[1198/1424] 尾関山公園の桜 (1品種)
  → +10: 牡丹, 河津桜, クラマ, 彼岸桜, 枝垂桜

[1199/1424] 円正寺の桜 (2品種)
  → +7: 彼岸桜, 牡丹, ヨシノ, 正福寺, 御衣黄

[1200/1424] 亀居公園の桜 (1品種)
  → +3: クラマ, ヨシノ, 枝垂桜
  [保存中... 1200件処理済み]

[1201/1424] 宮島の桜 (1品種)
  → +10: ヤマザクラ, 寒桜, 磨桜, 緋桜, オオシマザクラ

[1202/1424] 住吉堤防敷の桜 (1品種)
  → +9: 牡丹, ヨシノ, 河津桜, 彼岸桜, 枝垂桜

[1203/1424] 桂公園の桜 (1品種)
  → +9: 牡丹, 河津桜, クラマ, 彼岸桜, 枝垂桜

[1204/1424] 八千代湖周辺の桜 (1品種)
  → +10: 八千代, 牡丹, ヨシノ, 河津桜, 彼岸桜

[1205/1424] 真道山の桜 (1品種)
  → +7: 彼岸桜, 牡丹, ヨシノ, 正福寺, 御衣黄

[1206/1424] 火の山公園の桜 (1品種)
  → 変化なし

[1207/1424] 功山寺の桜 (1品種)
  → +9: 牡丹, 河津桜, クラマ, 彼岸桜, 枝垂桜

[1208/1424] 戦場ヶ原公園の桜 (1品種)
  → +9: 牡丹, 河津桜, クラマ, 彼岸桜, 枝垂桜

[1209/1424] 老の山公園の桜 (1品種)
  → +10: 牡丹, 河津桜, クラマ, 彼岸桜, 枝垂桜

[1210/1424] ときわ公園の桜 (3品種)
  → +12: 牡丹, ヤマザクラ, 磨桜, クラマ, 緋桜

[1211/1424] 今富ダム公園の桜 (1品種)
  → +9: 牡丹, ヨシノ, 河津桜, 彼岸桜, 枝垂桜

[1212/1424] 一の坂川の桜 (1品種)
  → +10: 牡丹, 河津桜, クラマ, 彼岸桜, 枝垂桜

[1213/1424] 香山公園の桜 (1品種)
  → +3: ヨシノ, 染井吉野, 牡丹

[1214/1424] 徳佐八幡宮の桜 (1品種)
  → +5: 彼岸桜, 牡丹, 枝垂桜, ヨシノ, 染井吉野

[1215/1424] 大原湖(佐波川ダム)の桜 (1品種)
  → 変化なし

[1216/1424] 萩城跡指月公園の桜 (1品種)
  → +2: 緑吉野, ヨシノ

[1217/1424] 橋本川沿いの桜並木 (1品種)
  → +10: 牡丹, 河津桜, クラマ, 彼岸桜, 枝垂桜

[1218/1424] 笠山の桜 (1品種)
  → +9: 牡丹, 河津桜, クラマ, 彼岸桜, 枝垂桜

[1219/1424] 防府天満宮の桜 (1品種)
  → +9: 牡丹, ヨシノ, 彼岸桜, 枝垂桜, クラマ

[1220/1424] 毛利氏庭園の桜 (1品種)
  → +11: 牡丹, ヤマザクラ, 河津桜, 磨桜, 彼岸桜
  [保存中... 1220件処理済み]

[1221/1424] 切戸川の桜 (1品種)
  → +9: 牡丹, 河津桜, クラマ, 彼岸桜, 枝垂桜

[1222/1424] 花岡八幡宮の桜 (1品種)
  → +9: 牡丹, 河津桜, クラマ, 彼岸桜, 枝垂桜

[1223/1424] 笠戸島の桜 (1品種)
  → +8: 牡丹, 河津桜, 彼岸桜, ヨシノ, 正福寺

[1224/1424] 下松スポーツ公園の桜 (2品種)
  → +7: 彼岸桜, 牡丹, ヨシノ, 正福寺, 御衣黄

[1225/1424] 錦帯橋の桜 (1品種)
  → +1: ヨシノ

[1226/1424] 吉香公園の桜 (1品種)
  → +9: 牡丹, 河津桜, クラマ, 彼岸桜, 枝垂桜

[1227/1424] 大寧寺の桜 (2品種)
  → +8: 牡丹, ヨシノ, 河津桜, 彼岸桜, クラマ

[1228/1424] 王子山公園の桜 (1品種)
  → +7: 彼岸桜, 牡丹, ヨシノ, 正福寺, 御衣黄

[1229/1424] 柳井ウェルネスパークの桜 (1品種)
  → +7: 彼岸桜, 牡丹, ヨシノ, 正福寺, 御衣黄

[1230/1424] 厚狭川河畔の桜 (1品種)
  → +9: 牡丹, 河津桜, クラマ, 彼岸桜, 枝垂桜

[1231/1424] 秋吉台家族旅行村の桜 (1品種)
  → +7: 彼岸桜, 牡丹, ヨシノ, 正福寺, 御衣黄

[1232/1424] TOSOH PARK永源山(永源山公園)の桜 (1品種)
  → +3: クラマ, ヨシノ, 枝垂桜

[1233/1424] 竜王山公園の桜 (1品種)
  → +7: 磨桜, 枝垂桜, ヤマザクラ, ヨシノ, 染井吉野

[1234/1424] 若山公園の桜 (1品種)
  → +11: 牡丹, ヤマザクラ, 磨桜, 河津桜, クラマ

[1235/1424] 田布施川の桜 (1品種)
  → +9: 牡丹, 河津桜, クラマ, 彼岸桜, 枝垂桜

[1236/1424] 眉山公園の桜 (1品種)
  → +6: 牡丹, ヨシノ, 枝垂桜, クラマ, 河津桜

[1237/1424] 西部公園の桜 (1品種)
  → +6: 牡丹, ヨシノ, 枝垂桜, クラマ, 河津桜

[1238/1424] 徳島中央公園の桜 (2品種)
  → +5: カンヒザクラ, 牡丹, ヨシノ, 河津桜, 蜂須賀桜

[1239/1424] 妙見山公園の桜 (1品種)
  → +8: 牡丹, ヨシノ, 河津桜, 蜂須賀桜, 枝垂桜

[1240/1424] 津峯公園の桜 (1品種)
  → +5: 牡丹, ヨシノ, 枝垂桜, クラマ, 染井吉野
  [保存中... 1240件処理済み]

[1241/1424] 岩脇さくらづつみ公園の桜 (1品種)
  → +1: ヨシノ

[1242/1424] 諏訪公園の桜 (1品種)
  → +6: 牡丹, ヨシノ, 枝垂桜, クラマ, 河津桜

[1243/1424] 神山森林公園イルローザの森の桜 (2品種)
  → +6: カンヒザクラ, 牡丹, ヨシノ, 染井吉野, 河津桜

[1244/1424] 吉良のエドヒガンザクラ (4品種)
  → +6: 牡丹, 江戸彼岸, ヨシノ, 染井吉野, 河津桜

[1245/1424] 於安パークの桜 (1品種)
  → +11: 牡丹, ヤマザクラ, 薄墨, 江戸彼岸桜, 磨桜

[1246/1424] 県立琴弾公園の桜 (1品種)
  → +6: カンヒザクラ, 牡丹, ヨシノ, 旭山, 河津桜

[1247/1424] 開山公園の桜 (1品種)
  → +6: カンヒザクラ, 牡丹, 枝垂桜, ヨシノ, 河津桜

[1248/1424] 紫雲出山の桜 (1品種)
  → +4: 神代曙, ヨシノ, 染井吉野, はるか

[1249/1424] 朝日山森林公園の桜 (1品種)
  → +7: 牡丹, 枝垂桜, ヨシノ, 旭山, クラマ

[1250/1424] 特別名勝 栗林公園の桜 (3品種)
  → +10: 牡丹, ヤマザクラ, 河津桜, クラマ, 磨桜

[1251/1424] 史跡高松城跡玉藻公園の桜 (2品種)
  → +4: クラマ, 染井吉野, ヨシノ, 枝垂桜

[1252/1424] 公渕森林公園の桜 (3品種)
  → +5: 牡丹, 枝垂桜, ヨシノ, 染井吉野, 紅華

[1253/1424] 女木島の桜 (2品種)
  → +6: 牡丹, ヨシノ, 旭山, 染井吉野, 河津桜

[1254/1424] 丸亀城の桜 (1品種)
  → +2: ヨシノ, 旭山

[1255/1424] 不動の滝カントリーパークの桜 (1品種)
  → +7: カンヒザクラ, 牡丹, 枝垂桜, ヨシノ, 旭山

[1256/1424] たからだの里さいた(戸川ダム)の桜 (1品種)
  → +5: 牡丹, ヨシノ, 旭山, 河津桜, カンヒザクラ

[1257/1424] 金刀比羅宮の桜 (1品種)
  → +10: 牡丹, ヤマザクラ, 河津桜, クラマ, 磨桜

[1258/1424] 県立桃陵公園の桜 (1品種)
  → +7: カンヒザクラ, 牡丹, 枝垂桜, ヨシノ, 旭山

[1259/1424] 松山城(城山公園)の桜 (3品種)
  → +3: ヨシノ, 染井吉野, 枝垂桜

[1260/1424] 道後公園の桜 (4品種)
  → +7: 牡丹, クラマ, 枝垂桜, ヨシノ, 染井吉野
  [保存中... 1260件処理済み]

[1261/1424] 南楽園(外堀)の桜 (1品種)
  → +6: 牡丹, ヨシノ, 枝垂桜, クラマ, 河津桜

[1262/1424] 滝の宮公園の桜 (2品種)
  → +11: 牡丹, ヤマザクラ, 神代曙, 河津桜, 磨桜

[1263/1424] 西山興隆寺の桜 (1品種)
  → +7: 牡丹, クラマ, 枝垂桜, ヨシノ, 染井吉野

[1264/1424] 武丈公園の桜 (3品種)
  → +5: 牡丹, 枝垂桜, ヨシノ, 染井吉野, クラマ

[1265/1424] 祇園公園の桜 (1品種)
  → +5: 牡丹, ヨシノ, クラマ, 河津桜, カンヒザクラ

[1266/1424] 冨士山公園の桜 (1品種)
  → +3: クラマ, ヨシノ, 枝垂桜

[1267/1424] 三島公園の桜 (1品種)
  → +6: 牡丹, 枝垂桜, ヨシノ, クラマ, 河津桜

[1268/1424] 翠波高原の桜 (1品種)
  → +9: 牡丹, ヤマザクラ, アメリカ, 河津桜, クラマ

[1269/1424] すすきヶ原入野公園の桜 (1品種)
  → +6: 牡丹, ヨシノ, 枝垂桜, クラマ, 河津桜

[1270/1424] 積善山三千本桜 (3品種)
  → +2: ヨシノ, 染井吉野

[1271/1424] 石畳東のしだれ桜 (1品種)
  → +5: 牡丹, ヨシノ, 染井吉野, 河津桜, カンヒザクラ

[1272/1424] 高知公園の桜 (1品種)
  → +8: 牡丹, 仙台屋, ヨシノ, 河津桜, 枝垂桜

[1273/1424] 桑田山の雪割桜 (1品種)
  → +1: 河津桜

[1274/1424] 宿毛天満宮の桜 (1品種)
  → +6: 牡丹, 枝垂桜, ヨシノ, クラマ, 河津桜

[1275/1424] 為松公園の桜 (1品種)
  → +6: 牡丹, ヨシノ, 枝垂桜, クラマ, 河津桜

[1276/1424] 鏡野公園の桜 (1品種)
  → +6: 牡丹, ヨシノ, 枝垂桜, クラマ, 河津桜

[1277/1424] 鮎乃瀬公園の桜 (1品種)
  → +6: 牡丹, ヨシノ, 枝垂桜, クラマ, 河津桜

[1278/1424] 早明浦ダム周辺の桜 (1品種)
  → +4: ヨシノ, 牡丹, 河津桜, カンヒザクラ

[1279/1424] ひょうたん桜公園の桜 (1品種)
  → +7: ウバヒガン, 牡丹, ヨシノ, 枝垂桜, クラマ

[1280/1424] 中越家のしだれ桜 (1品種)
  → +8: 彼岸桜, 江戸彼岸桜, 牡丹, ウバヒガン, ヨシノ
  [保存中... 1280件処理済み]

[1281/1424] 久礼大坂谷川沿いの桜 (1品種)
  → +4: ヨシノ, 牡丹, 河津桜, カンヒザクラ

[1282/1424] 牧野公園の桜 (3品種)
  → +4: クラマ, 染井吉野, ヨシノ, 枝垂桜

[1283/1424] 家地川公園の桜 (1品種)
  → +4: ヨシノ, 牡丹, 河津桜, カンヒザクラ

[1284/1424] 白野江植物公園の桜 (4品種)
  → +7: カンヒザクラ, 彼岸桜, 牡丹, 枝垂桜, ヨシノ

[1285/1424] 勝山公園(小倉城)の桜 (1品種)
  → +7: 彼岸桜, 牡丹, ヨシノ, 染井吉野, 御衣黄

[1286/1424] 昭和池公園の桜 (1品種)
  → +8: 牡丹, ヨシノ, 河津桜, 彼岸桜, 枝垂桜

[1287/1424] 舞鶴公園の桜 (6品種)
  → +12: 牡丹, ヤマザクラ, ヨシノ, 河津桜, 磨桜

[1288/1424] 福岡市油山市民の森の桜 (1品種)
  → +7: 彼岸桜, 牡丹, ヨシノ, 染井吉野, 御衣黄

[1289/1424] 甘木公園の桜(福岡県大牟田市) (1品種)
  → +6: 彼岸桜, 牡丹, ヨシノ, 染井吉野, 御衣黄

[1290/1424] 発心公園の桜 (1品種)
  → +6: 枝垂桜, ヤマザクラ, ヨシノ, 河津桜, 磨桜

[1291/1424] 浅井の一本桜 (1品種)
  → +2: クラマ, ヨシノ

[1292/1424] 久留米城跡の桜 (2品種)
  → +9: 牡丹, ヤマザクラ, 河津桜, 磨桜, 陽光

[1293/1424] 不動尊一心寺の桜 (15品種)
  → +6: 彼岸桜, 牡丹, ヨシノ, 染井吉野, 河津桜

[1294/1424] 長湯温泉 しだれ桜の里の桜 (2品種)
  → +4: 陽光, 紅枝垂, 八重紅枝垂(佐野系）, 小松乙女

[1295/1424] 呑山観音寺の桜 (1品種)
  → +13: 牡丹, ヤマザクラ, 神代曙, 磨桜, クラマ

[1296/1424] 大村公園(大村神社)の桜 (5品種)
  → 変化なし

[1297/1424] 久留米サイクルファミリーパークの桜 (1品種)
  → +7: カンヒザクラ, 彼岸桜, 牡丹, ヨシノ, 御衣黄

[1298/1424] 石橋文化センターの桜 (1品種)
  → +7: カンヒザクラ, 彼岸桜, 牡丹, ヨシノ, 御衣黄

[1299/1424] 大将陣公園の桜 (1品種)
  → +4: クラマ, 牡丹, 枝垂桜, ヨシノ

[1300/1424] 勝盛公園の桜 (1品種)
  → +3: クラマ, ヨシノ, 枝垂桜
  [保存中... 1300件処理済み]

[1301/1424] 日向神ダムの千本桜 (1品種)
  → +6: 彼岸桜, 牡丹, ヨシノ, 御衣黄, 河津桜

[1302/1424] 垣生公園の桜 (1品種)
  → +5: 牡丹, ヨシノ, 枝垂桜, クラマ, 染井吉野

[1303/1424] 大宰府政庁跡の桜 (1品種)
  → +8: 牡丹, ヨシノ, 河津桜, 彼岸桜, 枝垂桜

[1304/1424] 太宰府市民の森の桜 (1品種)
  → +6: 彼岸桜, 牡丹, ヨシノ, 御衣黄, 河津桜

[1305/1424] 宝満宮竈門神社の桜 (1品種)
  → +10: 牡丹, ヤマザクラ, 河津桜, クラマ, 磨桜

[1306/1424] 秋月杉の馬場通りの桜 (1品種)
  → +6: 彼岸桜, 牡丹, ヨシノ, 御衣黄, 河津桜

[1307/1424] 清水公園(清水山周辺)の桜 (1品種)
  → +6: 彼岸桜, 牡丹, ヨシノ, 御衣黄, 河津桜

[1308/1424] 宇美公園の桜 (1品種)
  → +8: 牡丹, ヨシノ, 河津桜, 彼岸桜, 枝垂桜

[1309/1424] 猪野公園の桜 (1品種)
  → +6: 彼岸桜, 牡丹, ヨシノ, 御衣黄, 河津桜

[1310/1424] 虎尾桜 (1品種)
  → +7: 彼岸桜, 牡丹, 江戸彼岸, ヨシノ, 御衣黄

[1311/1424] 唐津城(舞鶴公園)の桜 (1品種)
  → +9: 牡丹, ヤマザクラ, 河津桜, 磨桜, 彼岸桜

[1312/1424] 鏡山の桜 (1品種)
  → +8: 牡丹, 河津桜, クラマ, 彼岸桜, 枝垂桜

[1313/1424] 名護屋城跡の桜 (1品種)
  → +6: 彼岸桜, 牡丹, ヨシノ, 御衣黄, 河津桜

[1314/1424] 西渓公園の桜 (1品種)
  → +4: 桃源, クラマ, ヨシノ, 枝垂桜

[1315/1424] 御船山楽園の桜 (1品種)
  → +6: 枝垂桜, ヤマザクラ, ヨシノ, 染井吉野, 磨桜

[1316/1424] 馬場の山桜 (2品種)
  → +2: 染井吉野, 磨桜

[1317/1424] 旭ヶ岡公園の桜 (1品種)
  → +6: 彼岸桜, 牡丹, ヨシノ, 御衣黄, 河津桜

[1318/1424] 小城公園の桜 (1品種)
  → +7: 彼岸桜, 牡丹, ヨシノ, 染井吉野, 御衣黄

[1319/1424] 宝珠寺の桜 (1品種)
  → +7: 彼岸桜, 牡丹, 枝垂桜, ヨシノ, 御衣黄

[1320/1424] 脊振桜街道の桜 (1品種)
  → +8: 彼岸桜, 牡丹, 枝垂桜, ヨシノ, クラマ
  [保存中... 1320件処理済み]

[1321/1424] 日の隈公園の桜 (1品種)
  → +4: ヨシノ, クラマ, 河津桜, 枝垂桜

[1322/1424] 陶山神社の桜 (1品種)
  → +8: 彼岸桜, 牡丹, 枝垂桜, ヨシノ, クラマ

[1323/1424] 権現山展望公園の桜 (1品種)
  → +8: 牡丹, ヨシノ, 河津桜, 彼岸桜, 枝垂桜

[1324/1424] 西海橋公園の桜 (2品種)
  → +8: 牡丹, ヨシノ, 彼岸桜, 枝垂桜, クラマ

[1325/1424] 島原城の桜 (1品種)
  → +8: 牡丹, 河津桜, クラマ, 彼岸桜, 枝垂桜

[1326/1424] 亀岡公園の桜 (1品種)
  → +8: 牡丹, ヨシノ, 河津桜, 彼岸桜, 枝垂桜

[1327/1424] 長崎県立田平公園の桜 (1品種)
  → +7: カンヒザクラ, 彼岸桜, 牡丹, ヨシノ, 御衣黄

[1328/1424] 不老山の桜 (1品種)
  → +6: 彼岸桜, 牡丹, ヨシノ, 御衣黄, 河津桜

[1329/1424] 橘公園の桜 (1品種)
  → +9: 牡丹, ヨシノ, アメリカ, 河津桜, 彼岸桜

[1330/1424] とけん山公園の桜 (1品種)
  → +8: 牡丹, ヨシノ, 河津桜, 彼岸桜, 枝垂桜

[1331/1424] 原城跡の桜 (1品種)
  → +8: 牡丹, ヨシノ, 河津桜, 彼岸桜, 枝垂桜

[1332/1424] 田ノ頭郷のしだれ桜(波佐見町) (1品種)
  → +7: 彼岸桜, 牡丹, ヨシノ, 染井吉野, 御衣黄

[1333/1424] 熊本城の桜 (6品種)
  → +3: ヨシノ, 染井吉野, 磨桜

[1334/1424] 水前寺成趣園の桜 (1品種)
  → +8: 彼岸桜, 牡丹, 枝垂桜, ヨシノ, クラマ

[1335/1424] 健軍自衛隊通りの桜 (1品種)
  → +3: クラマ, ヨシノ, 枝垂桜

[1336/1424] 本妙寺の桜 (1品種)
  → +3: クラマ, ヨシノ, 枝垂桜

[1337/1424] 田原坂公園の桜 (1品種)
  → +8: 彼岸桜, 牡丹, 枝垂桜, ヨシノ, クラマ

[1338/1424] 人吉城跡の桜 (1品種)
  → +9: 牡丹, 江戸彼岸桜, 河津桜, クラマ, 彼岸桜

[1339/1424] 湯の児チェリーラインの桜 (1品種)
  → +13: 牡丹, ヤマザクラ, 江戸彼岸桜, ヨシノ, アメリカ

[1340/1424] 蛇ヶ谷公園の桜 (1品種)
  → +10: 牡丹, 河津桜, クラマ, 磨桜, 彼岸桜
  [保存中... 1340件処理済み]

[1341/1424] 菊池公園の桜 (1品種)
  → +10: 牡丹, ヤマザクラ, 河津桜, クラマ, 磨桜

[1342/1424] 立岡自然公園の桜 (1品種)
  → +8: 牡丹, ヨシノ, 河津桜, 彼岸桜, 枝垂桜

[1343/1424] 岡岳公園の桜 (1品種)
  → +9: 牡丹, ヨシノ, 河津桜, 彼岸桜, 枝垂桜

[1344/1424] 大津山公園の桜 (1品種)
  → +4: クラマ, 牡丹, ヨシノ, 枝垂桜

[1345/1424] 一心行の大桜 (1品種)
  → +5: ヤマザクラ, ヨシノ, アメリカ, 磨桜, 河津桜

[1346/1424] 桜ヶ丘グラウンドの桜 (1品種)
  → +8: 牡丹, 河津桜, クラマ, 彼岸桜, 枝垂桜

[1347/1424] 市房ダム湖周辺の桜 (1品種)
  → +7: 彼岸桜, 牡丹, ヨシノ, 染井吉野, 御衣黄

[1348/1424] 大分縣護國神社の桜 (1品種)
  → +6: 彼岸桜, 牡丹, ヨシノ, 御衣黄, 河津桜

[1349/1424] 平和市民公園の桜 (1品種)
  → +8: 牡丹, ヨシノ, 河津桜, 彼岸桜, 枝垂桜

[1350/1424] 大分城址公園の桜 (1品種)
  → +6: 彼岸桜, 牡丹, ヨシノ, 御衣黄, 河津桜

[1351/1424] 臼杵城址の桜 (1品種)
  → +1: ヨシノ

[1352/1424] 四浦半島の桜 (1品種)
  → +7: 彼岸桜, 牡丹, ヨシノ, 染井吉野, 御衣黄

[1353/1424] 岡城跡の桜 (1品種)
  → +9: 牡丹, 河津桜, クラマ, 彼岸桜, 枝垂桜

[1354/1424] 由布院・大分川沿いの桜並木 (1品種)
  → +6: 彼岸桜, 牡丹, ヨシノ, 御衣黄, 河津桜

[1355/1424] 日出城址・城下公園の桜 (1品種)
  → +6: 彼岸桜, 牡丹, ヨシノ, 御衣黄, 河津桜

[1356/1424] ハーモニーランドの桜 (1品種)
  → +10: 牡丹, ヨシノ, アメリカ, 河津桜, 陽光

[1357/1424] 垂水公園の桜 (2品種)
  → +10: 牡丹, ヤマザクラ, 磨桜, クラマ, 河津桜

[1358/1424] 久峰総合公園の桜 (1品種)
  → +8: 牡丹, ヨシノ, 彼岸桜, 枝垂桜, クラマ

[1359/1424] 堀切峠の桜 (1品種)
  → +10: 牡丹, ヤマザクラ, 磨桜, クラマ, 河津桜

[1360/1424] 天ヶ城公園の桜 (1品種)
  → +1: 牡丹
  [保存中... 1360件処理済み]

[1361/1424] 母智丘公園の桜 (1品種)
  → +5: 牡丹, ヨシノ, アメリカ, 高台寺, 河津桜

[1362/1424] 観音池公園の桜 (1品種)
  → +8: 牡丹, ヨシノ, 河津桜, 彼岸桜, 枝垂桜

[1363/1424] 延岡城跡・城山公園の桜 (1品種)
  → +8: 牡丹, 河津桜, クラマ, 彼岸桜, 枝垂桜

[1364/1424] 五ヶ瀬川堤防沿いの桜 (1品種)
  → +8: 牡丹, 河津桜, 彼岸桜, 咲耶姫, ヨシノ

[1365/1424] 花立公園の桜 (1品種)
  → +10: 牡丹, ヤマザクラ, ヨシノ, 河津桜, 磨桜

[1366/1424] 西都原古墳群の桜 (1品種)
  → 変化なし

[1367/1424] 綾の照葉大吊橋の桜 (1品種)
  → +6: 彼岸桜, 牡丹, ヨシノ, 御衣黄, 河津桜

[1368/1424] 遠見山森林公園の桜 (1品種)
  → +6: 彼岸桜, 牡丹, ヨシノ, 御衣黄, 河津桜

[1369/1424] 天岩戸の湯の桜 (1品種)
  → +9: 牡丹, ヤマザクラ, 河津桜, 磨桜, 彼岸桜

[1370/1424] 浄専寺のしだれ桜 (1品種)
  → 変化なし

[1371/1424] 原田家のしだれ桜 (1品種)
  → +7: 彼岸桜, 牡丹, ヨシノ, 染井吉野, 御衣黄

[1372/1424] 国指定名勝 仙巌園の桜 (2品種)
  → +8: 緋桜, 牡丹, 枝垂桜, ヤマザクラ, ヨシノ

[1373/1424] 魚見岳の桜 (1品種)
  → +6: 彼岸桜, 牡丹, ヨシノ, 御衣黄, 河津桜

[1374/1424] 寺山いこいの広場の桜 (1品種)
  → +8: 彼岸桜, 牡丹, 枝垂桜, ヨシノ, クラマ

[1375/1424] 霧島神宮の桜 (2品種)
  → 変化なし

[1376/1424] 霧島神話の里公園の桜 (1品種)
  → 変化なし

[1377/1424] 忠元公園の桜 (1品種)
  → +9: 牡丹, 江戸彼岸桜, 河津桜, クラマ, 彼岸桜

[1378/1424] 高岡公園の桜 (1品種)
  → 変化なし

[1379/1424] 花瀬自然公園の桜 (1品種)
  → +8: 彼岸桜, 牡丹, 枝垂桜, ヨシノ, クラマ

[1380/1424] 名護城(なんぐすく)公園の桜 (1品種)
  → +7: 緋桜, 彼岸桜, 牡丹, ヨシノ, 染井吉野
  [保存中... 1380件処理済み]

[1381/1424] 今帰仁城跡の桜 (1品種)
  → +7: 緋桜, 彼岸桜, 牡丹, ヨシノ, 染井吉野

[1382/1424] もとぶ八重岳一帯の桜 (1品種)
  → +7: 彼岸桜, 琉球寒緋桜, 牡丹, ヨシノ, 染井吉野

[1383/1424] 八重瀬公園の桜 (1品種)
  → +6: 彼岸桜, 牡丹, ヨシノ, 染井吉野, 御衣黄

[1384/1424] 皇居東御苑 (2品種)
  → 変化なし

[1385/1424] 県立七沢森林公園 (1品種)
  → 変化なし

[1386/1424] 熱海糸川 (2品種)
  → 変化なし

[1387/1424] 河津桜まつり会場 (3品種)
  → 変化なし

[1388/1424] 三浦海岸 (2品種)
  → +5: カンヒザクラ, ヨシノ, アメリカ, 染井吉野, クラマ

[1389/1424] 松田山ハーブガーデン (2品種)
  → 変化なし

[1390/1424] 大船フラワーセンター (2品種)
  → +3: ヨシノ, 染井吉野, 牡丹

[1391/1424] 座間市芹沢公園 (2品種)
  → 変化なし

[1392/1424] 夢の島公園 (3品種)
  → +1: 武蔵野

[1393/1424] 八景島シーパラダイス周辺 (3品種)
  → 変化なし

[1394/1424] 小石川植物園 (1品種)
  → 変化なし

[1395/1424] 相模原公園 (20品種)
  → +2: 緋桜, 玉縄桜

[1396/1424] 横浜公園・日本大通り (1品種)
  → 変化なし

[1397/1424] 横浜市こども自然公園 (1品種)
  → 変化なし

[1398/1424] 染井霊園 (1品種)
  → +7: 春日井, 吉祥寺, 関山, 牡丹, 水上

[1399/1424] 播磨坂桜並木 (1品種)
  → +1: ヨシノ

[1400/1424] 木場公園 (1品種)
  → +4: ヨシノ, 八千代, 河津桜, カンヒザクラ
  [保存中... 1400件処理済み]

[1401/1424] 等々力渓谷 (1品種)
  → +1: 吉祥寺

[1402/1424] 善福寺川緑地 (1品種)
  → +3: ヨシノ, 東京桜, 武蔵野

[1403/1424] 多磨霊園 (1品種)
  → +1: 牡丹

[1404/1424] 光が丘公園 (1品種)
  → 変化なし

[1405/1424] 武蔵一宮氷川神社参道 (1品種)
  → +4: 牡丹, 紅華, ウラワ, 十二単

[1406/1424] さきたま古墳公園 (1品種)
  → +6: 春日井, 吉祥寺, 関山, 牡丹, 水上

[1407/1424] 幸手権現堂桜堤 (1品種)
  → +3: クラマ, アメリカ, ヨシノ

[1408/1424] 武蔵丘陵森林公園 (2品種)
  → +7: 武蔵野, 磨桜, 枝垂桜, ヤマザクラ, ヨシノ

[1409/1424] 川越・喜多院 (2品種)
  → 変化なし

[1410/1424] 稲毛海浜公園 (1品種)
  → 変化なし

[1411/1424] 成田さくらの山 (3品種)
  → +7: 彼岸桜, 牡丹, 枝垂桜, ヨシノ, クラマ

[1412/1424] 印旛沼サイクリングロード桜並木 (1品種)
  → 変化なし

[1413/1424] 海老川ジョギングロード (1品種)
  → +2: ヨシノ, 紅華

[1414/1424] 奥多摩・御岳山 (1品種)
  → 変化なし

[1415/1424] 高尾山 (3品種)
  → 変化なし

[1416/1424] 神代植物公園 (4品種)
  → +2: 静香, 武蔵野

[1417/1424] 秦野戸川公園 (1品種)
  → +2: 牡丹, 河津桜

[1418/1424] 天覧山・多峯主山 (2品種)
  → +3: アメリカ, 関山, 武蔵野

[1419/1424] 長瀞・北桜通り (1品種)
  → 変化なし

[1420/1424] 宝登山 (1品種)
  → 変化なし
  [保存中... 1420件処理済み]

[1421/1424] 城峯公園 (1品種)
  → +4: ヨシノ, 染井吉野, 十月桜, ウミネコ

[1422/1424] 妙義山さくらの里 (1品種)
  → +12: 関山, 牡丹, 普賢象, オオヤマザクラ, 磨桜

[1423/1424] 多摩森林科学園 (19品種)
  → +5: 手弱女, 思川, ヨシノ, 十月桜, 磨桜

[1424/1424] 伊佐沢の久保桜 (1品種)
  → +6: 春日井, 吉祥寺, 関山, 牡丹, 水上

[最終保存中...]
=== 桜スポット品種深掘り検索 v2 サマリー ===

Total spots processed: 1424
Pages fetched: 4100 (failures: 775)

Before: avg 2.5 varieties/spot
After:  avg 9.5 varieties/spot

Spots improved: 1314

Top improvements (added varieties):
  天都山桜公園の桜: 2 → 407品種
  樽見の大桜: 1 → 75品種
  東福寺塔頭 光明院の桜: 1 → 48品種
  こうべアグリパーク(旧 農業公園)の桜: 1 → 48品種
  城南宮 神苑 楽水苑の桜: 2 → 47品種
  慈光山歴史公苑の桜: 4 → 35品種
  大仙公園の桜: 3 → 32品種
  長浜公園の桜: 1 → 25品種
  薬師ザクラ: 2 → 22品種
  原間のイトザクラ: 1 → 20品種

完了!
